16:04:53 | INFO | 
16:04:53 | INFO | ============================================================
16:04:53 | INFO |                  PIPELINE CONFIGURATION
16:04:53 | INFO | ============================================================
16:04:53 | INFO | Mode: patcher
16:04:53 | INFO | Scenario name: georef_ALL_traj_outage_1
16:04:53 | INFO | 
16:04:53 | INFO | Trajectory:
16:04:53 | INFO |    Path: /media/b085164/Elements/CALIB_26_02_25/ODyN_calib/Outage_1_305120_305700/traj_outage/outage_1.out
16:04:53 | INFO |    Type: SBET
16:04:53 | INFO | 
16:04:53 | INFO | Distance filtering:
16:04:53 | INFO |    enable: True
16:04:53 | INFO |    max_distance_m: 30
16:04:53 | INFO |    map_epsg: EPSG:2056
16:04:53 | INFO |    filter_trj: None
16:04:53 | INFO | 
16:04:53 | INFO | Scanners:
16:04:53 | INFO |    ha_cfg: navtools_PDM/PDM_configs/scanner_HA.yml  (scanner_name=HA)
16:04:53 | INFO |    lr_cfg: navtools_PDM/PDM_configs/scanner_LR.yml  (scanner_name=LR)
16:04:53 | INFO |    puck_cfg: navtools_PDM/PDM_configs/scanner_PUCK.yml  (scanner_name=PUCK)
16:04:53 | INFO | 
16:04:53 | INFO | Paths:
16:04:53 | INFO |    root_out_dir: /media/b085164/Elements/CALIB_26_02_25
16:04:53 | INFO |    patcher_cfg: Patcher/config/MLS_Epalinges_config.yml
16:04:53 | INFO |    limatch_cfg: Patcher/submodules/limatch/configs/MLS.yml
16:04:53 | INFO |    gps_input: /media/b085164/Elements/CALIB_26_02_25/ODyN_calib/base_v0/in/GPS.txt
16:04:53 | INFO | 
16:04:53 | INFO | Steps:
16:04:53 | INFO |    georef: False
16:04:53 | INFO |    merge: False
16:04:53 | INFO |    chunk: False
16:04:53 | INFO |    limatch: True
16:04:53 | INFO |    gps_outage_file: False
16:04:53 | INFO | 
16:04:53 | INFO | Merge:
16:04:53 | INFO |    out_prefix: merged_
16:04:53 | INFO |    out_suffix: _HA_LR
16:04:53 | INFO | 
16:04:53 | INFO | VUX+PUCK merge:
16:04:53 | INFO |    enabled: False
16:04:53 | INFO |    name: ALL
16:04:53 | INFO |    vux_group: HA_LR
16:04:53 | INFO |    puck_scanner: puck_cfg
16:04:53 | INFO |    output_dir: /media/b085164/Elements/CALIB_26_02_25/georef_ALL_traj_ODyN/merged
16:04:53 | INFO |    manifest_path: None
16:04:53 | INFO |    output_suffix: _VUX_PUCK
16:04:53 | INFO |    scanner_src_vux: 2
16:04:53 | INFO |    scanner_src_puck: 1
16:04:53 | INFO |    chunk_size: 10000000
16:04:53 | INFO | 
16:04:53 | INFO | Chunk:
16:04:53 | INFO |    source: generate
16:04:53 | INFO |    merged_input_root: /media/b085164/Elements/CALIB_26_02_25/georef_ALL_traj_ODyN/merged
16:04:53 | INFO |    reference_scanner: HA
16:04:53 | INFO |    output_root: None
16:04:53 | INFO |    length_m: 15.0
16:04:53 | INFO |    min_last_chunk_m: 10.0
16:04:53 | INFO |    min_points: 2000
16:04:53 | INFO |    epsg_out: EPSG:2056
16:04:53 | INFO |    delimiter: ,
16:04:53 | INFO |    skiprows: 0
16:04:53 | INFO |    cloud_fmt: las
16:04:53 | INFO |    time_field: gps_time
16:04:53 | INFO |    manifest_name: merged_manifest.csv
16:04:53 | INFO |    use_manifest: True
16:04:53 | INFO | 
16:04:53 | INFO | Chunk variant:
16:04:53 | INFO |    type: outage_window
16:04:53 | INFO |    outage_window.enabled: True
16:04:53 | INFO |    outage_window.output_root: /media/b085164/Elements/CALIB_26_02_25/georef_ALL_traj_ODyN/chunks_v2
16:04:53 | INFO |    outage_window.outages: [[305120.0, 580.0]]
16:04:53 | INFO |    outage_window.pre_s: 10.0
16:04:53 | INFO |    outage_window.post_s: 10.0
16:04:53 | INFO | 
16:04:53 | INFO | LiMatch:
16:04:53 | INFO |    run: True
16:04:53 | INFO |    output_root: /media/b085164/Elements/CALIB_26_02_25/georef_ALL_traj_outage_1/Patcher/limatch_25m
16:04:53 | INFO |    neighbor_k: 1
16:04:53 | INFO |    do_cross_scan: False
16:04:53 | INFO |    do_spatial_crossings: False
16:04:53 | INFO |    crossings_output_root: /media/b085164/Elements/CALIB_26_02_25/georef_ALL_traj_ODyN/limatch_crossings_10
16:04:53 | INFO |    crossing_min_separation: 50
16:04:53 | INFO |    crossing_overlap_margin_m: 3.0
16:04:53 | INFO | 
16:04:53 | INFO | Merge correspondences:
16:04:53 | INFO |    enabled: True
16:04:53 | INFO |    output_file: None
16:04:53 | INFO | 
16:04:53 | INFO | Patcher:
16:04:53 | INFO |    run: True
16:04:53 | INFO |    source: existing
16:04:53 | INFO |    output_root: /media/b085164/Elements/CALIB_26_02_25/georef_ALL_traj_outage_1/Patcher/cropped/pairs_1
16:04:53 | INFO |    gps_outage_file:
16:04:53 | INFO |       enabled: False
16:04:53 | INFO |       output_root: /media/b085164/Elements/CALIB_26_02_25/georef_VUX_traj_ODyN/Patcher_long_outage/GPS_outage
16:04:53 | INFO |       outages: [[305120.0, 580.0]]
16:04:53 | INFO | ============================================================
16:04:53 | INFO | 
16:04:53 | INFO | [pipeline] Generating temporary georef configs...
16:04:53 | INFO |    scanner=HA | source=navtools_PDM/PDM_configs/scanner_HA.yml | generated=/media/b085164/Elements/CALIB_26_02_25/georef_ALL_traj_outage_1/tmp/generated_configs/georef_HA.generated.yml
16:04:53 | INFO |    scanner=LR | source=navtools_PDM/PDM_configs/scanner_LR.yml | generated=/media/b085164/Elements/CALIB_26_02_25/georef_ALL_traj_outage_1/tmp/generated_configs/georef_LR.generated.yml
16:04:53 | INFO |    scanner=PUCK | source=navtools_PDM/PDM_configs/scanner_PUCK.yml | generated=/media/b085164/Elements/CALIB_26_02_25/georef_ALL_traj_outage_1/tmp/generated_configs/georef_PUCK.generated.yml
16:04:53 | INFO | [pipeline] Temporary config generation done.
16:04:55 | INFO | Loading faiss with AVX2 support.
16:04:55 | INFO | Successfully loaded faiss with AVX2 support.
[16:04:55] INFO | Starting LiMatch pipeline...
16:04:55 | INFO | Starting LiMatch pipeline...
[16:04:55] INFO |   └─ Will save data at: /media/b085164/Elements/CALIB_26_02_25/georef_ALL_traj_outage_1/Patcher/limatch_25m/Flights_1_2/
16:04:55 | INFO |   └─ Will save data at: /media/b085164/Elements/CALIB_26_02_25/georef_ALL_traj_outage_1/Patcher/limatch_25m/Flights_1_2/
[16:04:55] INFO | Visualization set to False
16:04:55 | INFO | Visualization set to False
[16:04:55] INFO | [0/7] Model setup
16:04:55 | INFO | [0/7] Model setup
[16:04:55] INFO |   └─ Using CUDA for descriptor inference.
16:04:55 | INFO |   └─ Using CUDA for descriptor inference.
[16:04:56] INFO |   └─ Loading from: /home/b085164/PDM_Romain_Defferrard/ESO-PDM/Patcher/submodules/limatch/weights/model.pth
16:04:56 | INFO |   └─ Loading from: /home/b085164/PDM_Romain_Defferrard/ESO-PDM/Patcher/submodules/limatch/weights/model.pth
[16:04:56] INFO |   └─ Loaded nested checkpoint with key 'model'.
16:04:56 | INFO |   └─ Loaded nested checkpoint with key 'model'.
[16:04:56] INFO |   └─ Descriptor model successfully loaded and set to eval() mode.
16:04:56 | INFO |   └─ Descriptor model successfully loaded and set to eval() mode.
[16:04:56] INFO | [1/7] Preprocessing
16:04:56 | INFO | [1/7] Preprocessing
[16:04:56] INFO |   └─ Loading point clouds...
16:04:56 | INFO |   └─ Loading point clouds...
[16:05:32] INFO |   └─ Loaded laser vectors from LAS extra bytes: /media/b085164/Elements/CALIB_26_02_25/georef_ALL_traj_outage_1/Patcher/cropped/pairs_1/Flights_1_2/Patch_from_scan_1_with_2.las
16:05:32 | INFO |   └─ Loaded laser vectors from LAS extra bytes: /media/b085164/Elements/CALIB_26_02_25/georef_ALL_traj_outage_1/Patcher/cropped/pairs_1/Flights_1_2/Patch_from_scan_1_with_2.las
[16:07:06] INFO |   └─ Loaded laser vectors from LAS extra bytes: /media/b085164/Elements/CALIB_26_02_25/georef_ALL_traj_outage_1/Patcher/cropped/pairs_1/Flights_1_2/Patch_from_scan_2_with_1.las
16:07:06 | INFO |   └─ Loaded laser vectors from LAS extra bytes: /media/b085164/Elements/CALIB_26_02_25/georef_ALL_traj_outage_1/Patcher/cropped/pairs_1/Flights_1_2/Patch_from_scan_2_with_1.las
[16:07:45] INFO |   └─ Tiling with size 25x25...
16:07:45 | INFO |   └─ Tiling with size 25x25...
[16:35:01] INFO |   └─ Shifting point clouds toward origin...
16:35:01 | INFO |   └─ Shifting point clouds toward origin...
[16:35:01] INFO |       └─ [2543220.19 1157589.59     917.86] m...
16:35:01 | INFO |       └─ [2543220.19 1157589.59     917.86] m...
[16:35:01] INFO |       └─ (Coordinates shifted back at export)
16:35:01 | INFO |       └─ (Coordinates shifted back at export)
[16:36:09] INFO |   └─ Generated 149 valid tiles.
16:36:09 | INFO |   └─ Generated 149 valid tiles.
[16:36:10] INFO |   └─ Applying voxelization with size 0.025 m...
16:36:10 | INFO |   └─ Applying voxelization with size 0.025 m...
[16:37:22] INFO |       └─ voxelized from 103208022 to 57672866 pts (55.88%)
16:37:22 | INFO |       └─ voxelized from 103208022 to 57672866 pts (55.88%)
[16:38:51] INFO |       └─ voxelized from 104464880 to 56572349 pts (54.15%)
16:38:51 | INFO |       └─ voxelized from 104464880 to 56572349 pts (54.15%)
[16:39:11] INFO | [2/7] Keypoint detection
16:39:11 | INFO | [2/7] Keypoint detection
[16:41:40] INFO |   └─ Downsampling keypoints to max 25000 points...
16:41:40 | INFO |   └─ Downsampling keypoints to max 25000 points...
[16:41:40] INFO |   └─ Pre-downsample keypoints number: 952374
16:41:40 | INFO |   └─ Pre-downsample keypoints number: 952374
[16:41:40] INFO |   └─ Filtering keypoints to 25000 per tile...
16:41:40 | INFO |   └─ Filtering keypoints to 25000 per tile...
[16:41:41] INFO |   └─ Pre-downsample keypoints number: 969278
16:41:41 | INFO |   └─ Pre-downsample keypoints number: 969278
[16:41:41] INFO |   └─ Filtering keypoints to 25000 per tile...
16:41:41 | INFO |   └─ Filtering keypoints to 25000 per tile...
[16:41:42] INFO |   └─ Deleting kpts without candidate in radius 2*1.5m...
16:41:42 | INFO |   └─ Deleting kpts without candidate in radius 2*1.5m...
[16:41:42] INFO |       └─ 845463 keypoints kept (89.00%) 
16:41:42 | INFO |       └─ 845463 keypoints kept (89.00%) 
[16:41:42] INFO |       └─ 837497 keypoints kept (88.49%) 
16:41:42 | INFO |       └─ 837497 keypoints kept (88.49%) 
[16:41:42] INFO | [3/7] Description
16:41:42 | INFO | [3/7] Description
[16:41:42] INFO |   └─ Computing descriptors for Tile A...
16:41:42 | INFO |   └─ Computing descriptors for Tile A...
[16:41:42] INFO |       └─ batch 1/17...
16:41:42 | INFO |       └─ batch 1/17...
[16:41:55] INFO |       └─ batch 2/17...
16:41:55 | INFO |       └─ batch 2/17...
[16:42:06] INFO |       └─ batch 3/17...
16:42:06 | INFO |       └─ batch 3/17...
[16:42:18] INFO |       └─ batch 4/17...
16:42:18 | INFO |       └─ batch 4/17...
[16:42:30] INFO |       └─ batch 5/17...
16:42:30 | INFO |       └─ batch 5/17...
[16:42:43] INFO |       └─ batch 6/17...
16:42:43 | INFO |       └─ batch 6/17...
[16:42:55] INFO |       └─ batch 7/17...
16:42:55 | INFO |       └─ batch 7/17...
[16:43:08] INFO |       └─ batch 8/17...
16:43:08 | INFO |       └─ batch 8/17...
[16:43:22] INFO |       └─ batch 9/17...
16:43:22 | INFO |       └─ batch 9/17...
[16:43:37] INFO |       └─ batch 10/17...
16:43:37 | INFO |       └─ batch 10/17...
[16:43:50] INFO |       └─ batch 11/17...
16:43:50 | INFO |       └─ batch 11/17...
[16:44:04] INFO |       └─ batch 12/17...
16:44:04 | INFO |       └─ batch 12/17...
[16:44:16] INFO |       └─ batch 13/17...
16:44:16 | INFO |       └─ batch 13/17...
[16:44:30] INFO |       └─ batch 14/17...
16:44:30 | INFO |       └─ batch 14/17...
[16:44:44] INFO |       └─ batch 15/17...
16:44:44 | INFO |       └─ batch 15/17...
[16:44:59] INFO |       └─ batch 16/17...
16:44:59 | INFO |       └─ batch 16/17...
[16:45:13] INFO |       └─ batch 17/17...
16:45:13 | INFO |       └─ batch 17/17...
[16:45:25] INFO |   └─ Computing descriptors for Tile B...
16:45:25 | INFO |   └─ Computing descriptors for Tile B...
[16:45:25] INFO |       └─ batch 1/17...
16:45:25 | INFO |       └─ batch 1/17...
[16:45:38] INFO |       └─ batch 2/17...
16:45:38 | INFO |       └─ batch 2/17...
[16:45:51] INFO |       └─ batch 3/17...
16:45:51 | INFO |       └─ batch 3/17...
[16:46:04] INFO |       └─ batch 4/17...
16:46:04 | INFO |       └─ batch 4/17...
[16:46:16] INFO |       └─ batch 5/17...
16:46:16 | INFO |       └─ batch 5/17...
[16:46:30] INFO |       └─ batch 6/17...
16:46:30 | INFO |       └─ batch 6/17...
[16:46:44] INFO |       └─ batch 7/17...
16:46:44 | INFO |       └─ batch 7/17...
[16:46:59] INFO |       └─ batch 8/17...
16:46:59 | INFO |       └─ batch 8/17...
[16:47:13] INFO |       └─ batch 9/17...
16:47:13 | INFO |       └─ batch 9/17...
[16:47:27] INFO |       └─ batch 10/17...
16:47:27 | INFO |       └─ batch 10/17...
[16:47:42] INFO |       └─ batch 11/17...
16:47:42 | INFO |       └─ batch 11/17...
[16:47:56] INFO |       └─ batch 12/17...
16:47:56 | INFO |       └─ batch 12/17...
[16:48:09] INFO |       └─ batch 13/17...
16:48:09 | INFO |       └─ batch 13/17...
[16:48:22] INFO |       └─ batch 14/17...
16:48:22 | INFO |       └─ batch 14/17...
[16:48:35] INFO |       └─ batch 15/17...
16:48:35 | INFO |       └─ batch 15/17...
[16:48:47] INFO |       └─ batch 16/17...
16:48:47 | INFO |       └─ batch 16/17...
[16:49:00] INFO |       └─ batch 17/17...
16:49:00 | INFO |       └─ batch 17/17...
[16:49:09] INFO | [4/7] Matching
16:49:09 | INFO | [4/7] Matching
[16:51:58] INFO |   └─ Applying reciprocity test...
16:51:58 | INFO |   └─ Applying reciprocity test...
[16:51:58] INFO |   └─ Keeping 33.89% reciprocal matches
16:51:58 | INFO |   └─ Keeping 33.89% reciprocal matches
[16:51:58] INFO | [5/7] RANSAC filtering
16:51:58 | INFO | [5/7] RANSAC filtering
[16:51:59] INFO |   └─ WARNING Tile 1: only 6 inliers < 50, deleting...
16:51:59 | INFO |   └─ WARNING Tile 1: only 6 inliers < 50, deleting...
[16:51:59] INFO |   └─ WARNING Tile 2: only 4 inliers < 50, deleting...
16:51:59 | INFO |   └─ WARNING Tile 2: only 4 inliers < 50, deleting...
[16:51:59] INFO |   └─ WARNING Tile 3: only 1 inliers < 50, deleting...
16:51:59 | INFO |   └─ WARNING Tile 3: only 1 inliers < 50, deleting...
[16:51:59] INFO |   └─ WARNING Tile 4: only 1 inliers < 50, deleting...
16:51:59 | INFO |   └─ WARNING Tile 4: only 1 inliers < 50, deleting...
[16:51:59] INFO |   └─ WARNING Tile 5: only 29 inliers < 50, deleting...
16:51:59 | INFO |   └─ WARNING Tile 5: only 29 inliers < 50, deleting...
[16:51:59] INFO |   └─ WARNING Tile 6: only 0 inliers < 50, deleting...
16:51:59 | INFO |   └─ WARNING Tile 6: only 0 inliers < 50, deleting...
[16:51:59] INFO |   └─ WARNING Tile 7: only 0 inliers < 50, deleting...
16:51:59 | INFO |   └─ WARNING Tile 7: only 0 inliers < 50, deleting...
[16:51:59] INFO |   └─ WARNING Tile 8: only 1 inliers < 50, deleting...
16:51:59 | INFO |   └─ WARNING Tile 8: only 1 inliers < 50, deleting...
[16:51:59] INFO |   └─ WARNING Tile 9: only 1 inliers < 50, deleting...
16:51:59 | INFO |   └─ WARNING Tile 9: only 1 inliers < 50, deleting...
[16:51:59] INFO |   └─ WARNING Tile 10: only 4 inliers < 50, deleting...
16:51:59 | INFO |   └─ WARNING Tile 10: only 4 inliers < 50, deleting...
[16:51:59] INFO |   └─ WARNING Tile 11: only 15 inliers < 50, deleting...
16:51:59 | INFO |   └─ WARNING Tile 11: only 15 inliers < 50, deleting...
[16:51:59] INFO |   └─ Tile 12: keeping 30.77%
16:51:59 | INFO |   └─ Tile 12: keeping 30.77%
[16:51:59] INFO |   └─ WARNING: This tile's RANSAC failed.
16:51:59 | INFO |   └─ WARNING: This tile's RANSAC failed.
[16:51:59] INFO |   └─ WARNING Tile 13: only 0 inliers < 50, deleting...
16:51:59 | INFO |   └─ WARNING Tile 13: only 0 inliers < 50, deleting...
[16:51:59] INFO |   └─ WARNING Tile 14: only 48 inliers < 50, deleting...
16:51:59 | INFO |   └─ WARNING Tile 14: only 48 inliers < 50, deleting...
[16:51:59] INFO |   └─ WARNING Tile 15: only 31 inliers < 50, deleting...
16:51:59 | INFO |   └─ WARNING Tile 15: only 31 inliers < 50, deleting...
[16:51:59] INFO |   └─ WARNING Tile 16: only 15 inliers < 50, deleting...
16:51:59 | INFO |   └─ WARNING Tile 16: only 15 inliers < 50, deleting...
[16:51:59] INFO |   └─ WARNING: This tile's RANSAC failed.
16:51:59 | INFO |   └─ WARNING: This tile's RANSAC failed.
[16:51:59] INFO |   └─ WARNING Tile 17: only 0 inliers < 50, deleting...
16:51:59 | INFO |   └─ WARNING Tile 17: only 0 inliers < 50, deleting...
[16:51:59] INFO |   └─ WARNING Tile 18: only 5 inliers < 50, deleting...
16:51:59 | INFO |   └─ WARNING Tile 18: only 5 inliers < 50, deleting...
[16:51:59] INFO |   └─ WARNING Tile 19: only 13 inliers < 50, deleting...
16:51:59 | INFO |   └─ WARNING Tile 19: only 13 inliers < 50, deleting...
[16:51:59] INFO |   └─ WARNING Tile 20: only 1 inliers < 50, deleting...
16:51:59 | INFO |   └─ WARNING Tile 20: only 1 inliers < 50, deleting...
[16:51:59] INFO |   └─ Tile 21: keeping 44.52%
16:51:59 | INFO |   └─ Tile 21: keeping 44.52%
[16:51:59] INFO |   └─ Tile 22: keeping 52.94%
16:51:59 | INFO |   └─ Tile 22: keeping 52.94%
[16:51:59] INFO |   └─ Tile 23: keeping 83.99%
16:51:59 | INFO |   └─ Tile 23: keeping 83.99%
[16:51:59] INFO |   └─ Tile 24: keeping 73.07%
16:51:59 | INFO |   └─ Tile 24: keeping 73.07%
[16:51:59] INFO |   └─ Tile 25: keeping 85.74%
16:51:59 | INFO |   └─ Tile 25: keeping 85.74%
[16:51:59] INFO |   └─ Tile 26: keeping 74.38%
16:51:59 | INFO |   └─ Tile 26: keeping 74.38%
[16:51:59] INFO |   └─ Tile 27: keeping 89.83%
16:51:59 | INFO |   └─ Tile 27: keeping 89.83%
[16:51:59] INFO |   └─ Tile 28: keeping 88.45%
16:51:59 | INFO |   └─ Tile 28: keeping 88.45%
[16:51:59] INFO |   └─ Tile 29: keeping 83.74%
16:51:59 | INFO |   └─ Tile 29: keeping 83.74%
[16:51:59] INFO |   └─ Tile 30: keeping 72.68%
16:51:59 | INFO |   └─ Tile 30: keeping 72.68%
[16:51:59] INFO |   └─ Tile 31: keeping 85.21%
16:51:59 | INFO |   └─ Tile 31: keeping 85.21%
[16:51:59] INFO |   └─ WARNING Tile 32: only 0 inliers < 50, deleting...
16:51:59 | INFO |   └─ WARNING Tile 32: only 0 inliers < 50, deleting...
[16:51:59] INFO |   └─ Tile 33: keeping 74.60%
16:51:59 | INFO |   └─ Tile 33: keeping 74.60%
[16:51:59] INFO |   └─ Tile 34: keeping 89.63%
16:51:59 | INFO |   └─ Tile 34: keeping 89.63%
[16:51:59] INFO |   └─ Tile 35: keeping 88.40%
16:51:59 | INFO |   └─ Tile 35: keeping 88.40%
[16:51:59] INFO |   └─ Tile 36: keeping 73.73%
16:51:59 | INFO |   └─ Tile 36: keeping 73.73%
[16:51:59] INFO |   └─ Tile 37: keeping 67.54%
16:51:59 | INFO |   └─ Tile 37: keeping 67.54%
[16:51:59] INFO |   └─ Tile 38: keeping 86.76%
16:51:59 | INFO |   └─ Tile 38: keeping 86.76%
[16:51:59] INFO |   └─ Tile 39: keeping 70.67%
16:51:59 | INFO |   └─ Tile 39: keeping 70.67%
[16:51:59] INFO |   └─ Tile 40: keeping 88.37%
16:51:59 | INFO |   └─ Tile 40: keeping 88.37%
[16:51:59] INFO |   └─ Tile 41: keeping 87.33%
16:51:59 | INFO |   └─ Tile 41: keeping 87.33%
[16:51:59] INFO |   └─ Tile 42: keeping 78.02%
16:51:59 | INFO |   └─ Tile 42: keeping 78.02%
[16:51:59] INFO |   └─ Tile 43: keeping 84.01%
16:51:59 | INFO |   └─ Tile 43: keeping 84.01%
[16:51:59] INFO |   └─ Tile 44: keeping 87.10%
16:51:59 | INFO |   └─ Tile 44: keeping 87.10%
[16:51:59] INFO |   └─ Tile 45: keeping 56.25%
16:51:59 | INFO |   └─ Tile 45: keeping 56.25%
[16:51:59] INFO |   └─ Tile 46: keeping 66.04%
16:51:59 | INFO |   └─ Tile 46: keeping 66.04%
[16:51:59] INFO |   └─ Tile 47: keeping 87.54%
16:51:59 | INFO |   └─ Tile 47: keeping 87.54%
[16:51:59] INFO |   └─ Tile 48: keeping 87.00%
16:51:59 | INFO |   └─ Tile 48: keeping 87.00%
[16:51:59] INFO |   └─ WARNING Tile 49: only 3 inliers < 50, deleting...
16:51:59 | INFO |   └─ WARNING Tile 49: only 3 inliers < 50, deleting...
[16:51:59] INFO |   └─ Tile 50: keeping 56.85%
16:51:59 | INFO |   └─ Tile 50: keeping 56.85%
[16:51:59] INFO |   └─ Tile 51: keeping 83.89%
16:51:59 | INFO |   └─ Tile 51: keeping 83.89%
[16:51:59] INFO |   └─ WARNING Tile 52: only 0 inliers < 50, deleting...
16:51:59 | INFO |   └─ WARNING Tile 52: only 0 inliers < 50, deleting...
[16:51:59] INFO |   └─ Tile 53: keeping 73.37%
16:51:59 | INFO |   └─ Tile 53: keeping 73.37%
[16:51:59] INFO |   └─ Tile 54: keeping 85.39%
16:51:59 | INFO |   └─ Tile 54: keeping 85.39%
[16:51:59] INFO |   └─ Tile 55: keeping 82.74%
16:51:59 | INFO |   └─ Tile 55: keeping 82.74%
[16:51:59] INFO |   └─ Tile 56: keeping 36.05%
16:51:59 | INFO |   └─ Tile 56: keeping 36.05%
[16:51:59] INFO |   └─ Tile 57: keeping 61.63%
16:51:59 | INFO |   └─ Tile 57: keeping 61.63%
[16:51:59] INFO |   └─ Tile 58: keeping 83.70%
16:51:59 | INFO |   └─ Tile 58: keeping 83.70%
[16:51:59] INFO |   └─ WARNING: This tile's RANSAC failed.
16:51:59 | INFO |   └─ WARNING: This tile's RANSAC failed.
[16:51:59] INFO |   └─ WARNING Tile 59: only 0 inliers < 50, deleting...
16:51:59 | INFO |   └─ WARNING Tile 59: only 0 inliers < 50, deleting...
[16:51:59] INFO |   └─ Tile 60: keeping 76.64%
16:51:59 | INFO |   └─ Tile 60: keeping 76.64%
[16:51:59] INFO |   └─ Tile 61: keeping 80.84%
16:51:59 | INFO |   └─ Tile 61: keeping 80.84%
[16:51:59] INFO |   └─ Tile 62: keeping 79.17%
16:51:59 | INFO |   └─ Tile 62: keeping 79.17%
[16:51:59] INFO |   └─ Tile 63: keeping 83.22%
16:51:59 | INFO |   └─ Tile 63: keeping 83.22%
[16:51:59] INFO |   └─ Tile 64: keeping 82.49%
16:51:59 | INFO |   └─ Tile 64: keeping 82.49%
[16:51:59] INFO |   └─ Tile 65: keeping 83.47%
16:51:59 | INFO |   └─ Tile 65: keeping 83.47%
[16:51:59] INFO |   └─ WARNING Tile 66: only 5 inliers < 50, deleting...
16:51:59 | INFO |   └─ WARNING Tile 66: only 5 inliers < 50, deleting...
[16:51:59] INFO |   └─ Tile 67: keeping 76.83%
16:51:59 | INFO |   └─ Tile 67: keeping 76.83%
[16:51:59] INFO |   └─ Tile 68: keeping 83.50%
16:51:59 | INFO |   └─ Tile 68: keeping 83.50%
[16:51:59] INFO |   └─ Tile 69: keeping 85.50%
16:51:59 | INFO |   └─ Tile 69: keeping 85.50%
[16:51:59] INFO |   └─ Tile 70: keeping 90.58%
16:51:59 | INFO |   └─ Tile 70: keeping 90.58%
[16:51:59] INFO |   └─ Tile 71: keeping 72.07%
16:51:59 | INFO |   └─ Tile 71: keeping 72.07%
[16:51:59] INFO |   └─ Tile 72: keeping 83.85%
16:51:59 | INFO |   └─ Tile 72: keeping 83.85%
[16:51:59] INFO |   └─ WARNING Tile 73: only 0 inliers < 50, deleting...
16:51:59 | INFO |   └─ WARNING Tile 73: only 0 inliers < 50, deleting...
[16:51:59] INFO |   └─ WARNING Tile 74: only 0 inliers < 50, deleting...
16:51:59 | INFO |   └─ WARNING Tile 74: only 0 inliers < 50, deleting...
[16:51:59] INFO |   └─ Tile 75: keeping 86.29%
16:51:59 | INFO |   └─ Tile 75: keeping 86.29%
[16:51:59] INFO |   └─ Tile 76: keeping 81.01%
16:51:59 | INFO |   └─ Tile 76: keeping 81.01%
[16:51:59] INFO |   └─ Tile 77: keeping 82.83%
16:51:59 | INFO |   └─ Tile 77: keeping 82.83%
[16:51:59] INFO |   └─ Tile 78: keeping 82.24%
16:51:59 | INFO |   └─ Tile 78: keeping 82.24%
[16:51:59] INFO |   └─ Tile 79: keeping 42.03%
16:51:59 | INFO |   └─ Tile 79: keeping 42.03%
[16:51:59] INFO |   └─ Tile 80: keeping 81.23%
16:51:59 | INFO |   └─ Tile 80: keeping 81.23%
[16:51:59] INFO |   └─ Tile 81: keeping 63.27%
16:51:59 | INFO |   └─ Tile 81: keeping 63.27%
[16:51:59] INFO |   └─ Tile 82: keeping 59.58%
16:51:59 | INFO |   └─ Tile 82: keeping 59.58%
[16:51:59] INFO |   └─ Tile 83: keeping 81.03%
16:51:59 | INFO |   └─ Tile 83: keeping 81.03%
[16:51:59] INFO |   └─ Tile 84: keeping 90.97%
16:51:59 | INFO |   └─ Tile 84: keeping 90.97%
[16:51:59] INFO |   └─ WARNING Tile 85: only 32 inliers < 50, deleting...
16:51:59 | INFO |   └─ WARNING Tile 85: only 32 inliers < 50, deleting...
[16:51:59] INFO |   └─ WARNING Tile 86: only 1 inliers < 50, deleting...
16:51:59 | INFO |   └─ WARNING Tile 86: only 1 inliers < 50, deleting...
[16:51:59] INFO |   └─ Tile 87: keeping 85.25%
16:51:59 | INFO |   └─ Tile 87: keeping 85.25%
[16:51:59] INFO |   └─ Tile 88: keeping 86.20%
16:51:59 | INFO |   └─ Tile 88: keeping 86.20%
[16:51:59] INFO |   └─ WARNING Tile 89: only 0 inliers < 50, deleting...
16:51:59 | INFO |   └─ WARNING Tile 89: only 0 inliers < 50, deleting...
[16:51:59] INFO |   └─ Tile 90: keeping 55.99%
16:51:59 | INFO |   └─ Tile 90: keeping 55.99%
[16:51:59] INFO |   └─ Tile 91: keeping 84.70%
16:51:59 | INFO |   └─ Tile 91: keeping 84.70%
[16:51:59] INFO |   └─ Tile 92: keeping 78.93%
16:51:59 | INFO |   └─ Tile 92: keeping 78.93%
[16:51:59] INFO |   └─ Tile 93: keeping 43.24%
16:51:59 | INFO |   └─ Tile 93: keeping 43.24%
[16:51:59] INFO |   └─ WARNING Tile 94: only 8 inliers < 50, deleting...
16:51:59 | INFO |   └─ WARNING Tile 94: only 8 inliers < 50, deleting...
[16:51:59] INFO |   └─ Tile 95: keeping 83.16%
16:51:59 | INFO |   └─ Tile 95: keeping 83.16%
[16:51:59] INFO |   └─ WARNING Tile 96: only 0 inliers < 50, deleting...
16:51:59 | INFO |   └─ WARNING Tile 96: only 0 inliers < 50, deleting...
[16:51:59] INFO |   └─ Tile 97: keeping 73.42%
16:51:59 | INFO |   └─ Tile 97: keeping 73.42%
[16:52:00] INFO |   └─ Tile 98: keeping 70.10%
16:52:00 | INFO |   └─ Tile 98: keeping 70.10%
[16:52:00] INFO |   └─ Tile 99: keeping 82.03%
16:52:00 | INFO |   └─ Tile 99: keeping 82.03%
[16:52:00] INFO |   └─ WARNING: This tile's RANSAC failed.
16:52:00 | INFO |   └─ WARNING: This tile's RANSAC failed.
[16:52:00] INFO |   └─ WARNING Tile 100: only 0 inliers < 50, deleting...
16:52:00 | INFO |   └─ WARNING Tile 100: only 0 inliers < 50, deleting...
[16:52:00] INFO |   └─ Tile 101: keeping 71.10%
16:52:00 | INFO |   └─ Tile 101: keeping 71.10%
[16:52:00] INFO |   └─ Tile 102: keeping 81.53%
16:52:00 | INFO |   └─ Tile 102: keeping 81.53%
[16:52:00] INFO |   └─ WARNING Tile 103: only 10 inliers < 50, deleting...
16:52:00 | INFO |   └─ WARNING Tile 103: only 10 inliers < 50, deleting...
[16:52:00] INFO |   └─ Tile 104: keeping 57.00%
16:52:00 | INFO |   └─ Tile 104: keeping 57.00%
[16:52:00] INFO |   └─ Tile 105: keeping 75.64%
16:52:00 | INFO |   └─ Tile 105: keeping 75.64%
[16:52:00] INFO |   └─ Tile 106: keeping 25.23%
16:52:00 | INFO |   └─ Tile 106: keeping 25.23%
[16:52:00] INFO |   └─ Tile 107: keeping 58.04%
16:52:00 | INFO |   └─ Tile 107: keeping 58.04%
[16:52:00] INFO |   └─ Tile 108: keeping 50.49%
16:52:00 | INFO |   └─ Tile 108: keeping 50.49%
[16:52:00] INFO |   └─ Tile 109: keeping 59.27%
16:52:00 | INFO |   └─ Tile 109: keeping 59.27%
[16:52:00] INFO |   └─ WARNING Tile 110: only 17 inliers < 50, deleting...
16:52:00 | INFO |   └─ WARNING Tile 110: only 17 inliers < 50, deleting...
[16:52:00] INFO |   └─ WARNING Tile 111: only 13 inliers < 50, deleting...
16:52:00 | INFO |   └─ WARNING Tile 111: only 13 inliers < 50, deleting...
[16:52:00] INFO |   └─ Tile 112: keeping 62.15%
16:52:00 | INFO |   └─ Tile 112: keeping 62.15%
[16:52:00] INFO |   └─ Tile 113: keeping 69.07%
16:52:00 | INFO |   └─ Tile 113: keeping 69.07%
[16:52:00] INFO |   └─ WARNING Tile 114: only 14 inliers < 50, deleting...
16:52:00 | INFO |   └─ WARNING Tile 114: only 14 inliers < 50, deleting...
[16:52:00] INFO |   └─ Tile 115: keeping 83.05%
16:52:00 | INFO |   └─ Tile 115: keeping 83.05%
[16:52:00] INFO |   └─ Tile 116: keeping 77.30%
16:52:00 | INFO |   └─ Tile 116: keeping 77.30%
[16:52:00] INFO |   └─ WARNING Tile 117: only 5 inliers < 50, deleting...
16:52:00 | INFO |   └─ WARNING Tile 117: only 5 inliers < 50, deleting...
[16:52:00] INFO |   └─ Tile 118: keeping 84.29%
16:52:00 | INFO |   └─ Tile 118: keeping 84.29%
[16:52:00] INFO |   └─ Tile 119: keeping 83.93%
16:52:00 | INFO |   └─ Tile 119: keeping 83.93%
[16:52:00] INFO |   └─ WARNING Tile 120: only 3 inliers < 50, deleting...
16:52:00 | INFO |   └─ WARNING Tile 120: only 3 inliers < 50, deleting...
[16:52:00] INFO |   └─ WARNING Tile 121: only 0 inliers < 50, deleting...
16:52:00 | INFO |   └─ WARNING Tile 121: only 0 inliers < 50, deleting...
[16:52:00] INFO |   └─ Tile 122: keeping 85.81%
16:52:00 | INFO |   └─ Tile 122: keeping 85.81%
[16:52:00] INFO |   └─ Tile 123: keeping 85.50%
16:52:00 | INFO |   └─ Tile 123: keeping 85.50%
[16:52:00] INFO |   └─ WARNING Tile 124: only 4 inliers < 50, deleting...
16:52:00 | INFO |   └─ WARNING Tile 124: only 4 inliers < 50, deleting...
[16:52:00] INFO |   └─ WARNING Tile 125: only 0 inliers < 50, deleting...
16:52:00 | INFO |   └─ WARNING Tile 125: only 0 inliers < 50, deleting...
[16:52:00] INFO |   └─ Tile 126: keeping 86.97%
16:52:00 | INFO |   └─ Tile 126: keeping 86.97%
[16:52:00] INFO |   └─ WARNING Tile 127: only 14 inliers < 50, deleting...
16:52:00 | INFO |   └─ WARNING Tile 127: only 14 inliers < 50, deleting...
[16:52:00] INFO |   └─ Tile 128: keeping 86.63%
16:52:00 | INFO |   └─ Tile 128: keeping 86.63%
[16:52:00] INFO |   └─ Tile 129: keeping 85.65%
16:52:00 | INFO |   └─ Tile 129: keeping 85.65%
[16:52:00] INFO |   └─ WARNING: This tile's RANSAC failed.
16:52:00 | INFO |   └─ WARNING: This tile's RANSAC failed.
[16:52:00] INFO |   └─ WARNING Tile 130: only 0 inliers < 50, deleting...
16:52:00 | INFO |   └─ WARNING Tile 130: only 0 inliers < 50, deleting...
[16:52:00] INFO |   └─ Tile 131: keeping 70.29%
16:52:00 | INFO |   └─ Tile 131: keeping 70.29%
[16:52:00] INFO |   └─ Tile 132: keeping 82.40%
16:52:00 | INFO |   └─ Tile 132: keeping 82.40%
[16:52:00] INFO |   └─ WARNING Tile 133: only 6 inliers < 50, deleting...
16:52:00 | INFO |   └─ WARNING Tile 133: only 6 inliers < 50, deleting...
[16:52:00] INFO |   └─ Tile 134: keeping 70.14%
16:52:00 | INFO |   └─ Tile 134: keeping 70.14%
[16:52:00] INFO |   └─ Tile 135: keeping 27.18%
16:52:00 | INFO |   └─ Tile 135: keeping 27.18%
[16:52:00] INFO |   └─ Tile 136: keeping 83.62%
16:52:00 | INFO |   └─ Tile 136: keeping 83.62%
[16:52:00] INFO |   └─ Tile 137: keeping 80.31%
16:52:00 | INFO |   └─ Tile 137: keeping 80.31%
[16:52:00] INFO |   └─ WARNING Tile 138: only 10 inliers < 50, deleting...
16:52:00 | INFO |   └─ WARNING Tile 138: only 10 inliers < 50, deleting...
[16:52:00] INFO |   └─ WARNING Tile 139: only 0 inliers < 50, deleting...
16:52:00 | INFO |   └─ WARNING Tile 139: only 0 inliers < 50, deleting...
[16:52:00] INFO |   └─ Tile 140: keeping 67.49%
16:52:00 | INFO |   └─ Tile 140: keeping 67.49%
[16:52:00] INFO |   └─ WARNING Tile 141: only 29 inliers < 50, deleting...
16:52:00 | INFO |   └─ WARNING Tile 141: only 29 inliers < 50, deleting...
[16:52:00] INFO |   └─ WARNING Tile 142: only 9 inliers < 50, deleting...
16:52:00 | INFO |   └─ WARNING Tile 142: only 9 inliers < 50, deleting...
[16:52:00] INFO |   └─ WARNING Tile 143: only 22 inliers < 50, deleting...
16:52:00 | INFO |   └─ WARNING Tile 143: only 22 inliers < 50, deleting...
[16:52:00] INFO |   └─ WARNING Tile 144: only 0 inliers < 50, deleting...
16:52:00 | INFO |   └─ WARNING Tile 144: only 0 inliers < 50, deleting...
[16:52:00] INFO |   └─ WARNING Tile 145: only 0 inliers < 50, deleting...
16:52:00 | INFO |   └─ WARNING Tile 145: only 0 inliers < 50, deleting...
[16:52:00] INFO |   └─ WARNING Tile 146: only 14 inliers < 50, deleting...
16:52:00 | INFO |   └─ WARNING Tile 146: only 14 inliers < 50, deleting...
[16:52:00] INFO |   └─ WARNING Tile 147: only 32 inliers < 50, deleting...
16:52:00 | INFO |   └─ WARNING Tile 147: only 32 inliers < 50, deleting...
[16:52:00] INFO |   └─ WARNING Tile 148: only 2 inliers < 50, deleting...
16:52:00 | INFO |   └─ WARNING Tile 148: only 2 inliers < 50, deleting...
[16:52:00] INFO |   └─ WARNING Tile 149: only 8 inliers < 50, deleting...
16:52:00 | INFO |   └─ WARNING Tile 149: only 8 inliers < 50, deleting...
[16:52:00] INFO | [6/7] ICP refinement
16:52:00 | INFO | [6/7] ICP refinement
[16:52:00] INFO |   └─ ICP refining tile 1 with 0 correspondences...
16:52:00 | INFO |   └─ ICP refining tile 1 with 0 correspondences...
[16:52:00] INFO |   └─ ICP refining tile 2 with 0 correspondences...
16:52:00 | INFO |   └─ ICP refining tile 2 with 0 correspondences...
[16:52:00] INFO |   └─ ICP refining tile 3 with 0 correspondences...
16:52:00 | INFO |   └─ ICP refining tile 3 with 0 correspondences...
[16:52:00] INFO |   └─ ICP refining tile 4 with 0 correspondences...
16:52:00 | INFO |   └─ ICP refining tile 4 with 0 correspondences...
[16:52:00] INFO |   └─ ICP refining tile 5 with 0 correspondences...
16:52:00 | INFO |   └─ ICP refining tile 5 with 0 correspondences...
[16:52:00] INFO |   └─ ICP refining tile 6 with 0 correspondences...
16:52:00 | INFO |   └─ ICP refining tile 6 with 0 correspondences...
[16:52:00] INFO |   └─ ICP refining tile 7 with 0 correspondences...
16:52:00 | INFO |   └─ ICP refining tile 7 with 0 correspondences...
[16:52:00] INFO |   └─ ICP refining tile 8 with 0 correspondences...
16:52:00 | INFO |   └─ ICP refining tile 8 with 0 correspondences...
[16:52:00] INFO |   └─ ICP refining tile 9 with 0 correspondences...
16:52:00 | INFO |   └─ ICP refining tile 9 with 0 correspondences...
[16:52:00] INFO |   └─ ICP refining tile 10 with 0 correspondences...
16:52:00 | INFO |   └─ ICP refining tile 10 with 0 correspondences...
[16:52:00] INFO |   └─ ICP refining tile 11 with 0 correspondences...
16:52:00 | INFO |   └─ ICP refining tile 11 with 0 correspondences...
[16:52:00] INFO |   └─ ICP refining tile 12 with 92 correspondences...
16:52:00 | INFO |   └─ ICP refining tile 12 with 92 correspondences...
[16:52:03] INFO |   └─ ICP refining tile 13 with 0 correspondences...
16:52:03 | INFO |   └─ ICP refining tile 13 with 0 correspondences...
[16:52:03] INFO |   └─ ICP refining tile 14 with 0 correspondences...
16:52:03 | INFO |   └─ ICP refining tile 14 with 0 correspondences...
[16:52:03] INFO |   └─ ICP refining tile 15 with 0 correspondences...
16:52:03 | INFO |   └─ ICP refining tile 15 with 0 correspondences...
[16:52:03] INFO |   └─ ICP refining tile 16 with 0 correspondences...
16:52:03 | INFO |   └─ ICP refining tile 16 with 0 correspondences...
[16:52:03] INFO |   └─ ICP refining tile 17 with 0 correspondences...
16:52:03 | INFO |   └─ ICP refining tile 17 with 0 correspondences...
[16:52:03] INFO |   └─ ICP refining tile 18 with 0 correspondences...
16:52:03 | INFO |   └─ ICP refining tile 18 with 0 correspondences...
[16:52:03] INFO |   └─ ICP refining tile 19 with 0 correspondences...
16:52:03 | INFO |   └─ ICP refining tile 19 with 0 correspondences...
[16:52:03] INFO |   └─ ICP refining tile 20 with 0 correspondences...
16:52:03 | INFO |   └─ ICP refining tile 20 with 0 correspondences...
[16:52:03] INFO |   └─ ICP refining tile 21 with 126 correspondences...
16:52:03 | INFO |   └─ ICP refining tile 21 with 126 correspondences...
[16:52:09] INFO |   └─ ICP refining tile 22 with 90 correspondences...
16:52:09 | INFO |   └─ ICP refining tile 22 with 90 correspondences...
[16:52:10] INFO |   └─ ICP refining tile 23 with 257 correspondences...
16:52:10 | INFO |   └─ ICP refining tile 23 with 257 correspondences...
[16:52:15] INFO |   └─ ICP refining tile 24 with 1069 correspondences...
16:52:15 | INFO |   └─ ICP refining tile 24 with 1069 correspondences...
[16:52:42] INFO |   └─ ICP refining tile 25 with 4015 correspondences...
16:52:42 | INFO |   └─ ICP refining tile 25 with 4015 correspondences...
[16:54:47] INFO |   └─ ICP refining tile 26 with 2735 correspondences...
16:54:47 | INFO |   └─ ICP refining tile 26 with 2735 correspondences...
[16:55:47] INFO |   └─ ICP refining tile 27 with 4895 correspondences...
16:55:47 | INFO |   └─ ICP refining tile 27 with 4895 correspondences...
[16:58:21] INFO |   └─ ICP refining tile 28 with 2405 correspondences...
16:58:21 | INFO |   └─ ICP refining tile 28 with 2405 correspondences...
[16:59:41] INFO |   └─ ICP refining tile 29 with 1684 correspondences...
16:59:41 | INFO |   └─ ICP refining tile 29 with 1684 correspondences...
[17:00:06] INFO |   └─ ICP refining tile 30 with 1833 correspondences...
17:00:06 | INFO |   └─ ICP refining tile 30 with 1833 correspondences...
[17:00:51] INFO |   └─ ICP refining tile 31 with 6718 correspondences...
17:00:51 | INFO |   └─ ICP refining tile 31 with 6718 correspondences...
[17:04:11] INFO |   └─ ICP refining tile 32 with 0 correspondences...
17:04:11 | INFO |   └─ ICP refining tile 32 with 0 correspondences...
[17:04:11] INFO |   └─ ICP refining tile 33 with 3938 correspondences...
17:04:11 | INFO |   └─ ICP refining tile 33 with 3938 correspondences...
[17:06:06] INFO |   └─ ICP refining tile 34 with 7356 correspondences...
17:06:06 | INFO |   └─ ICP refining tile 34 with 7356 correspondences...
[17:10:15] INFO |   └─ ICP refining tile 35 with 1714 correspondences...
17:10:15 | INFO |   └─ ICP refining tile 35 with 1714 correspondences...
[17:11:06] INFO |   └─ ICP refining tile 36 with 1965 correspondences...
17:11:06 | INFO |   └─ ICP refining tile 36 with 1965 correspondences...
[17:11:50] INFO |   └─ ICP refining tile 37 with 1180 correspondences...
17:11:50 | INFO |   └─ ICP refining tile 37 with 1180 correspondences...
[17:12:13] INFO |   └─ ICP refining tile 38 with 8380 correspondences...
17:12:13 | INFO |   └─ ICP refining tile 38 with 8380 correspondences...
[17:16:19] INFO |   └─ ICP refining tile 39 with 3034 correspondences...
17:16:19 | INFO |   └─ ICP refining tile 39 with 3034 correspondences...
[17:17:26] INFO |   └─ ICP refining tile 40 with 7751 correspondences...
17:17:26 | INFO |   └─ ICP refining tile 40 with 7751 correspondences...
[17:23:16] INFO |   └─ ICP refining tile 41 with 910 correspondences...
17:23:16 | INFO |   └─ ICP refining tile 41 with 910 correspondences...
[17:23:46] INFO |   └─ ICP refining tile 42 with 1445 correspondences...
17:23:46 | INFO |   └─ ICP refining tile 42 with 1445 correspondences...
[17:24:12] INFO |   └─ ICP refining tile 43 with 2642 correspondences...
17:24:12 | INFO |   └─ ICP refining tile 43 with 2642 correspondences...
[17:25:28] INFO |   └─ ICP refining tile 44 with 8104 correspondences...
17:25:28 | INFO |   └─ ICP refining tile 44 with 8104 correspondences...
[17:32:56] INFO |   └─ ICP refining tile 45 with 63 correspondences...
17:32:56 | INFO |   └─ ICP refining tile 45 with 63 correspondences...
[17:32:56] INFO |   └─ ICP refining tile 46 with 1472 correspondences...
17:32:56 | INFO |   └─ ICP refining tile 46 with 1472 correspondences...
[17:33:33] INFO |   └─ ICP refining tile 47 with 8309 correspondences...
17:33:33 | INFO |   └─ ICP refining tile 47 with 8309 correspondences...
[17:40:38] INFO |   └─ ICP refining tile 48 with 569 correspondences...
17:40:38 | INFO |   └─ ICP refining tile 48 with 569 correspondences...
[17:40:49] INFO |   └─ ICP refining tile 49 with 0 correspondences...
17:40:49 | INFO |   └─ ICP refining tile 49 with 0 correspondences...
[17:40:49] INFO |   └─ ICP refining tile 50 with 585 correspondences...
17:40:49 | INFO |   └─ ICP refining tile 50 with 585 correspondences...
[17:41:32] INFO |   └─ ICP refining tile 51 with 5754 correspondences...
17:41:32 | INFO |   └─ ICP refining tile 51 with 5754 correspondences...
[17:45:40] INFO |   └─ ICP refining tile 52 with 0 correspondences...
17:45:40 | INFO |   └─ ICP refining tile 52 with 0 correspondences...
[17:45:40] INFO |   └─ ICP refining tile 53 with 2146 correspondences...
17:45:40 | INFO |   └─ ICP refining tile 53 with 2146 correspondences...
[17:48:51] INFO |   └─ ICP refining tile 54 with 7146 correspondences...
17:48:51 | INFO |   └─ ICP refining tile 54 with 7146 correspondences...
[17:55:33] INFO |   └─ ICP refining tile 55 with 532 correspondences...
17:55:33 | INFO |   └─ ICP refining tile 55 with 532 correspondences...
[17:55:47] INFO |   └─ ICP refining tile 56 with 146 correspondences...
17:55:47 | INFO |   └─ ICP refining tile 56 with 146 correspondences...
[17:55:50] INFO |   └─ ICP refining tile 57 with 795 correspondences...
17:55:50 | INFO |   └─ ICP refining tile 57 with 795 correspondences...
[17:56:51] INFO |   └─ ICP refining tile 58 with 3964 correspondences...
17:56:51 | INFO |   └─ ICP refining tile 58 with 3964 correspondences...
[17:59:11] INFO |   └─ ICP refining tile 59 with 0 correspondences...
17:59:11 | INFO |   └─ ICP refining tile 59 with 0 correspondences...
[17:59:11] INFO |   └─ ICP refining tile 60 with 1919 correspondences...
17:59:11 | INFO |   └─ ICP refining tile 60 with 1919 correspondences...
[18:01:29] INFO |   └─ ICP refining tile 61 with 4792 correspondences...
18:01:29 | INFO |   └─ ICP refining tile 61 with 4792 correspondences...
[18:07:04] INFO |   └─ ICP refining tile 62 with 76 correspondences...
18:07:04 | INFO |   └─ ICP refining tile 62 with 76 correspondences...
[18:07:06] INFO |   └─ ICP refining tile 63 with 352 correspondences...
18:07:06 | INFO |   └─ ICP refining tile 63 with 352 correspondences...
[18:07:32] INFO |   └─ ICP refining tile 64 with 3636 correspondences...
18:07:32 | INFO |   └─ ICP refining tile 64 with 3636 correspondences...
[18:12:18] INFO |   └─ ICP refining tile 65 with 4480 correspondences...
18:12:18 | INFO |   └─ ICP refining tile 65 with 4480 correspondences...
[18:16:56] INFO |   └─ ICP refining tile 66 with 0 correspondences...
18:16:56 | INFO |   └─ ICP refining tile 66 with 0 correspondences...
[18:16:56] INFO |   └─ ICP refining tile 67 with 3004 correspondences...
18:16:56 | INFO |   └─ ICP refining tile 67 with 3004 correspondences...
[18:19:56] INFO |   └─ ICP refining tile 68 with 7035 correspondences...
18:19:56 | INFO |   └─ ICP refining tile 68 with 7035 correspondences...
[18:28:09] INFO |   └─ ICP refining tile 69 with 619 correspondences...
18:28:09 | INFO |   └─ ICP refining tile 69 with 619 correspondences...
[18:28:22] INFO |   └─ ICP refining tile 70 with 2424 correspondences...
18:28:22 | INFO |   └─ ICP refining tile 70 with 2424 correspondences...
[18:29:09] INFO |   └─ ICP refining tile 71 with 1329 correspondences...
18:29:09 | INFO |   └─ ICP refining tile 71 with 1329 correspondences...
[18:30:28] INFO |   └─ ICP refining tile 72 with 5826 correspondences...
18:30:28 | INFO |   └─ ICP refining tile 72 with 5826 correspondences...
[18:35:01] INFO |   └─ ICP refining tile 73 with 0 correspondences...
18:35:01 | INFO |   └─ ICP refining tile 73 with 0 correspondences...
[18:35:01] INFO |   └─ ICP refining tile 74 with 0 correspondences...
18:35:01 | INFO |   └─ ICP refining tile 74 with 0 correspondences...
[18:35:01] INFO |   └─ ICP refining tile 75 with 3945 correspondences...
18:35:01 | INFO |   └─ ICP refining tile 75 with 3945 correspondences...
[18:39:12] INFO |   └─ ICP refining tile 76 with 4696 correspondences...
18:39:12 | INFO |   └─ ICP refining tile 76 with 4696 correspondences...
[18:44:24] INFO |   └─ ICP refining tile 77 with 1052 correspondences...
18:44:24 | INFO |   └─ ICP refining tile 77 with 1052 correspondences...
[18:44:49] INFO |   └─ ICP refining tile 78 with 889 correspondences...
18:44:49 | INFO |   └─ ICP refining tile 78 with 889 correspondences...
[18:45:51] INFO |   └─ ICP refining tile 79 with 253 correspondences...
18:45:51 | INFO |   └─ ICP refining tile 79 with 253 correspondences...
[18:46:02] INFO |   └─ ICP refining tile 80 with 3701 correspondences...
18:46:02 | INFO |   └─ ICP refining tile 80 with 3701 correspondences...
[18:50:26] INFO |   └─ ICP refining tile 81 with 62 correspondences...
18:50:26 | INFO |   └─ ICP refining tile 81 with 62 correspondences...
[18:50:27] INFO |   └─ ICP refining tile 82 with 510 correspondences...
18:50:27 | INFO |   └─ ICP refining tile 82 with 510 correspondences...
[18:50:46] INFO |   └─ ICP refining tile 83 with 2101 correspondences...
18:50:46 | INFO |   └─ ICP refining tile 83 with 2101 correspondences...
[18:53:03] INFO |   └─ ICP refining tile 84 with 6970 correspondences...
18:53:03 | INFO |   └─ ICP refining tile 84 with 6970 correspondences...
[18:56:16] INFO |   └─ ICP refining tile 85 with 0 correspondences...
18:56:16 | INFO |   └─ ICP refining tile 85 with 0 correspondences...
[18:56:16] INFO |   └─ ICP refining tile 86 with 0 correspondences...
18:56:16 | INFO |   └─ ICP refining tile 86 with 0 correspondences...
[18:56:16] INFO |   └─ ICP refining tile 87 with 3827 correspondences...
18:56:16 | INFO |   └─ ICP refining tile 87 with 3827 correspondences...
[18:58:27] INFO |   └─ ICP refining tile 88 with 1767 correspondences...
18:58:27 | INFO |   └─ ICP refining tile 88 with 1767 correspondences...
[18:59:11] INFO |   └─ ICP refining tile 89 with 0 correspondences...
18:59:11 | INFO |   └─ ICP refining tile 89 with 0 correspondences...
[18:59:11] INFO |   └─ ICP refining tile 90 with 304 correspondences...
18:59:11 | INFO |   └─ ICP refining tile 90 with 304 correspondences...
[18:59:26] INFO |   └─ ICP refining tile 91 with 4776 correspondences...
18:59:26 | INFO |   └─ ICP refining tile 91 with 4776 correspondences...
[19:02:48] INFO |   └─ ICP refining tile 92 with 824 correspondences...
19:02:48 | INFO |   └─ ICP refining tile 92 with 824 correspondences...
[19:03:38] INFO |   └─ ICP refining tile 93 with 195 correspondences...
19:03:38 | INFO |   └─ ICP refining tile 93 with 195 correspondences...
[19:03:47] INFO |   └─ ICP refining tile 94 with 0 correspondences...
19:03:47 | INFO |   └─ ICP refining tile 94 with 0 correspondences...
[19:03:47] INFO |   └─ ICP refining tile 95 with 4786 correspondences...
19:03:47 | INFO |   └─ ICP refining tile 95 with 4786 correspondences...
[19:07:49] INFO |   └─ ICP refining tile 96 with 0 correspondences...
19:07:49 | INFO |   └─ ICP refining tile 96 with 0 correspondences...
[19:07:49] INFO |   └─ ICP refining tile 97 with 776 correspondences...
19:07:49 | INFO |   └─ ICP refining tile 97 with 776 correspondences...
[19:08:20] INFO |   └─ ICP refining tile 98 with 1219 correspondences...
19:08:20 | INFO |   └─ ICP refining tile 98 with 1219 correspondences...
[19:10:05] INFO |   └─ ICP refining tile 99 with 3847 correspondences...
19:10:05 | INFO |   └─ ICP refining tile 99 with 3847 correspondences...
[19:12:45] INFO |   └─ ICP refining tile 100 with 0 correspondences...
19:12:45 | INFO |   └─ ICP refining tile 100 with 0 correspondences...
[19:12:45] INFO |   └─ ICP refining tile 101 with 1626 correspondences...
19:12:45 | INFO |   └─ ICP refining tile 101 with 1626 correspondences...
[19:14:26] INFO |   └─ ICP refining tile 102 with 2543 correspondences...
19:14:26 | INFO |   └─ ICP refining tile 102 with 2543 correspondences...
[19:16:52] INFO |   └─ ICP refining tile 103 with 0 correspondences...
19:16:52 | INFO |   └─ ICP refining tile 103 with 0 correspondences...
[19:16:52] INFO |   └─ ICP refining tile 104 with 114 correspondences...
19:16:52 | INFO |   └─ ICP refining tile 104 with 114 correspondences...
[19:16:55] INFO |   └─ ICP refining tile 105 with 2425 correspondences...
19:16:55 | INFO |   └─ ICP refining tile 105 with 2425 correspondences...
[19:18:46] INFO |   └─ ICP refining tile 106 with 56 correspondences...
19:18:46 | INFO |   └─ ICP refining tile 106 with 56 correspondences...
[19:18:50] INFO |   └─ ICP refining tile 107 with 148 correspondences...
19:18:50 | INFO |   └─ ICP refining tile 107 with 148 correspondences...
[19:18:53] INFO |   └─ ICP refining tile 108 with 52 correspondences...
19:18:53 | INFO |   └─ ICP refining tile 108 with 52 correspondences...
[19:18:55] INFO |   └─ ICP refining tile 109 with 630 correspondences...
19:18:55 | INFO |   └─ ICP refining tile 109 with 630 correspondences...
[19:19:44] INFO |   └─ ICP refining tile 110 with 0 correspondences...
19:19:44 | INFO |   └─ ICP refining tile 110 with 0 correspondences...
[19:19:44] INFO |   └─ ICP refining tile 111 with 0 correspondences...
19:19:44 | INFO |   └─ ICP refining tile 111 with 0 correspondences...
[19:19:44] INFO |   └─ ICP refining tile 112 with 335 correspondences...
19:19:44 | INFO |   └─ ICP refining tile 112 with 335 correspondences...
[19:20:01] INFO |   └─ ICP refining tile 113 with 784 correspondences...
19:20:01 | INFO |   └─ ICP refining tile 113 with 784 correspondences...
[19:21:06] INFO |   └─ ICP refining tile 114 with 0 correspondences...
19:21:06 | INFO |   └─ ICP refining tile 114 with 0 correspondences...
[19:21:06] INFO |   └─ ICP refining tile 115 with 3973 correspondences...
19:21:06 | INFO |   └─ ICP refining tile 115 with 3973 correspondences...
[19:25:06] INFO |   └─ ICP refining tile 116 with 623 correspondences...
19:25:06 | INFO |   └─ ICP refining tile 116 with 623 correspondences...
[19:26:10] INFO |   └─ ICP refining tile 117 with 0 correspondences...
19:26:10 | INFO |   └─ ICP refining tile 117 with 0 correspondences...
[19:26:10] INFO |   └─ ICP refining tile 118 with 161 correspondences...
19:26:10 | INFO |   └─ ICP refining tile 118 with 161 correspondences...
[19:26:16] INFO |   └─ ICP refining tile 119 with 4659 correspondences...
19:26:16 | INFO |   └─ ICP refining tile 119 with 4659 correspondences...
[19:33:00] INFO |   └─ ICP refining tile 120 with 0 correspondences...
19:33:00 | INFO |   └─ ICP refining tile 120 with 0 correspondences...
[19:33:00] INFO |   └─ ICP refining tile 121 with 0 correspondences...
19:33:00 | INFO |   └─ ICP refining tile 121 with 0 correspondences...
[19:33:00] INFO |   └─ ICP refining tile 122 with 3428 correspondences...
19:33:00 | INFO |   └─ ICP refining tile 122 with 3428 correspondences...
[19:37:38] INFO |   └─ ICP refining tile 123 with 2170 correspondences...
19:37:38 | INFO |   └─ ICP refining tile 123 with 2170 correspondences...
[19:40:54] INFO |   └─ ICP refining tile 124 with 0 correspondences...
19:40:54 | INFO |   └─ ICP refining tile 124 with 0 correspondences...
[19:40:54] INFO |   └─ ICP refining tile 125 with 0 correspondences...
19:40:54 | INFO |   └─ ICP refining tile 125 with 0 correspondences...
[19:40:54] INFO |   └─ ICP refining tile 126 with 4841 correspondences...
19:40:54 | INFO |   └─ ICP refining tile 126 with 4841 correspondences...
[19:45:46] INFO |   └─ ICP refining tile 127 with 0 correspondences...
19:45:46 | INFO |   └─ ICP refining tile 127 with 0 correspondences...
[19:45:46] INFO |   └─ ICP refining tile 128 with 3395 correspondences...
19:45:46 | INFO |   └─ ICP refining tile 128 with 3395 correspondences...
[19:48:58] INFO |   └─ ICP refining tile 129 with 3038 correspondences...
19:48:58 | INFO |   └─ ICP refining tile 129 with 3038 correspondences...
[19:53:13] INFO |   └─ ICP refining tile 130 with 0 correspondences...
19:53:13 | INFO |   └─ ICP refining tile 130 with 0 correspondences...
[19:53:13] INFO |   └─ ICP refining tile 131 with 123 correspondences...
19:53:13 | INFO |   └─ ICP refining tile 131 with 123 correspondences...
[19:53:14] INFO |   └─ ICP refining tile 132 with 3484 correspondences...
19:53:14 | INFO |   └─ ICP refining tile 132 with 3484 correspondences...
[19:57:04] INFO |   └─ ICP refining tile 133 with 0 correspondences...
19:57:04 | INFO |   └─ ICP refining tile 133 with 0 correspondences...
[19:57:04] INFO |   └─ ICP refining tile 134 with 1372 correspondences...
19:57:04 | INFO |   └─ ICP refining tile 134 with 1372 correspondences...
[19:58:03] INFO |   └─ ICP refining tile 135 with 56 correspondences...
19:58:03 | INFO |   └─ ICP refining tile 135 with 56 correspondences...
[19:58:06] INFO |   └─ ICP refining tile 136 with 1577 correspondences...
19:58:06 | INFO |   └─ ICP refining tile 136 with 1577 correspondences...
[19:59:03] INFO |   └─ ICP refining tile 137 with 1546 correspondences...
19:59:03 | INFO |   └─ ICP refining tile 137 with 1546 correspondences...
[19:59:53] INFO |   └─ ICP refining tile 138 with 0 correspondences...
19:59:53 | INFO |   └─ ICP refining tile 138 with 0 correspondences...
[19:59:53] INFO |   └─ ICP refining tile 139 with 0 correspondences...
19:59:53 | INFO |   └─ ICP refining tile 139 with 0 correspondences...
[19:59:53] INFO |   └─ ICP refining tile 140 with 652 correspondences...
19:59:53 | INFO |   └─ ICP refining tile 140 with 652 correspondences...
[20:00:14] INFO |   └─ ICP refining tile 141 with 0 correspondences...
20:00:14 | INFO |   └─ ICP refining tile 141 with 0 correspondences...
[20:00:14] INFO |   └─ ICP refining tile 142 with 0 correspondences...
20:00:14 | INFO |   └─ ICP refining tile 142 with 0 correspondences...
[20:00:14] INFO |   └─ ICP refining tile 143 with 0 correspondences...
20:00:14 | INFO |   └─ ICP refining tile 143 with 0 correspondences...
[20:00:14] INFO |   └─ ICP refining tile 144 with 0 correspondences...
20:00:14 | INFO |   └─ ICP refining tile 144 with 0 correspondences...
[20:00:14] INFO |   └─ ICP refining tile 145 with 0 correspondences...
20:00:14 | INFO |   └─ ICP refining tile 145 with 0 correspondences...
[20:00:14] INFO |   └─ ICP refining tile 146 with 0 correspondences...
20:00:14 | INFO |   └─ ICP refining tile 146 with 0 correspondences...
[20:00:14] INFO |   └─ ICP refining tile 147 with 0 correspondences...
20:00:14 | INFO |   └─ ICP refining tile 147 with 0 correspondences...
[20:00:14] INFO |   └─ ICP refining tile 148 with 0 correspondences...
20:00:14 | INFO |   └─ ICP refining tile 148 with 0 correspondences...
[20:00:14] INFO |   └─ ICP refining tile 149 with 0 correspondences...
20:00:14 | INFO |   └─ ICP refining tile 149 with 0 correspondences...
[20:00:14] INFO | [7/7] Building output
20:00:14 | INFO | [7/7] Building output
[20:00:14] INFO |   └─ Loading trajectory from SBET: /media/b085164/Elements/CALIB_26_02_25/ODyN_calib/base_v0/out/ODyN_GNSS_INS.out...
20:00:14 | INFO |   └─ Loading trajectory from SBET: /media/b085164/Elements/CALIB_26_02_25/ODyN_calib/base_v0/out/ODyN_GNSS_INS.out...
[20:00:17] INFO |       └─ Loaded 39900 trajectory points.
20:00:17 | INFO |       └─ Loaded 39900 trajectory points.
[20:00:17] INFO |       └─ Time span: 304790.004265 to 306784.9542645355 s.
20:00:17 | INFO |       └─ Time span: 304790.004265 to 306784.9542645355 s.
[20:00:18] INFO |   └─ Using input laser vectors for correspondences...
20:00:18 | INFO |   └─ Using input laser vectors for correspondences...
[20:00:18] INFO |   └─ Correcting laser vectors B with ICP results...
20:00:18 | INFO |   └─ Correcting laser vectors B with ICP results...
[20:00:20] INFO |   └─ Saving to /media/b085164/Elements/CALIB_26_02_25/georef_ALL_traj_outage_1/Patcher/limatch_25m/Flights_1_2/cor_outputs/
20:00:20 | INFO |   └─ Saving to /media/b085164/Elements/CALIB_26_02_25/georef_ALL_traj_outage_1/Patcher/limatch_25m/Flights_1_2/cor_outputs/
[20:00:43] INFO | [Pipeline summary]
20:00:43 | INFO | [Pipeline summary]
[20:00:43] INFO |       Model setup: 0.32s
20:00:43 | INFO |       Model setup: 0.32s
[20:00:43] INFO |     Preprocessing: 2055.50s
20:00:43 | INFO |     Preprocessing: 2055.50s
[20:00:43] INFO |         Detection: 150.82s
20:00:43 | INFO |         Detection: 150.82s
[20:00:43] INFO |       Description: 447.04s
20:00:43 | INFO |       Description: 447.04s
[20:00:43] INFO |          Matching: 168.92s
20:00:43 | INFO |          Matching: 168.92s
[20:00:43] INFO |            RANSAC: 1.90s
20:00:43 | INFO |            RANSAC: 1.90s
[20:00:43] INFO |               ICP: 11294.30s
20:00:43 | INFO |               ICP: 11294.30s
[20:00:43] INFO |             Total: 14147.68s
20:00:43 | INFO |             Total: 14147.68s
[20:00:43] INFO | [Metrics]
20:00:43 | INFO | [Metrics]
[20:00:43] INFO |          Points A: 57420788
20:00:43 | INFO |          Points A: 57420788
[20:00:43] INFO |          Points B: 56313600
20:00:43 | INFO |          Points B: 56313600
[20:00:43] INFO |        Tiles num.: 149
20:00:43 | INFO |        Tiles num.: 149
[20:00:43] INFO |       Keypoints A: 845463
20:00:43 | INFO |       Keypoints A: 845463
[20:00:43] INFO |       Keypoints B: 837497
20:00:43 | INFO |       Keypoints B: 837497
[20:00:43] INFO |       Raw matches: 286547
20:00:43 | INFO |       Raw matches: 286547
[20:00:43] INFO |    RANSAC matches: 231622
20:00:43 | INFO |    RANSAC matches: 231622
[20:00:43] INFO | Peak RAM: 19.92 GB
20:00:43 | INFO | Peak RAM: 19.92 GB
[20:00:43] INFO | LiMatch pipeline completed.
20:00:43 | INFO | LiMatch pipeline completed.

======================================
[pipeline] Starting pipeline
[pipeline] mode:            patcher
[pipeline] scenario:        georef_ALL_traj_outage_1
[pipeline] root_out_dir:    /media/b085164/Elements/CALIB_26_02_25
[pipeline] limatch_cfg:     /home/b085164/PDM_Romain_Defferrard/ESO-PDM/Patcher/submodules/limatch/configs/MLS.yml
[pipeline] patcher_cfg:     Patcher/config/MLS_Epalinges_config.yml
======================================


======================================
[pipeline] Resolved inputs
[pipeline] merged_out:      /media/b085164/Elements/CALIB_26_02_25/georef_ALL_traj_ODyN/merged
[pipeline] georef ref cfg:  /media/b085164/Elements/CALIB_26_02_25/georef_ALL_traj_outage_1/tmp/generated_configs/georef_HA.generated.yml
======================================


======================================
[limatch] Running LiMatch on Patcher outputs
[limatch] patcher_out_root: /media/b085164/Elements/CALIB_26_02_25/georef_ALL_traj_outage_1/Patcher/cropped/pairs_1
[limatch] out_root:         /media/b085164/Elements/CALIB_26_02_25/georef_ALL_traj_outage_1/Patcher/limatch_25m
[limatch] total pairs:      1
======================================

[limatch] pair=Flights_1_2 | cloud1=Patch_from_scan_1_with_2.las | cloud2=Patch_from_scan_2_with_1.las
[limatch-api] prj_folder=/media/b085164/Elements/CALIB_26_02_25/georef_ALL_traj_outage_1/Patcher/limatch_25m/Flights_1_2/

======================================
[merge_correspondences] Merging LiMatch correspondences
[merge_correspondences] workflow_type: patcher
[merge_correspondences] limatch_root:  /media/b085164/Elements/CALIB_26_02_25/georef_ALL_traj_outage_1/Patcher/limatch_25m
[merge_correspondences] pattern:      LiDAR_p2p_Patch*
[merge_correspondences] n files:      1
[merge_correspondences] output_file:  /media/b085164/Elements/CALIB_26_02_25/georef_ALL_traj_outage_1/Patcher/limatch_25m/LiDAR_p2p.txt
======================================

[merge_correspondences] Done: /media/b085164/Elements/CALIB_26_02_25/georef_ALL_traj_outage_1/Patcher/limatch_25m/LiDAR_p2p.txt
