11:45:23 | INFO | 
11:45:23 | INFO | ============================================================
11:45:23 | INFO |                  PIPELINE CONFIGURATION
11:45:23 | INFO | ============================================================
11:45:23 | INFO | Mode: patcher
11:45:23 | INFO | Scenario name: georef_ALL_traj_outage_1
11:45:23 | INFO | 
11:45:23 | INFO | Trajectory:
11:45:23 | INFO |    Path: /media/b085164/Elements/CALIB_26_02_25/ODyN_calib/Outage_1_305120_305700/traj_outage/outage_1.out
11:45:23 | INFO |    Type: SBET
11:45:23 | INFO | 
11:45:23 | INFO | Distance filtering:
11:45:23 | INFO |    enable: True
11:45:23 | INFO |    max_distance_m: 30
11:45:23 | INFO |    map_epsg: EPSG:2056
11:45:23 | INFO |    filter_trj: None
11:45:23 | INFO | 
11:45:23 | INFO | Scanners:
11:45:23 | INFO |    ha_cfg: navtools_PDM/PDM_configs/scanner_HA.yml  (scanner_name=HA)
11:45:23 | INFO |    lr_cfg: navtools_PDM/PDM_configs/scanner_LR.yml  (scanner_name=LR)
11:45:23 | INFO |    puck_cfg: navtools_PDM/PDM_configs/scanner_PUCK.yml  (scanner_name=PUCK)
11:45:23 | INFO | 
11:45:23 | INFO | Paths:
11:45:23 | INFO |    root_out_dir: /media/b085164/Elements/CALIB_26_02_25
11:45:23 | INFO |    patcher_cfg: Patcher/config/MLS_Epalinges_config.yml
11:45:23 | INFO |    limatch_cfg: Patcher/submodules/limatch/configs/MLS.yml
11:45:23 | INFO |    gps_input: /media/b085164/Elements/CALIB_26_02_25/ODyN_calib/base_v0/in/GPS.txt
11:45:23 | INFO | 
11:45:23 | INFO | Steps:
11:45:23 | INFO |    georef: False
11:45:23 | INFO |    merge: False
11:45:23 | INFO |    chunk: False
11:45:23 | INFO |    limatch: True
11:45:23 | INFO |    gps_outage_file: False
11:45:23 | INFO | 
11:45:23 | INFO | Merge:
11:45:23 | INFO |    out_prefix: merged_
11:45:23 | INFO |    out_suffix: _HA_LR
11:45:23 | INFO | 
11:45:23 | INFO | VUX+PUCK merge:
11:45:23 | INFO |    enabled: False
11:45:23 | INFO |    name: ALL
11:45:23 | INFO |    vux_group: HA_LR
11:45:23 | INFO |    puck_scanner: puck_cfg
11:45:23 | INFO |    output_dir: /media/b085164/Elements/CALIB_26_02_25/georef_ALL_traj_ODyN/merged
11:45:23 | INFO |    manifest_path: None
11:45:23 | INFO |    output_suffix: _VUX_PUCK
11:45:23 | INFO |    scanner_src_vux: 2
11:45:23 | INFO |    scanner_src_puck: 1
11:45:23 | INFO |    chunk_size: 10000000
11:45:23 | INFO | 
11:45:23 | INFO | Chunk:
11:45:23 | INFO |    source: generate
11:45:23 | INFO |    merged_input_root: /media/b085164/Elements/CALIB_26_02_25/georef_ALL_traj_ODyN/merged
11:45:23 | INFO |    reference_scanner: HA
11:45:23 | INFO |    output_root: None
11:45:23 | INFO |    length_m: 15.0
11:45:23 | INFO |    min_last_chunk_m: 10.0
11:45:23 | INFO |    min_points: 2000
11:45:23 | INFO |    epsg_out: EPSG:2056
11:45:23 | INFO |    delimiter: ,
11:45:23 | INFO |    skiprows: 0
11:45:23 | INFO |    cloud_fmt: las
11:45:23 | INFO |    time_field: gps_time
11:45:23 | INFO |    manifest_name: merged_manifest.csv
11:45:23 | INFO |    use_manifest: True
11:45:23 | INFO | 
11:45:23 | INFO | Chunk variant:
11:45:23 | INFO |    type: outage_window
11:45:23 | INFO |    outage_window.enabled: True
11:45:23 | INFO |    outage_window.output_root: /media/b085164/Elements/CALIB_26_02_25/georef_ALL_traj_ODyN/chunks_v2
11:45:23 | INFO |    outage_window.outages: [[305120.0, 580.0]]
11:45:23 | INFO |    outage_window.pre_s: 10.0
11:45:23 | INFO |    outage_window.post_s: 10.0
11:45:23 | INFO | 
11:45:23 | INFO | LiMatch:
11:45:23 | INFO |    run: True
11:45:23 | INFO |    output_root: /media/b085164/Elements/CALIB_26_02_25/georef_ALL_traj_outage_1/Patcher/limatch
11:45:23 | INFO |    neighbor_k: 1
11:45:23 | INFO |    do_cross_scan: False
11:45:23 | INFO |    do_spatial_crossings: False
11:45:23 | INFO |    crossings_output_root: /media/b085164/Elements/CALIB_26_02_25/georef_ALL_traj_ODyN/limatch_crossings_10
11:45:23 | INFO |    crossing_min_separation: 50
11:45:23 | INFO |    crossing_overlap_margin_m: 3.0
11:45:23 | INFO | 
11:45:23 | INFO | Merge correspondences:
11:45:23 | INFO |    enabled: True
11:45:23 | INFO |    output_file: None
11:45:23 | INFO | 
11:45:23 | INFO | Patcher:
11:45:23 | INFO |    run: True
11:45:23 | INFO |    source: existing
11:45:23 | INFO |    output_root: /media/b085164/Elements/CALIB_26_02_25/georef_ALL_traj_outage_1/Patcher/cropped/patcher_pairs_1
11:45:23 | INFO |    gps_outage_file:
11:45:23 | INFO |       enabled: False
11:45:23 | INFO |       output_root: /media/b085164/Elements/CALIB_26_02_25/georef_VUX_traj_ODyN/Patcher_long_outage/GPS_outage
11:45:23 | INFO |       outages: [[305120.0, 580.0]]
11:45:23 | INFO | ============================================================
11:45:23 | INFO | 
11:45:23 | INFO | [pipeline] Generating temporary georef configs...
11:45:23 | INFO |    scanner=HA | source=navtools_PDM/PDM_configs/scanner_HA.yml | generated=/media/b085164/Elements/CALIB_26_02_25/georef_ALL_traj_outage_1/tmp/generated_configs/georef_HA.generated.yml
11:45:23 | INFO |    scanner=LR | source=navtools_PDM/PDM_configs/scanner_LR.yml | generated=/media/b085164/Elements/CALIB_26_02_25/georef_ALL_traj_outage_1/tmp/generated_configs/georef_LR.generated.yml
11:45:23 | INFO |    scanner=PUCK | source=navtools_PDM/PDM_configs/scanner_PUCK.yml | generated=/media/b085164/Elements/CALIB_26_02_25/georef_ALL_traj_outage_1/tmp/generated_configs/georef_PUCK.generated.yml
11:45:23 | INFO | [pipeline] Temporary config generation done.
11:45:26 | INFO | Loading faiss with AVX2 support.
11:45:26 | INFO | Successfully loaded faiss with AVX2 support.
[11:45:26] INFO | Starting LiMatch pipeline...
11:45:26 | INFO | Starting LiMatch pipeline...
[11:45:26] INFO |   └─ Will save data at: /media/b085164/Elements/CALIB_26_02_25/georef_ALL_traj_outage_1/Patcher/limatch/Flights_3_4/
11:45:26 | INFO |   └─ Will save data at: /media/b085164/Elements/CALIB_26_02_25/georef_ALL_traj_outage_1/Patcher/limatch/Flights_3_4/
[11:45:26] INFO | Visualization set to False
11:45:26 | INFO | Visualization set to False
[11:45:26] INFO | [0/7] Model setup
11:45:26 | INFO | [0/7] Model setup
[11:45:26] INFO |   └─ Using CUDA for descriptor inference.
11:45:26 | INFO |   └─ Using CUDA for descriptor inference.
[11:45:27] INFO |   └─ Loading from: /home/b085164/PDM_Romain_Defferrard/ESO-PDM/Patcher/submodules/limatch/weights/model.pth
11:45:27 | INFO |   └─ Loading from: /home/b085164/PDM_Romain_Defferrard/ESO-PDM/Patcher/submodules/limatch/weights/model.pth
[11:45:27] INFO |   └─ Loaded nested checkpoint with key 'model'.
11:45:27 | INFO |   └─ Loaded nested checkpoint with key 'model'.
[11:45:27] INFO |   └─ Descriptor model successfully loaded and set to eval() mode.
11:45:27 | INFO |   └─ Descriptor model successfully loaded and set to eval() mode.
[11:45:27] INFO | [1/7] Preprocessing
11:45:27 | INFO | [1/7] Preprocessing
[11:45:27] INFO |   └─ Loading point clouds...
11:45:27 | INFO |   └─ Loading point clouds...
[11:46:20] INFO |   └─ Loaded laser vectors from LAS extra bytes: /media/b085164/Elements/CALIB_26_02_25/georef_ALL_traj_outage_1/Patcher/cropped/patcher_pairs_1/Flights_3_4/Patch_from_scan_3_with_4.las
11:46:20 | INFO |   └─ Loaded laser vectors from LAS extra bytes: /media/b085164/Elements/CALIB_26_02_25/georef_ALL_traj_outage_1/Patcher/cropped/patcher_pairs_1/Flights_3_4/Patch_from_scan_3_with_4.las
[11:47:55] INFO |   └─ Loaded laser vectors from LAS extra bytes: /media/b085164/Elements/CALIB_26_02_25/georef_ALL_traj_outage_1/Patcher/cropped/patcher_pairs_1/Flights_3_4/Patch_from_scan_4_with_3.las
11:47:55 | INFO |   └─ Loaded laser vectors from LAS extra bytes: /media/b085164/Elements/CALIB_26_02_25/georef_ALL_traj_outage_1/Patcher/cropped/patcher_pairs_1/Flights_3_4/Patch_from_scan_4_with_3.las
[11:48:34] INFO |   └─ Tiling with size 100x100...
11:48:34 | INFO |   └─ Tiling with size 100x100...
[11:51:33] INFO |   └─ Shifting point clouds toward origin...
11:51:33 | INFO |   └─ Shifting point clouds toward origin...
[11:51:33] INFO |       └─ [2544429.51 1158161.82     900.43] m...
11:51:33 | INFO |       └─ [2544429.51 1158161.82     900.43] m...
[11:51:33] INFO |       └─ (Coordinates shifted back at export)
11:51:33 | INFO |       └─ (Coordinates shifted back at export)
[11:52:39] INFO |   └─ Generated 25 valid tiles.
11:52:39 | INFO |   └─ Generated 25 valid tiles.
[11:52:39] INFO |   └─ Applying voxelization with size 0.025 m...
11:52:39 | INFO |   └─ Applying voxelization with size 0.025 m...
[11:53:49] INFO |       └─ voxelized from 99692158 to 55031536 pts (55.20%)
11:53:49 | INFO |       └─ voxelized from 99692158 to 55031536 pts (55.20%)
[11:55:22] INFO |       └─ voxelized from 108558308 to 62352779 pts (57.44%)
11:55:22 | INFO |       └─ voxelized from 108558308 to 62352779 pts (57.44%)
[11:55:47] INFO | [2/7] Keypoint detection
11:55:47 | INFO | [2/7] Keypoint detection
[11:58:20] INFO |   └─ Downsampling keypoints to max 25000 points...
11:58:20 | INFO |   └─ Downsampling keypoints to max 25000 points...
[11:58:20] INFO |   └─ Pre-downsample keypoints number: 958787
11:58:20 | INFO |   └─ Pre-downsample keypoints number: 958787
[11:58:20] INFO |   └─ Filtering keypoints to 25000 per tile...
11:58:20 | INFO |   └─ Filtering keypoints to 25000 per tile...
[11:58:20] INFO |   └─ Pre-downsample keypoints number: 1126892
11:58:20 | INFO |   └─ Pre-downsample keypoints number: 1126892
[11:58:20] INFO |   └─ Filtering keypoints to 25000 per tile...
11:58:20 | INFO |   └─ Filtering keypoints to 25000 per tile...
[11:58:21] INFO |   └─ Deleting kpts without candidate in radius 2*1.5m...
11:58:21 | INFO |   └─ Deleting kpts without candidate in radius 2*1.5m...
[11:58:21] INFO |       └─ 370243 keypoints kept (87.28%) 
11:58:21 | INFO |       └─ 370243 keypoints kept (87.28%) 
[11:58:21] INFO |       └─ 371915 keypoints kept (88.10%) 
11:58:21 | INFO |       └─ 371915 keypoints kept (88.10%) 
[11:58:21] INFO | [3/7] Description
11:58:21 | INFO | [3/7] Description
[11:58:21] INFO |   └─ Computing descriptors for Tile A...
11:58:21 | INFO |   └─ Computing descriptors for Tile A...
[11:58:21] INFO |       └─ batch 1/8...
11:58:21 | INFO |       └─ batch 1/8...
[11:58:34] INFO |       └─ batch 2/8...
11:58:34 | INFO |       └─ batch 2/8...
[11:58:48] INFO |       └─ batch 3/8...
11:58:48 | INFO |       └─ batch 3/8...
[11:59:02] INFO |       └─ batch 4/8...
11:59:02 | INFO |       └─ batch 4/8...
[11:59:14] INFO |       └─ batch 5/8...
11:59:14 | INFO |       └─ batch 5/8...
[11:59:26] INFO |       └─ batch 6/8...
11:59:26 | INFO |       └─ batch 6/8...
[11:59:39] INFO |       └─ batch 7/8...
11:59:39 | INFO |       └─ batch 7/8...
[11:59:51] INFO |       └─ batch 8/8...
11:59:51 | INFO |       └─ batch 8/8...
[11:59:57] INFO |   └─ Computing descriptors for Tile B...
11:59:57 | INFO |   └─ Computing descriptors for Tile B...
[11:59:57] INFO |       └─ batch 1/8...
11:59:57 | INFO |       └─ batch 1/8...
[12:00:11] INFO |       └─ batch 2/8...
12:00:11 | INFO |       └─ batch 2/8...
[12:00:25] INFO |       └─ batch 3/8...
12:00:25 | INFO |       └─ batch 3/8...
[12:00:38] INFO |       └─ batch 4/8...
12:00:38 | INFO |       └─ batch 4/8...
[12:00:51] INFO |       └─ batch 5/8...
12:00:51 | INFO |       └─ batch 5/8...
[12:01:05] INFO |       └─ batch 6/8...
12:01:05 | INFO |       └─ batch 6/8...
[12:01:20] INFO |       └─ batch 7/8...
12:01:20 | INFO |       └─ batch 7/8...
[12:01:35] INFO |       └─ batch 8/8...
12:01:35 | INFO |       └─ batch 8/8...
[12:01:42] INFO | [4/7] Matching
12:01:42 | INFO | [4/7] Matching
[12:02:28] INFO |   └─ Applying reciprocity test...
12:02:28 | INFO |   └─ Applying reciprocity test...
[12:02:28] INFO |   └─ Keeping 27.61% reciprocal matches
12:02:28 | INFO |   └─ Keeping 27.61% reciprocal matches
[12:02:28] INFO | [5/7] RANSAC filtering
12:02:28 | INFO | [5/7] RANSAC filtering
[12:02:28] INFO |   └─ Tile 1: keeping 16.64%
12:02:28 | INFO |   └─ Tile 1: keeping 16.64%
[12:02:28] INFO |   └─ Tile 2: keeping 16.44%
12:02:28 | INFO |   └─ Tile 2: keeping 16.44%
[12:02:28] INFO |   └─ Tile 3: keeping 37.01%
12:02:28 | INFO |   └─ Tile 3: keeping 37.01%
[12:02:28] INFO |   └─ Tile 4: keeping 42.18%
12:02:28 | INFO |   └─ Tile 4: keeping 42.18%
[12:02:28] INFO |   └─ Tile 5: keeping 60.45%
12:02:28 | INFO |   └─ Tile 5: keeping 60.45%
[12:02:28] INFO |   └─ Tile 6: keeping 47.66%
12:02:28 | INFO |   └─ Tile 6: keeping 47.66%
[12:02:28] INFO |   └─ Tile 7: keeping 80.84%
12:02:28 | INFO |   └─ Tile 7: keeping 80.84%
[12:02:28] INFO |   └─ Tile 8: keeping 70.61%
12:02:28 | INFO |   └─ Tile 8: keeping 70.61%
[12:02:28] INFO |   └─ Tile 9: keeping 63.68%
12:02:28 | INFO |   └─ Tile 9: keeping 63.68%
[12:02:28] INFO |   └─ WARNING Tile 10: only 2 inliers < 50, deleting...
12:02:28 | INFO |   └─ WARNING Tile 10: only 2 inliers < 50, deleting...
[12:02:28] INFO |   └─ Tile 11: keeping 40.30%
12:02:28 | INFO |   └─ Tile 11: keeping 40.30%
[12:02:28] INFO |   └─ Tile 12: keeping 40.49%
12:02:28 | INFO |   └─ Tile 12: keeping 40.49%
[12:02:28] INFO |   └─ Tile 13: keeping 73.88%
12:02:28 | INFO |   └─ Tile 13: keeping 73.88%
[12:02:28] INFO |   └─ WARNING Tile 14: only 0 inliers < 50, deleting...
12:02:28 | INFO |   └─ WARNING Tile 14: only 0 inliers < 50, deleting...
[12:02:28] INFO |   └─ Tile 15: keeping 39.89%
12:02:28 | INFO |   └─ Tile 15: keeping 39.89%
[12:02:28] INFO |   └─ Tile 16: keeping 53.21%
12:02:28 | INFO |   └─ Tile 16: keeping 53.21%
[12:02:28] INFO |   └─ WARNING Tile 17: only 33 inliers < 50, deleting...
12:02:28 | INFO |   └─ WARNING Tile 17: only 33 inliers < 50, deleting...
[12:02:28] INFO |   └─ Tile 18: keeping 74.35%
12:02:28 | INFO |   └─ Tile 18: keeping 74.35%
[12:02:28] INFO |   └─ Tile 19: keeping 59.68%
12:02:28 | INFO |   └─ Tile 19: keeping 59.68%
[12:02:28] INFO |   └─ WARNING Tile 20: only 0 inliers < 50, deleting...
12:02:28 | INFO |   └─ WARNING Tile 20: only 0 inliers < 50, deleting...
[12:02:28] INFO |   └─ Tile 21: keeping 49.66%
12:02:28 | INFO |   └─ Tile 21: keeping 49.66%
[12:02:28] INFO |   └─ Tile 22: keeping 54.68%
12:02:28 | INFO |   └─ Tile 22: keeping 54.68%
[12:02:28] INFO |   └─ Tile 23: keeping 76.03%
12:02:28 | INFO |   └─ Tile 23: keeping 76.03%
[12:02:28] INFO |   └─ WARNING Tile 24: only 0 inliers < 50, deleting...
12:02:28 | INFO |   └─ WARNING Tile 24: only 0 inliers < 50, deleting...
[12:02:29] INFO |   └─ Tile 25: keeping 70.45%
12:02:29 | INFO |   └─ Tile 25: keeping 70.45%
[12:02:29] INFO | [6/7] ICP refinement
12:02:29 | INFO | [6/7] ICP refinement
[12:02:29] INFO |   └─ ICP refining tile 1 with 108 correspondences...
12:02:29 | INFO |   └─ ICP refining tile 1 with 108 correspondences...
[12:02:34] INFO |   └─ ICP refining tile 2 with 86 correspondences...
12:02:34 | INFO |   └─ ICP refining tile 2 with 86 correspondences...
[12:02:38] INFO |   └─ ICP refining tile 3 with 285 correspondences...
12:02:38 | INFO |   └─ ICP refining tile 3 with 285 correspondences...
[12:02:44] INFO |   └─ ICP refining tile 4 with 186 correspondences...
12:02:44 | INFO |   └─ ICP refining tile 4 with 186 correspondences...
[12:02:51] INFO |   └─ ICP refining tile 5 with 4727 correspondences...
12:02:51 | INFO |   └─ ICP refining tile 5 with 4727 correspondences...
[12:08:28] INFO |   └─ ICP refining tile 6 with 3418 correspondences...
12:08:28 | INFO |   └─ ICP refining tile 6 with 3418 correspondences...
[12:11:38] INFO |   └─ ICP refining tile 7 with 249 correspondences...
12:11:38 | INFO |   └─ ICP refining tile 7 with 249 correspondences...
[12:11:42] INFO |   └─ ICP refining tile 8 with 3688 correspondences...
12:11:42 | INFO |   └─ ICP refining tile 8 with 3688 correspondences...
[12:15:16] INFO |   └─ ICP refining tile 9 with 5072 correspondences...
12:15:16 | INFO |   └─ ICP refining tile 9 with 5072 correspondences...
[12:20:53] INFO |   └─ ICP refining tile 10 with 0 correspondences...
12:20:53 | INFO |   └─ ICP refining tile 10 with 0 correspondences...
[12:20:53] INFO |   └─ ICP refining tile 11 with 2485 correspondences...
12:20:53 | INFO |   └─ ICP refining tile 11 with 2485 correspondences...
[12:23:18] INFO |   └─ ICP refining tile 12 with 2405 correspondences...
12:23:18 | INFO |   └─ ICP refining tile 12 with 2405 correspondences...
[12:25:56] INFO |   └─ ICP refining tile 13 with 1858 correspondences...
12:25:56 | INFO |   └─ ICP refining tile 13 with 1858 correspondences...
[12:26:55] INFO |   └─ ICP refining tile 14 with 0 correspondences...
12:26:55 | INFO |   └─ ICP refining tile 14 with 0 correspondences...
[12:26:55] INFO |   └─ ICP refining tile 15 with 1661 correspondences...
12:26:55 | INFO |   └─ ICP refining tile 15 with 1661 correspondences...
[12:27:45] INFO |   └─ ICP refining tile 16 with 3163 correspondences...
12:27:45 | INFO |   └─ ICP refining tile 16 with 3163 correspondences...
[12:30:01] INFO |   └─ ICP refining tile 17 with 0 correspondences...
12:30:01 | INFO |   └─ ICP refining tile 17 with 0 correspondences...
[12:30:01] INFO |   └─ ICP refining tile 18 with 3499 correspondences...
12:30:01 | INFO |   └─ ICP refining tile 18 with 3499 correspondences...
[12:32:37] INFO |   └─ ICP refining tile 19 with 4853 correspondences...
12:32:37 | INFO |   └─ ICP refining tile 19 with 4853 correspondences...
[12:36:37] INFO |   └─ ICP refining tile 20 with 0 correspondences...
12:36:37 | INFO |   └─ ICP refining tile 20 with 0 correspondences...
[12:36:37] INFO |   └─ ICP refining tile 21 with 3543 correspondences...
12:36:37 | INFO |   └─ ICP refining tile 21 with 3543 correspondences...
[12:40:28] INFO |   └─ ICP refining tile 22 with 4141 correspondences...
12:40:28 | INFO |   └─ ICP refining tile 22 with 4141 correspondences...
[12:45:50] INFO |   └─ ICP refining tile 23 with 7645 correspondences...
12:45:50 | INFO |   └─ ICP refining tile 23 with 7645 correspondences...
[12:54:02] INFO |   └─ ICP refining tile 24 with 0 correspondences...
12:54:02 | INFO |   └─ ICP refining tile 24 with 0 correspondences...
[12:54:02] INFO |   └─ ICP refining tile 25 with 6092 correspondences...
12:54:02 | INFO |   └─ ICP refining tile 25 with 6092 correspondences...
[13:02:23] INFO | [7/7] Building output
13:02:23 | INFO | [7/7] Building output
[13:02:23] INFO |   └─ Loading trajectory from SBET: /media/b085164/Elements/CALIB_26_02_25/ODyN_calib/base_v0/out/ODyN_GNSS_INS.out...
13:02:23 | INFO |   └─ Loading trajectory from SBET: /media/b085164/Elements/CALIB_26_02_25/ODyN_calib/base_v0/out/ODyN_GNSS_INS.out...
[13:02:24] INFO |       └─ Loaded 39900 trajectory points.
13:02:24 | INFO |       └─ Loaded 39900 trajectory points.
[13:02:24] INFO |       └─ Time span: 304790.004265 to 306784.9542645355 s.
13:02:24 | INFO |       └─ Time span: 304790.004265 to 306784.9542645355 s.
[13:02:24] INFO |   └─ Using input laser vectors for correspondences...
13:02:24 | INFO |   └─ Using input laser vectors for correspondences...
[13:02:24] INFO |   └─ Correcting laser vectors B with ICP results...
13:02:24 | INFO |   └─ Correcting laser vectors B with ICP results...
[13:02:25] INFO |   └─ Saving to /media/b085164/Elements/CALIB_26_02_25/georef_ALL_traj_outage_1/Patcher/limatch/Flights_3_4/cor_outputs/
13:02:25 | INFO |   └─ Saving to /media/b085164/Elements/CALIB_26_02_25/georef_ALL_traj_outage_1/Patcher/limatch/Flights_3_4/cor_outputs/
[13:02:33] INFO | [Pipeline summary]
13:02:33 | INFO | [Pipeline summary]
[13:02:33] INFO |       Model setup: 0.21s
13:02:33 | INFO |       Model setup: 0.21s
[13:02:33] INFO |     Preprocessing: 620.21s
13:02:33 | INFO |     Preprocessing: 620.21s
[13:02:33] INFO |         Detection: 154.02s
13:02:33 | INFO |         Detection: 154.02s
[13:02:33] INFO |       Description: 200.82s
13:02:33 | INFO |       Description: 200.82s
[13:02:33] INFO |          Matching: 46.05s
13:02:33 | INFO |          Matching: 46.05s
[13:02:33] INFO |            RANSAC: 0.74s
13:02:33 | INFO |            RANSAC: 0.74s
[13:02:33] INFO |               ICP: 3594.66s
13:02:33 | INFO |               ICP: 3594.66s
[13:02:33] INFO |             Total: 4626.26s
13:02:33 | INFO |             Total: 4626.26s
[13:02:33] INFO | [Metrics]
13:02:33 | INFO | [Metrics]
[13:02:33] INFO |          Points A: 54804525
13:02:33 | INFO |          Points A: 54804525
[13:02:33] INFO |          Points B: 62103074
13:02:33 | INFO |          Points B: 62103074
[13:02:33] INFO |        Tiles num.: 25
13:02:33 | INFO |        Tiles num.: 25
[13:02:33] INFO |       Keypoints A: 370243
13:02:33 | INFO |       Keypoints A: 370243
[13:02:33] INFO |       Keypoints B: 371915
13:02:33 | INFO |       Keypoints B: 371915
[13:02:33] INFO |       Raw matches: 102240
13:02:33 | INFO |       Raw matches: 102240
[13:02:33] INFO |    RANSAC matches: 59164
13:02:33 | INFO |    RANSAC matches: 59164
[13:02:33] INFO | Peak RAM: 22.76 GB
13:02:33 | INFO | Peak RAM: 22.76 GB
[13:02:33] INFO | LiMatch pipeline completed.
13:02:33 | INFO | LiMatch pipeline completed.

======================================
[pipeline] Starting pipeline
[pipeline] mode:            patcher
[pipeline] scenario:        georef_ALL_traj_outage_1
[pipeline] root_out_dir:    /media/b085164/Elements/CALIB_26_02_25
[pipeline] limatch_cfg:     /home/b085164/PDM_Romain_Defferrard/ESO-PDM/Patcher/submodules/limatch/configs/MLS.yml
[pipeline] patcher_cfg:     Patcher/config/MLS_Epalinges_config.yml
======================================


======================================
[pipeline] Resolved inputs
[pipeline] merged_out:      /media/b085164/Elements/CALIB_26_02_25/georef_ALL_traj_ODyN/merged
[pipeline] georef ref cfg:  /media/b085164/Elements/CALIB_26_02_25/georef_ALL_traj_outage_1/tmp/generated_configs/georef_HA.generated.yml
======================================


======================================
[limatch] Running LiMatch on Patcher outputs
[limatch] patcher_out_root: /media/b085164/Elements/CALIB_26_02_25/georef_ALL_traj_outage_1/Patcher/cropped/patcher_pairs_1
[limatch] out_root:         /media/b085164/Elements/CALIB_26_02_25/georef_ALL_traj_outage_1/Patcher/limatch
[limatch] total pairs:      1
======================================

[limatch] pair=Flights_3_4 | cloud1=Patch_from_scan_3_with_4.las | cloud2=Patch_from_scan_4_with_3.las
[limatch-api] prj_folder=/media/b085164/Elements/CALIB_26_02_25/georef_ALL_traj_outage_1/Patcher/limatch/Flights_3_4/

======================================
[merge_correspondences] Merging LiMatch correspondences
[merge_correspondences] workflow_type: patcher
[merge_correspondences] limatch_root:  /media/b085164/Elements/CALIB_26_02_25/georef_ALL_traj_outage_1/Patcher/limatch
[merge_correspondences] pattern:      LiDAR_p2p_Patch*
[merge_correspondences] n files:      2
[merge_correspondences] output_file:  /media/b085164/Elements/CALIB_26_02_25/georef_ALL_traj_outage_1/Patcher/limatch/LiDAR_p2p.txt
======================================

[merge_correspondences] Done: /media/b085164/Elements/CALIB_26_02_25/georef_ALL_traj_outage_1/Patcher/limatch/LiDAR_p2p.txt
