10:04:07 | INFO | 
10:04:07 | INFO | ============================================================
10:04:07 | INFO |                  PIPELINE CONFIGURATION
10:04:07 | INFO | ============================================================
10:04:07 | INFO | Mode: chunk
10:04:07 | INFO | Scenario name: georef_ALL_traj_outage_1
10:04:07 | INFO | 
10:04:07 | INFO | Trajectory:
10:04:07 | INFO |    Path: /media/b085164/Elements/CALIB_26_02_25/ODyN_calib/Outage_1_305120_305700/traj_outage/outage_1.out
10:04:07 | INFO |    Type: SBET
10:04:07 | INFO | 
10:04:07 | INFO | Distance filtering:
10:04:07 | INFO |    enable: True
10:04:07 | INFO |    max_distance_m: 30
10:04:07 | INFO |    map_epsg: EPSG:2056
10:04:07 | INFO |    filter_trj: None
10:04:07 | INFO | 
10:04:07 | INFO | Scanners:
10:04:07 | INFO |    ha_cfg: navtools_PDM/PDM_configs/scanner_HA.yml  (scanner_name=HA)
10:04:07 | INFO |    lr_cfg: navtools_PDM/PDM_configs/scanner_LR.yml  (scanner_name=LR)
10:04:07 | INFO |    puck_cfg: navtools_PDM/PDM_configs/scanner_PUCK.yml  (scanner_name=PUCK)
10:04:07 | INFO | 
10:04:07 | INFO | Paths:
10:04:07 | INFO |    root_out_dir: /media/b085164/Elements/CALIB_26_02_25
10:04:07 | INFO |    patcher_cfg: Patcher/config/MLS_Epalinges_config.yml
10:04:07 | INFO |    limatch_cfg: Patcher/submodules/limatch/configs/MLS.yml
10:04:07 | INFO |    gps_input: /media/b085164/Elements/CALIB_26_02_25/ODyN_calib/base_v0/in/GPS.txt
10:04:07 | INFO | 
10:04:07 | INFO | Steps:
10:04:07 | INFO |    georef: False
10:04:07 | INFO |    merge: False
10:04:07 | INFO |    vux_puck_merge: False
10:04:07 | INFO |    chunk: False
10:04:07 | INFO |    limatch: True
10:04:07 | INFO |    gps_outage_file: False
10:04:07 | INFO | 
10:04:07 | INFO | Merge:
10:04:07 | INFO |    out_prefix: merged_
10:04:07 | INFO |    out_suffix: _HA_LR
10:04:07 | INFO | 
10:04:07 | INFO | VUX+PUCK merge:
10:04:07 | INFO |    enabled: False
10:04:07 | INFO |    name: ALL
10:04:07 | INFO |    vux_group: HA_LR
10:04:07 | INFO |    puck_scanner: puck_cfg
10:04:07 | INFO |    vux_input_dir: None
10:04:07 | INFO |    output_dir: None
10:04:07 | INFO |    manifest_path: None
10:04:07 | INFO |    output_suffix: _VUX_PUCK
10:04:07 | INFO |    scanner_src_vux: 2
10:04:07 | INFO |    scanner_src_puck: 1
10:04:07 | INFO |    chunk_size: 10000000
10:04:07 | INFO | 
10:04:07 | INFO | Chunk:
10:04:07 | INFO |    source: existing
10:04:07 | INFO |    existing_root: /media/b085164/Elements/CALIB_26_02_25/georef_ALL_traj_outage_1/scenario_combined/chunks_15m
10:04:07 | INFO |    merged_input_root: None
10:04:07 | INFO |    merged_group: None
10:04:07 | INFO |    reference_scanner: HA
10:04:07 | INFO |    output_root: None
10:04:07 | INFO |    length_m: 15.0
10:04:07 | INFO |    min_last_chunk_m: 10.0
10:04:07 | INFO |    min_points: 2000
10:04:07 | INFO |    epsg_out: EPSG:2056
10:04:07 | INFO |    delimiter: ,
10:04:07 | INFO |    skiprows: 0
10:04:07 | INFO |    cloud_fmt: las
10:04:07 | INFO |    time_field: gps_time
10:04:07 | INFO |    manifest_name: merged_manifest.csv
10:04:07 | INFO |    use_manifest: True
10:04:07 | INFO | 
10:04:07 | INFO | Chunk variant:
10:04:07 | INFO |    type: outage_window
10:04:07 | INFO |    outage_window.enabled: True
10:04:07 | INFO |    outage_window.output_root: /media/b085164/Elements/CALIB_26_02_25/georef_ALL_traj_outage_1/scenario_combined
10:04:07 | INFO |    outage_window.outages: [[305120.0, 480.0]]
10:04:07 | INFO |    outage_window.pre_s: 10.0
10:04:07 | INFO |    outage_window.post_s: 10.0
10:04:07 | INFO | 
10:04:07 | INFO | LiMatch:
10:04:07 | INFO |    run: True
10:04:07 | INFO |    output_root: /media/b085164/Elements/CALIB_26_02_25/georef_ALL_traj_outage_1/limatch_crossings1
10:04:07 | INFO |    neighbor_k: 0
10:04:07 | INFO |    do_cross_scan: False
10:04:07 | INFO |    do_spatial_crossings: True
10:04:07 | INFO |    crossings_output_root: /media/b085164/Elements/CALIB_26_02_25/georef_ALL_traj_outage_1/limatch_crossings1
10:04:07 | INFO |    crossing_min_separation: 30
10:04:07 | INFO |    crossing_overlap_margin_m: 1
10:04:07 | INFO | 
10:04:07 | INFO | Merge correspondences:
10:04:07 | INFO |    enabled: True
10:04:07 | INFO |    output_file: None
10:04:07 | INFO | 
10:04:07 | INFO | Patcher:
10:04:07 | INFO |    run: False
10:04:07 | INFO |    source: existing
10:04:07 | INFO |    output_root: None
10:04:07 | INFO |    gps_outage_file:
10:04:07 | INFO |       enabled: False
10:04:07 | INFO |       output_root: None
10:04:07 | INFO |       outages: []
10:04:07 | INFO | ============================================================
10:04:07 | INFO | 
10:04:07 | INFO | [pipeline] Generating temporary georef configs...
10:04:07 | INFO |    scanner=HA | source=navtools_PDM/PDM_configs/scanner_HA.yml | generated=/media/b085164/Elements/CALIB_26_02_25/georef_ALL_traj_outage_1/tmp/generated_configs/georef_HA.generated.yml
10:04:07 | INFO |    scanner=LR | source=navtools_PDM/PDM_configs/scanner_LR.yml | generated=/media/b085164/Elements/CALIB_26_02_25/georef_ALL_traj_outage_1/tmp/generated_configs/georef_LR.generated.yml
10:04:07 | INFO |    scanner=PUCK | source=navtools_PDM/PDM_configs/scanner_PUCK.yml | generated=/media/b085164/Elements/CALIB_26_02_25/georef_ALL_traj_outage_1/tmp/generated_configs/georef_PUCK.generated.yml
10:04:07 | INFO | [pipeline] Temporary config generation done.
10:04:08 | INFO | Loading faiss with AVX2 support.
10:04:08 | INFO | Successfully loaded faiss with AVX2 support.
[10:04:08] INFO | Starting LiMatch pipeline...
10:04:08 | INFO | Starting LiMatch pipeline...
[10:04:08] INFO |   └─ Will save data at: /media/b085164/Elements/CALIB_26_02_25/georef_ALL_traj_outage_1/limatch_crossings1/merged_1000_VUX_PUCK/chunk_1101__chunk_3168/
10:04:08 | INFO |   └─ Will save data at: /media/b085164/Elements/CALIB_26_02_25/georef_ALL_traj_outage_1/limatch_crossings1/merged_1000_VUX_PUCK/chunk_1101__chunk_3168/
[10:04:08] INFO | Visualization set to False
10:04:08 | INFO | Visualization set to False
[10:04:08] INFO | [0/7] Model setup
10:04:08 | INFO | [0/7] Model setup
[10:04:08] INFO |   └─ Using CUDA for descriptor inference.
10:04:08 | INFO |   └─ Using CUDA for descriptor inference.
[10:04:09] INFO |   └─ Loading from: /home/b085164/PDM_Romain_Defferrard/ESO-PDM/Patcher/submodules/limatch/weights/model.pth
10:04:09 | INFO |   └─ Loading from: /home/b085164/PDM_Romain_Defferrard/ESO-PDM/Patcher/submodules/limatch/weights/model.pth
[10:04:09] INFO |   └─ Loaded nested checkpoint with key 'model'.
10:04:09 | INFO |   └─ Loaded nested checkpoint with key 'model'.
[10:04:09] INFO |   └─ Descriptor model successfully loaded and set to eval() mode.
10:04:09 | INFO |   └─ Descriptor model successfully loaded and set to eval() mode.
[10:04:09] INFO | [1/7] Preprocessing
10:04:09 | INFO | [1/7] Preprocessing
[10:04:09] INFO |   └─ Loading point clouds...
10:04:09 | INFO |   └─ Loading point clouds...
[10:04:09] INFO |   └─ Loaded laser vectors from LAS extra bytes: /media/b085164/Elements/CALIB_26_02_25/georef_ALL_traj_outage_1/scenario_combined/chunks_15m/merged_1000_VUX_PUCK/chunk_1101.las
10:04:09 | INFO |   └─ Loaded laser vectors from LAS extra bytes: /media/b085164/Elements/CALIB_26_02_25/georef_ALL_traj_outage_1/scenario_combined/chunks_15m/merged_1000_VUX_PUCK/chunk_1101.las
[10:04:09] INFO |   └─ Loaded laser vectors from LAS extra bytes: /media/b085164/Elements/CALIB_26_02_25/georef_ALL_traj_outage_1/scenario_combined/chunks_15m/merged_3000_VUX_PUCK/chunk_3168.las
10:04:09 | INFO |   └─ Loaded laser vectors from LAS extra bytes: /media/b085164/Elements/CALIB_26_02_25/georef_ALL_traj_outage_1/scenario_combined/chunks_15m/merged_3000_VUX_PUCK/chunk_3168.las
[10:04:09] INFO |   └─ Tiling with size 500x500...
10:04:09 | INFO |   └─ Tiling with size 500x500...
[10:04:09] INFO |   └─ Shifting point clouds toward origin...
10:04:09 | INFO |   └─ Shifting point clouds toward origin...
[10:04:09] INFO |       └─ [2543929.73 1157961.12     899.91] m...
10:04:09 | INFO |       └─ [2543929.73 1157961.12     899.91] m...
[10:04:09] INFO |       └─ (Coordinates shifted back at export)
10:04:09 | INFO |       └─ (Coordinates shifted back at export)
[10:04:09] INFO |   └─ Generated 1 valid tiles.
10:04:09 | INFO |   └─ Generated 1 valid tiles.
[10:04:09] INFO |   └─ Applying voxelization with size 0.025 m...
10:04:09 | INFO |   └─ Applying voxelization with size 0.025 m...
[10:04:10] INFO |       └─ voxelized from 849237 to 406566 pts (47.87%)
10:04:10 | INFO |       └─ voxelized from 849237 to 406566 pts (47.87%)
[10:04:10] INFO |       └─ voxelized from 697600 to 319832 pts (45.85%)
10:04:10 | INFO |       └─ voxelized from 697600 to 319832 pts (45.85%)
[10:04:10] INFO | [2/7] Keypoint detection
10:04:10 | INFO | [2/7] Keypoint detection
[10:04:11] INFO |   └─ Downsampling keypoints to max 10000 points...
10:04:11 | INFO |   └─ Downsampling keypoints to max 10000 points...
[10:04:11] INFO |   └─ Pre-downsample keypoints number: 5882
10:04:11 | INFO |   └─ Pre-downsample keypoints number: 5882
[10:04:11] INFO |   └─ Filtering keypoints to 10000 per tile...
10:04:11 | INFO |   └─ Filtering keypoints to 10000 per tile...
[10:04:11] INFO |   └─ Pre-downsample keypoints number: 4729
10:04:11 | INFO |   └─ Pre-downsample keypoints number: 4729
[10:04:11] INFO |   └─ Filtering keypoints to 10000 per tile...
10:04:11 | INFO |   └─ Filtering keypoints to 10000 per tile...
[10:04:11] INFO |   └─ Deleting kpts without candidate in radius 2*1.5m...
10:04:11 | INFO |   └─ Deleting kpts without candidate in radius 2*1.5m...
[10:04:11] INFO |       └─ 2187 keypoints kept (37.18%) 
10:04:11 | INFO |       └─ 2187 keypoints kept (37.18%) 
[10:04:11] INFO |       └─ 2751 keypoints kept (58.17%) 
10:04:11 | INFO |       └─ 2751 keypoints kept (58.17%) 
[10:04:11] INFO | [3/7] Description
10:04:11 | INFO | [3/7] Description
[10:04:11] INFO |   └─ Computing descriptors for Tile A...
10:04:11 | INFO |   └─ Computing descriptors for Tile A...
[10:04:11] INFO |       └─ batch 1/1...
10:04:11 | INFO |       └─ batch 1/1...
[10:04:11] INFO |   └─ Computing descriptors for Tile B...
10:04:11 | INFO |   └─ Computing descriptors for Tile B...
[10:04:11] INFO |       └─ batch 1/1...
10:04:11 | INFO |       └─ batch 1/1...
[10:04:12] INFO | [4/7] Matching
10:04:12 | INFO | [4/7] Matching
[10:04:12] INFO |   └─ Applying reciprocity test...
10:04:12 | INFO |   └─ Applying reciprocity test...
[10:04:12] INFO |   └─ Keeping 8.14% reciprocal matches
10:04:12 | INFO |   └─ Keeping 8.14% reciprocal matches
[10:04:12] INFO | [5/7] RANSAC filtering
10:04:12 | INFO | [5/7] RANSAC filtering
[10:04:12] INFO |   └─ WARNING Tile 1: only 2 inliers < 50, deleting...
10:04:12 | INFO |   └─ WARNING Tile 1: only 2 inliers < 50, deleting...
[10:04:12] INFO |   └─ No matches survived RANSAC filtering.
10:04:12 | INFO |   └─ No matches survived RANSAC filtering.
[10:04:12] INFO | [6/7] ICP refinement
10:04:12 | INFO | [6/7] ICP refinement
[10:04:12] INFO |   └─ No matches to refine with ICP.
10:04:12 | INFO |   └─ No matches to refine with ICP.
[10:04:12] INFO | [7/7] Building output
10:04:12 | INFO | [7/7] Building output
[10:04:12] INFO |   └─ No correspondences to save.
10:04:12 | INFO |   └─ No correspondences to save.
/home/b085164/PDM_Romain_Defferrard/ESO-PDM/Patcher/submodules/limatch/lib/stats.py:22: RuntimeWarning: invalid value encountered in scalar divide
  inlier_ratios[i] = match/corres_num
/home/b085164/miniconda3/envs/limatch/lib/python3.9/site-packages/numpy/core/fromnumeric.py:3504: RuntimeWarning: Mean of empty slice.
  return _methods._mean(a, axis=axis, dtype=dtype,
/home/b085164/miniconda3/envs/limatch/lib/python3.9/site-packages/numpy/core/_methods.py:121: RuntimeWarning: invalid value encountered in divide
  ret = um.true_divide(
[10:04:13] INFO | Starting LiMatch pipeline...
10:04:13 | INFO | Starting LiMatch pipeline...
[10:04:13] INFO |   └─ Will save data at: /media/b085164/Elements/CALIB_26_02_25/georef_ALL_traj_outage_1/limatch_crossings1/merged_1000_VUX_PUCK/chunk_1102__chunk_3167/
10:04:13 | INFO |   └─ Will save data at: /media/b085164/Elements/CALIB_26_02_25/georef_ALL_traj_outage_1/limatch_crossings1/merged_1000_VUX_PUCK/chunk_1102__chunk_3167/
[10:04:13] INFO | Visualization set to False
10:04:13 | INFO | Visualization set to False
[10:04:13] INFO | [0/7] Model setup
10:04:13 | INFO | [0/7] Model setup
[10:04:13] INFO |   └─ Using CUDA for descriptor inference.
10:04:13 | INFO |   └─ Using CUDA for descriptor inference.
[10:04:13] INFO |   └─ Loading from: /home/b085164/PDM_Romain_Defferrard/ESO-PDM/Patcher/submodules/limatch/weights/model.pth
10:04:13 | INFO |   └─ Loading from: /home/b085164/PDM_Romain_Defferrard/ESO-PDM/Patcher/submodules/limatch/weights/model.pth
[10:04:13] INFO |   └─ Loaded nested checkpoint with key 'model'.
10:04:13 | INFO |   └─ Loaded nested checkpoint with key 'model'.
[10:04:13] INFO |   └─ Descriptor model successfully loaded and set to eval() mode.
10:04:13 | INFO |   └─ Descriptor model successfully loaded and set to eval() mode.
[10:04:13] INFO | [1/7] Preprocessing
10:04:13 | INFO | [1/7] Preprocessing
[10:04:13] INFO |   └─ Loading point clouds...
10:04:13 | INFO |   └─ Loading point clouds...
[10:04:13] INFO |   └─ Loaded laser vectors from LAS extra bytes: /media/b085164/Elements/CALIB_26_02_25/georef_ALL_traj_outage_1/scenario_combined/chunks_15m/merged_1000_VUX_PUCK/chunk_1102.las
10:04:13 | INFO |   └─ Loaded laser vectors from LAS extra bytes: /media/b085164/Elements/CALIB_26_02_25/georef_ALL_traj_outage_1/scenario_combined/chunks_15m/merged_1000_VUX_PUCK/chunk_1102.las
[10:04:13] INFO |   └─ Loaded laser vectors from LAS extra bytes: /media/b085164/Elements/CALIB_26_02_25/georef_ALL_traj_outage_1/scenario_combined/chunks_15m/merged_3000_VUX_PUCK/chunk_3167.las
10:04:13 | INFO |   └─ Loaded laser vectors from LAS extra bytes: /media/b085164/Elements/CALIB_26_02_25/georef_ALL_traj_outage_1/scenario_combined/chunks_15m/merged_3000_VUX_PUCK/chunk_3167.las
[10:04:13] INFO |   └─ Tiling with size 500x500...
10:04:13 | INFO |   └─ Tiling with size 500x500...
[10:04:13] INFO |   └─ Shifting point clouds toward origin...
10:04:13 | INFO |   └─ Shifting point clouds toward origin...
[10:04:13] INFO |       └─ [2543943.63 1157966.68     899.82] m...
10:04:13 | INFO |       └─ [2543943.63 1157966.68     899.82] m...
[10:04:13] INFO |       └─ (Coordinates shifted back at export)
10:04:13 | INFO |       └─ (Coordinates shifted back at export)
[10:04:14] INFO |   └─ Generated 1 valid tiles.
10:04:14 | INFO |   └─ Generated 1 valid tiles.
[10:04:14] INFO |   └─ Applying voxelization with size 0.025 m...
10:04:14 | INFO |   └─ Applying voxelization with size 0.025 m...
[10:04:14] INFO |       └─ voxelized from 863959 to 416999 pts (48.27%)
10:04:14 | INFO |       └─ voxelized from 863959 to 416999 pts (48.27%)
[10:04:14] INFO |       └─ voxelized from 798136 to 362015 pts (45.36%)
10:04:14 | INFO |       └─ voxelized from 798136 to 362015 pts (45.36%)
[10:04:15] INFO | [2/7] Keypoint detection
10:04:15 | INFO | [2/7] Keypoint detection
[10:04:15] INFO |   └─ Downsampling keypoints to max 10000 points...
10:04:15 | INFO |   └─ Downsampling keypoints to max 10000 points...
[10:04:15] INFO |   └─ Pre-downsample keypoints number: 5788
10:04:15 | INFO |   └─ Pre-downsample keypoints number: 5788
[10:04:15] INFO |   └─ Filtering keypoints to 10000 per tile...
10:04:15 | INFO |   └─ Filtering keypoints to 10000 per tile...
[10:04:15] INFO |   └─ Pre-downsample keypoints number: 5345
10:04:15 | INFO |   └─ Pre-downsample keypoints number: 5345
[10:04:15] INFO |   └─ Filtering keypoints to 10000 per tile...
10:04:15 | INFO |   └─ Filtering keypoints to 10000 per tile...
[10:04:15] INFO |   └─ Deleting kpts without candidate in radius 2*1.5m...
10:04:15 | INFO |   └─ Deleting kpts without candidate in radius 2*1.5m...
[10:04:15] INFO |       └─ 2109 keypoints kept (36.44%) 
10:04:15 | INFO |       └─ 2109 keypoints kept (36.44%) 
[10:04:15] INFO |       └─ 3417 keypoints kept (63.93%) 
10:04:15 | INFO |       └─ 3417 keypoints kept (63.93%) 
[10:04:15] INFO | [3/7] Description
10:04:15 | INFO | [3/7] Description
[10:04:15] INFO |   └─ Computing descriptors for Tile A...
10:04:15 | INFO |   └─ Computing descriptors for Tile A...
[10:04:15] INFO |       └─ batch 1/1...
10:04:15 | INFO |       └─ batch 1/1...
[10:04:16] INFO |   └─ Computing descriptors for Tile B...
10:04:16 | INFO |   └─ Computing descriptors for Tile B...
[10:04:16] INFO |       └─ batch 1/1...
10:04:16 | INFO |       └─ batch 1/1...
[10:04:17] INFO | [4/7] Matching
10:04:17 | INFO | [4/7] Matching
[10:04:17] INFO |   └─ Applying reciprocity test...
10:04:17 | INFO |   └─ Applying reciprocity test...
[10:04:17] INFO |   └─ Keeping 9.91% reciprocal matches
10:04:17 | INFO |   └─ Keeping 9.91% reciprocal matches
[10:04:17] INFO | [5/7] RANSAC filtering
10:04:17 | INFO | [5/7] RANSAC filtering
[10:04:17] INFO |   └─ WARNING Tile 1: only 7 inliers < 50, deleting...
10:04:17 | INFO |   └─ WARNING Tile 1: only 7 inliers < 50, deleting...
[10:04:17] INFO |   └─ No matches survived RANSAC filtering.
10:04:17 | INFO |   └─ No matches survived RANSAC filtering.
[10:04:17] INFO | [6/7] ICP refinement
10:04:17 | INFO | [6/7] ICP refinement
[10:04:17] INFO |   └─ No matches to refine with ICP.
10:04:17 | INFO |   └─ No matches to refine with ICP.
[10:04:17] INFO | [7/7] Building output
10:04:17 | INFO | [7/7] Building output
[10:04:17] INFO |   └─ No correspondences to save.
10:04:17 | INFO |   └─ No correspondences to save.
[10:04:17] INFO | Starting LiMatch pipeline...
10:04:17 | INFO | Starting LiMatch pipeline...
[10:04:17] INFO |   └─ Will save data at: /media/b085164/Elements/CALIB_26_02_25/georef_ALL_traj_outage_1/limatch_crossings1/merged_1000_VUX_PUCK/chunk_1103__chunk_3166/
10:04:17 | INFO |   └─ Will save data at: /media/b085164/Elements/CALIB_26_02_25/georef_ALL_traj_outage_1/limatch_crossings1/merged_1000_VUX_PUCK/chunk_1103__chunk_3166/
[10:04:17] INFO | Visualization set to False
10:04:17 | INFO | Visualization set to False
[10:04:17] INFO | [0/7] Model setup
10:04:17 | INFO | [0/7] Model setup
[10:04:17] INFO |   └─ Using CUDA for descriptor inference.
10:04:17 | INFO |   └─ Using CUDA for descriptor inference.
[10:04:17] INFO |   └─ Loading from: /home/b085164/PDM_Romain_Defferrard/ESO-PDM/Patcher/submodules/limatch/weights/model.pth
10:04:17 | INFO |   └─ Loading from: /home/b085164/PDM_Romain_Defferrard/ESO-PDM/Patcher/submodules/limatch/weights/model.pth
[10:04:17] INFO |   └─ Loaded nested checkpoint with key 'model'.
10:04:17 | INFO |   └─ Loaded nested checkpoint with key 'model'.
[10:04:17] INFO |   └─ Descriptor model successfully loaded and set to eval() mode.
10:04:17 | INFO |   └─ Descriptor model successfully loaded and set to eval() mode.
[10:04:17] INFO | [1/7] Preprocessing
10:04:17 | INFO | [1/7] Preprocessing
[10:04:17] INFO |   └─ Loading point clouds...
10:04:17 | INFO |   └─ Loading point clouds...
[10:04:17] INFO |   └─ Loaded laser vectors from LAS extra bytes: /media/b085164/Elements/CALIB_26_02_25/georef_ALL_traj_outage_1/scenario_combined/chunks_15m/merged_1000_VUX_PUCK/chunk_1103.las
10:04:17 | INFO |   └─ Loaded laser vectors from LAS extra bytes: /media/b085164/Elements/CALIB_26_02_25/georef_ALL_traj_outage_1/scenario_combined/chunks_15m/merged_1000_VUX_PUCK/chunk_1103.las
[10:04:17] INFO |   └─ Loaded laser vectors from LAS extra bytes: /media/b085164/Elements/CALIB_26_02_25/georef_ALL_traj_outage_1/scenario_combined/chunks_15m/merged_3000_VUX_PUCK/chunk_3166.las
10:04:17 | INFO |   └─ Loaded laser vectors from LAS extra bytes: /media/b085164/Elements/CALIB_26_02_25/georef_ALL_traj_outage_1/scenario_combined/chunks_15m/merged_3000_VUX_PUCK/chunk_3166.las
[10:04:17] INFO |   └─ Tiling with size 500x500...
10:04:17 | INFO |   └─ Tiling with size 500x500...
[10:04:18] INFO |   └─ Shifting point clouds toward origin...
10:04:18 | INFO |   └─ Shifting point clouds toward origin...
[10:04:18] INFO |       └─ [2543957.71 1157972.37     899.77] m...
10:04:18 | INFO |       └─ [2543957.71 1157972.37     899.77] m...
[10:04:18] INFO |       └─ (Coordinates shifted back at export)
10:04:18 | INFO |       └─ (Coordinates shifted back at export)
[10:04:18] INFO |   └─ Generated 1 valid tiles.
10:04:18 | INFO |   └─ Generated 1 valid tiles.
[10:04:18] INFO |   └─ Applying voxelization with size 0.025 m...
10:04:18 | INFO |   └─ Applying voxelization with size 0.025 m...
[10:04:18] INFO |       └─ voxelized from 876024 to 427375 pts (48.79%)
10:04:18 | INFO |       └─ voxelized from 876024 to 427375 pts (48.79%)
[10:04:19] INFO |       └─ voxelized from 809156 to 371089 pts (45.86%)
10:04:19 | INFO |       └─ voxelized from 809156 to 371089 pts (45.86%)
[10:04:19] INFO | [2/7] Keypoint detection
10:04:19 | INFO | [2/7] Keypoint detection
[10:04:20] INFO |   └─ Downsampling keypoints to max 10000 points...
10:04:20 | INFO |   └─ Downsampling keypoints to max 10000 points...
[10:04:20] INFO |   └─ Pre-downsample keypoints number: 5804
10:04:20 | INFO |   └─ Pre-downsample keypoints number: 5804
[10:04:20] INFO |   └─ Filtering keypoints to 10000 per tile...
10:04:20 | INFO |   └─ Filtering keypoints to 10000 per tile...
[10:04:20] INFO |   └─ Pre-downsample keypoints number: 5317
10:04:20 | INFO |   └─ Pre-downsample keypoints number: 5317
[10:04:20] INFO |   └─ Filtering keypoints to 10000 per tile...
10:04:20 | INFO |   └─ Filtering keypoints to 10000 per tile...
[10:04:20] INFO |   └─ Deleting kpts without candidate in radius 2*1.5m...
10:04:20 | INFO |   └─ Deleting kpts without candidate in radius 2*1.5m...
[10:04:20] INFO |       └─ 2153 keypoints kept (37.10%) 
10:04:20 | INFO |       └─ 2153 keypoints kept (37.10%) 
[10:04:20] INFO |       └─ 3164 keypoints kept (59.51%) 
10:04:20 | INFO |       └─ 3164 keypoints kept (59.51%) 
[10:04:20] INFO | [3/7] Description
10:04:20 | INFO | [3/7] Description
[10:04:20] INFO |   └─ Computing descriptors for Tile A...
10:04:20 | INFO |   └─ Computing descriptors for Tile A...
[10:04:20] INFO |       └─ batch 1/1...
10:04:20 | INFO |       └─ batch 1/1...
[10:04:20] INFO |   └─ Computing descriptors for Tile B...
10:04:20 | INFO |   └─ Computing descriptors for Tile B...
[10:04:20] INFO |       └─ batch 1/1...
10:04:20 | INFO |       └─ batch 1/1...
[10:04:21] INFO | [4/7] Matching
10:04:21 | INFO | [4/7] Matching
[10:04:21] INFO |   └─ Applying reciprocity test...
10:04:21 | INFO |   └─ Applying reciprocity test...
[10:04:21] INFO |   └─ Keeping 10.68% reciprocal matches
10:04:21 | INFO |   └─ Keeping 10.68% reciprocal matches
[10:04:21] INFO | [5/7] RANSAC filtering
10:04:21 | INFO | [5/7] RANSAC filtering
[10:04:21] INFO |   └─ WARNING Tile 1: only 7 inliers < 50, deleting...
10:04:21 | INFO |   └─ WARNING Tile 1: only 7 inliers < 50, deleting...
[10:04:21] INFO |   └─ No matches survived RANSAC filtering.
10:04:21 | INFO |   └─ No matches survived RANSAC filtering.
[10:04:21] INFO | [6/7] ICP refinement
10:04:21 | INFO | [6/7] ICP refinement
[10:04:21] INFO |   └─ No matches to refine with ICP.
10:04:21 | INFO |   └─ No matches to refine with ICP.
[10:04:21] INFO | [7/7] Building output
10:04:21 | INFO | [7/7] Building output
[10:04:21] INFO |   └─ No correspondences to save.
10:04:21 | INFO |   └─ No correspondences to save.
[10:04:21] INFO | Starting LiMatch pipeline...
10:04:21 | INFO | Starting LiMatch pipeline...
[10:04:21] INFO |   └─ Will save data at: /media/b085164/Elements/CALIB_26_02_25/georef_ALL_traj_outage_1/limatch_crossings1/merged_1000_VUX_PUCK/chunk_1104__chunk_3165/
10:04:21 | INFO |   └─ Will save data at: /media/b085164/Elements/CALIB_26_02_25/georef_ALL_traj_outage_1/limatch_crossings1/merged_1000_VUX_PUCK/chunk_1104__chunk_3165/
[10:04:21] INFO | Visualization set to False
10:04:21 | INFO | Visualization set to False
[10:04:21] INFO | [0/7] Model setup
10:04:21 | INFO | [0/7] Model setup
[10:04:21] INFO |   └─ Using CUDA for descriptor inference.
10:04:21 | INFO |   └─ Using CUDA for descriptor inference.
[10:04:21] INFO |   └─ Loading from: /home/b085164/PDM_Romain_Defferrard/ESO-PDM/Patcher/submodules/limatch/weights/model.pth
10:04:21 | INFO |   └─ Loading from: /home/b085164/PDM_Romain_Defferrard/ESO-PDM/Patcher/submodules/limatch/weights/model.pth
[10:04:21] INFO |   └─ Loaded nested checkpoint with key 'model'.
10:04:21 | INFO |   └─ Loaded nested checkpoint with key 'model'.
[10:04:21] INFO |   └─ Descriptor model successfully loaded and set to eval() mode.
10:04:21 | INFO |   └─ Descriptor model successfully loaded and set to eval() mode.
[10:04:21] INFO | [1/7] Preprocessing
10:04:21 | INFO | [1/7] Preprocessing
[10:04:21] INFO |   └─ Loading point clouds...
10:04:21 | INFO |   └─ Loading point clouds...
[10:04:22] INFO |   └─ Loaded laser vectors from LAS extra bytes: /media/b085164/Elements/CALIB_26_02_25/georef_ALL_traj_outage_1/scenario_combined/chunks_15m/merged_1000_VUX_PUCK/chunk_1104.las
10:04:22 | INFO |   └─ Loaded laser vectors from LAS extra bytes: /media/b085164/Elements/CALIB_26_02_25/georef_ALL_traj_outage_1/scenario_combined/chunks_15m/merged_1000_VUX_PUCK/chunk_1104.las
[10:04:23] INFO |   └─ Loaded laser vectors from LAS extra bytes: /media/b085164/Elements/CALIB_26_02_25/georef_ALL_traj_outage_1/scenario_combined/chunks_15m/merged_3000_VUX_PUCK/chunk_3165.las
10:04:23 | INFO |   └─ Loaded laser vectors from LAS extra bytes: /media/b085164/Elements/CALIB_26_02_25/georef_ALL_traj_outage_1/scenario_combined/chunks_15m/merged_3000_VUX_PUCK/chunk_3165.las
[10:04:23] INFO |   └─ Tiling with size 500x500...
10:04:23 | INFO |   └─ Tiling with size 500x500...
[10:04:23] INFO |   └─ Shifting point clouds toward origin...
10:04:23 | INFO |   └─ Shifting point clouds toward origin...
[10:04:23] INFO |       └─ [2543971.5  1157977.95     899.77] m...
10:04:23 | INFO |       └─ [2543971.5  1157977.95     899.77] m...
[10:04:23] INFO |       └─ (Coordinates shifted back at export)
10:04:23 | INFO |       └─ (Coordinates shifted back at export)
[10:04:23] INFO |   └─ Generated 1 valid tiles.
10:04:23 | INFO |   └─ Generated 1 valid tiles.
[10:04:23] INFO |   └─ Applying voxelization with size 0.025 m...
10:04:23 | INFO |   └─ Applying voxelization with size 0.025 m...
[10:04:24] INFO |       └─ voxelized from 897224 to 442302 pts (49.30%)
10:04:24 | INFO |       └─ voxelized from 897224 to 442302 pts (49.30%)
[10:04:24] INFO |       └─ voxelized from 867522 to 402394 pts (46.38%)
10:04:24 | INFO |       └─ voxelized from 867522 to 402394 pts (46.38%)
[10:04:24] INFO | [2/7] Keypoint detection
10:04:24 | INFO | [2/7] Keypoint detection
[10:04:25] INFO |   └─ Downsampling keypoints to max 10000 points...
10:04:25 | INFO |   └─ Downsampling keypoints to max 10000 points...
[10:04:25] INFO |   └─ Pre-downsample keypoints number: 5932
10:04:25 | INFO |   └─ Pre-downsample keypoints number: 5932
[10:04:25] INFO |   └─ Filtering keypoints to 10000 per tile...
10:04:25 | INFO |   └─ Filtering keypoints to 10000 per tile...
[10:04:25] INFO |   └─ Pre-downsample keypoints number: 6340
10:04:25 | INFO |   └─ Pre-downsample keypoints number: 6340
[10:04:25] INFO |   └─ Filtering keypoints to 10000 per tile...
10:04:25 | INFO |   └─ Filtering keypoints to 10000 per tile...
[10:04:25] INFO |   └─ Deleting kpts without candidate in radius 2*1.5m...
10:04:25 | INFO |   └─ Deleting kpts without candidate in radius 2*1.5m...
[10:04:25] INFO |       └─ 3737 keypoints kept (63.00%) 
10:04:25 | INFO |       └─ 3737 keypoints kept (63.00%) 
[10:04:25] INFO |       └─ 4155 keypoints kept (65.54%) 
10:04:25 | INFO |       └─ 4155 keypoints kept (65.54%) 
[10:04:25] INFO | [3/7] Description
10:04:25 | INFO | [3/7] Description
[10:04:25] INFO |   └─ Computing descriptors for Tile A...
10:04:25 | INFO |   └─ Computing descriptors for Tile A...
[10:04:25] INFO |       └─ batch 1/1...
10:04:25 | INFO |       └─ batch 1/1...
[10:04:26] INFO |   └─ Computing descriptors for Tile B...
10:04:26 | INFO |   └─ Computing descriptors for Tile B...
[10:04:26] INFO |       └─ batch 1/1...
10:04:26 | INFO |       └─ batch 1/1...
[10:04:27] INFO | [4/7] Matching
10:04:27 | INFO | [4/7] Matching
[10:04:27] INFO |   └─ Applying reciprocity test...
10:04:27 | INFO |   └─ Applying reciprocity test...
[10:04:27] INFO |   └─ Keeping 6.66% reciprocal matches
10:04:27 | INFO |   └─ Keeping 6.66% reciprocal matches
[10:04:27] INFO | [5/7] RANSAC filtering
10:04:27 | INFO | [5/7] RANSAC filtering
[10:04:27] INFO |   └─ WARNING Tile 1: only 8 inliers < 50, deleting...
10:04:27 | INFO |   └─ WARNING Tile 1: only 8 inliers < 50, deleting...
[10:04:27] INFO |   └─ No matches survived RANSAC filtering.
10:04:27 | INFO |   └─ No matches survived RANSAC filtering.
[10:04:27] INFO | [6/7] ICP refinement
10:04:27 | INFO | [6/7] ICP refinement
[10:04:27] INFO |   └─ No matches to refine with ICP.
10:04:27 | INFO |   └─ No matches to refine with ICP.
[10:04:27] INFO | [7/7] Building output
10:04:27 | INFO | [7/7] Building output
[10:04:27] INFO |   └─ No correspondences to save.
10:04:27 | INFO |   └─ No correspondences to save.
[10:04:27] INFO | Starting LiMatch pipeline...
10:04:27 | INFO | Starting LiMatch pipeline...
[10:04:27] INFO |   └─ Will save data at: /media/b085164/Elements/CALIB_26_02_25/georef_ALL_traj_outage_1/limatch_crossings1/merged_1000_VUX_PUCK/chunk_1105__chunk_3164/
10:04:27 | INFO |   └─ Will save data at: /media/b085164/Elements/CALIB_26_02_25/georef_ALL_traj_outage_1/limatch_crossings1/merged_1000_VUX_PUCK/chunk_1105__chunk_3164/
[10:04:27] INFO | Visualization set to False
10:04:27 | INFO | Visualization set to False
[10:04:27] INFO | [0/7] Model setup
10:04:27 | INFO | [0/7] Model setup
[10:04:27] INFO |   └─ Using CUDA for descriptor inference.
10:04:27 | INFO |   └─ Using CUDA for descriptor inference.
[10:04:27] INFO |   └─ Loading from: /home/b085164/PDM_Romain_Defferrard/ESO-PDM/Patcher/submodules/limatch/weights/model.pth
10:04:27 | INFO |   └─ Loading from: /home/b085164/PDM_Romain_Defferrard/ESO-PDM/Patcher/submodules/limatch/weights/model.pth
[10:04:27] INFO |   └─ Loaded nested checkpoint with key 'model'.
10:04:27 | INFO |   └─ Loaded nested checkpoint with key 'model'.
[10:04:27] INFO |   └─ Descriptor model successfully loaded and set to eval() mode.
10:04:27 | INFO |   └─ Descriptor model successfully loaded and set to eval() mode.
[10:04:27] INFO | [1/7] Preprocessing
10:04:27 | INFO | [1/7] Preprocessing
[10:04:27] INFO |   └─ Loading point clouds...
10:04:27 | INFO |   └─ Loading point clouds...
[10:04:28] INFO |   └─ Loaded laser vectors from LAS extra bytes: /media/b085164/Elements/CALIB_26_02_25/georef_ALL_traj_outage_1/scenario_combined/chunks_15m/merged_1000_VUX_PUCK/chunk_1105.las
10:04:28 | INFO |   └─ Loaded laser vectors from LAS extra bytes: /media/b085164/Elements/CALIB_26_02_25/georef_ALL_traj_outage_1/scenario_combined/chunks_15m/merged_1000_VUX_PUCK/chunk_1105.las
[10:04:28] INFO |   └─ Loaded laser vectors from LAS extra bytes: /media/b085164/Elements/CALIB_26_02_25/georef_ALL_traj_outage_1/scenario_combined/chunks_15m/merged_3000_VUX_PUCK/chunk_3164.las
10:04:28 | INFO |   └─ Loaded laser vectors from LAS extra bytes: /media/b085164/Elements/CALIB_26_02_25/georef_ALL_traj_outage_1/scenario_combined/chunks_15m/merged_3000_VUX_PUCK/chunk_3164.las
[10:04:28] INFO |   └─ Tiling with size 500x500...
10:04:28 | INFO |   └─ Tiling with size 500x500...
[10:04:29] INFO |   └─ Shifting point clouds toward origin...
10:04:29 | INFO |   └─ Shifting point clouds toward origin...
[10:04:29] INFO |       └─ [2543985.63 1157984.3      899.91] m...
10:04:29 | INFO |       └─ [2543985.63 1157984.3      899.91] m...
[10:04:29] INFO |       └─ (Coordinates shifted back at export)
10:04:29 | INFO |       └─ (Coordinates shifted back at export)
[10:04:29] INFO |   └─ Generated 1 valid tiles.
10:04:29 | INFO |   └─ Generated 1 valid tiles.
[10:04:29] INFO |   └─ Applying voxelization with size 0.025 m...
10:04:29 | INFO |   └─ Applying voxelization with size 0.025 m...
[10:04:29] INFO |       └─ voxelized from 936595 to 468580 pts (50.03%)
10:04:29 | INFO |       └─ voxelized from 936595 to 468580 pts (50.03%)
[10:04:30] INFO |       └─ voxelized from 902619 to 441590 pts (48.92%)
10:04:30 | INFO |       └─ voxelized from 902619 to 441590 pts (48.92%)
[10:04:30] INFO | [2/7] Keypoint detection
10:04:30 | INFO | [2/7] Keypoint detection
[10:04:31] INFO |   └─ Downsampling keypoints to max 10000 points...
10:04:31 | INFO |   └─ Downsampling keypoints to max 10000 points...
[10:04:31] INFO |   └─ Pre-downsample keypoints number: 5763
10:04:31 | INFO |   └─ Pre-downsample keypoints number: 5763
[10:04:31] INFO |   └─ Filtering keypoints to 10000 per tile...
10:04:31 | INFO |   └─ Filtering keypoints to 10000 per tile...
[10:04:31] INFO |   └─ Pre-downsample keypoints number: 5745
10:04:31 | INFO |   └─ Pre-downsample keypoints number: 5745
[10:04:31] INFO |   └─ Filtering keypoints to 10000 per tile...
10:04:31 | INFO |   └─ Filtering keypoints to 10000 per tile...
[10:04:31] INFO |   └─ Deleting kpts without candidate in radius 2*1.5m...
10:04:31 | INFO |   └─ Deleting kpts without candidate in radius 2*1.5m...
[10:04:31] INFO |       └─ 3408 keypoints kept (59.14%) 
10:04:31 | INFO |       └─ 3408 keypoints kept (59.14%) 
[10:04:31] INFO |       └─ 3524 keypoints kept (61.34%) 
10:04:31 | INFO |       └─ 3524 keypoints kept (61.34%) 
[10:04:31] INFO | [3/7] Description
10:04:31 | INFO | [3/7] Description
[10:04:31] INFO |   └─ Computing descriptors for Tile A...
10:04:31 | INFO |   └─ Computing descriptors for Tile A...
[10:04:31] INFO |       └─ batch 1/1...
10:04:31 | INFO |       └─ batch 1/1...
[10:04:32] INFO |   └─ Computing descriptors for Tile B...
10:04:32 | INFO |   └─ Computing descriptors for Tile B...
[10:04:32] INFO |       └─ batch 1/1...
10:04:32 | INFO |       └─ batch 1/1...
[10:04:33] INFO | [4/7] Matching
10:04:33 | INFO | [4/7] Matching
[10:04:33] INFO |   └─ Applying reciprocity test...
10:04:33 | INFO |   └─ Applying reciprocity test...
[10:04:33] INFO |   └─ Keeping 6.28% reciprocal matches
10:04:33 | INFO |   └─ Keeping 6.28% reciprocal matches
[10:04:33] INFO | [5/7] RANSAC filtering
10:04:33 | INFO | [5/7] RANSAC filtering
[10:04:33] INFO |   └─ WARNING Tile 1: only 3 inliers < 50, deleting...
10:04:33 | INFO |   └─ WARNING Tile 1: only 3 inliers < 50, deleting...
[10:04:33] INFO |   └─ No matches survived RANSAC filtering.
10:04:33 | INFO |   └─ No matches survived RANSAC filtering.
[10:04:33] INFO | [6/7] ICP refinement
10:04:33 | INFO | [6/7] ICP refinement
[10:04:33] INFO |   └─ No matches to refine with ICP.
10:04:33 | INFO |   └─ No matches to refine with ICP.
[10:04:33] INFO | [7/7] Building output
10:04:33 | INFO | [7/7] Building output
[10:04:33] INFO |   └─ No correspondences to save.
10:04:33 | INFO |   └─ No correspondences to save.
[10:04:33] INFO | Starting LiMatch pipeline...
10:04:33 | INFO | Starting LiMatch pipeline...
[10:04:33] INFO |   └─ Will save data at: /media/b085164/Elements/CALIB_26_02_25/georef_ALL_traj_outage_1/limatch_crossings1/merged_1000_VUX_PUCK/chunk_1106__chunk_3163/
10:04:33 | INFO |   └─ Will save data at: /media/b085164/Elements/CALIB_26_02_25/georef_ALL_traj_outage_1/limatch_crossings1/merged_1000_VUX_PUCK/chunk_1106__chunk_3163/
[10:04:33] INFO | Visualization set to False
10:04:33 | INFO | Visualization set to False
[10:04:33] INFO | [0/7] Model setup
10:04:33 | INFO | [0/7] Model setup
[10:04:33] INFO |   └─ Using CUDA for descriptor inference.
10:04:33 | INFO |   └─ Using CUDA for descriptor inference.
[10:04:33] INFO |   └─ Loading from: /home/b085164/PDM_Romain_Defferrard/ESO-PDM/Patcher/submodules/limatch/weights/model.pth
10:04:33 | INFO |   └─ Loading from: /home/b085164/PDM_Romain_Defferrard/ESO-PDM/Patcher/submodules/limatch/weights/model.pth
[10:04:33] INFO |   └─ Loaded nested checkpoint with key 'model'.
10:04:33 | INFO |   └─ Loaded nested checkpoint with key 'model'.
[10:04:33] INFO |   └─ Descriptor model successfully loaded and set to eval() mode.
10:04:33 | INFO |   └─ Descriptor model successfully loaded and set to eval() mode.
[10:04:33] INFO | [1/7] Preprocessing
10:04:33 | INFO | [1/7] Preprocessing
[10:04:33] INFO |   └─ Loading point clouds...
10:04:33 | INFO |   └─ Loading point clouds...
[10:04:34] INFO |   └─ Loaded laser vectors from LAS extra bytes: /media/b085164/Elements/CALIB_26_02_25/georef_ALL_traj_outage_1/scenario_combined/chunks_15m/merged_1000_VUX_PUCK/chunk_1106.las
10:04:34 | INFO |   └─ Loaded laser vectors from LAS extra bytes: /media/b085164/Elements/CALIB_26_02_25/georef_ALL_traj_outage_1/scenario_combined/chunks_15m/merged_1000_VUX_PUCK/chunk_1106.las
[10:04:34] INFO |   └─ Loaded laser vectors from LAS extra bytes: /media/b085164/Elements/CALIB_26_02_25/georef_ALL_traj_outage_1/scenario_combined/chunks_15m/merged_3000_VUX_PUCK/chunk_3163.las
10:04:34 | INFO |   └─ Loaded laser vectors from LAS extra bytes: /media/b085164/Elements/CALIB_26_02_25/georef_ALL_traj_outage_1/scenario_combined/chunks_15m/merged_3000_VUX_PUCK/chunk_3163.las
[10:04:34] INFO |   └─ Tiling with size 500x500...
10:04:34 | INFO |   └─ Tiling with size 500x500...
[10:04:35] INFO |   └─ Shifting point clouds toward origin...
10:04:35 | INFO |   └─ Shifting point clouds toward origin...
[10:04:35] INFO |       └─ [2543999.67 1157990.47     900.  ] m...
10:04:35 | INFO |       └─ [2543999.67 1157990.47     900.  ] m...
[10:04:35] INFO |       └─ (Coordinates shifted back at export)
10:04:35 | INFO |       └─ (Coordinates shifted back at export)
[10:04:35] INFO |   └─ Generated 1 valid tiles.
10:04:35 | INFO |   └─ Generated 1 valid tiles.
[10:04:35] INFO |   └─ Applying voxelization with size 0.025 m...
10:04:35 | INFO |   └─ Applying voxelization with size 0.025 m...
[10:04:35] INFO |       └─ voxelized from 979522 to 515198 pts (52.60%)
10:04:35 | INFO |       └─ voxelized from 979522 to 515198 pts (52.60%)
[10:04:36] INFO |       └─ voxelized from 989133 to 501273 pts (50.68%)
10:04:36 | INFO |       └─ voxelized from 989133 to 501273 pts (50.68%)
[10:04:36] INFO | [2/7] Keypoint detection
10:04:36 | INFO | [2/7] Keypoint detection
[10:04:37] INFO |   └─ Downsampling keypoints to max 10000 points...
10:04:37 | INFO |   └─ Downsampling keypoints to max 10000 points...
[10:04:37] INFO |   └─ Pre-downsample keypoints number: 5958
10:04:37 | INFO |   └─ Pre-downsample keypoints number: 5958
[10:04:37] INFO |   └─ Filtering keypoints to 10000 per tile...
10:04:37 | INFO |   └─ Filtering keypoints to 10000 per tile...
[10:04:37] INFO |   └─ Pre-downsample keypoints number: 6737
10:04:37 | INFO |   └─ Pre-downsample keypoints number: 6737
[10:04:37] INFO |   └─ Filtering keypoints to 10000 per tile...
10:04:37 | INFO |   └─ Filtering keypoints to 10000 per tile...
[10:04:37] INFO |   └─ Deleting kpts without candidate in radius 2*1.5m...
10:04:37 | INFO |   └─ Deleting kpts without candidate in radius 2*1.5m...
[10:04:37] INFO |       └─ 3520 keypoints kept (59.08%) 
10:04:37 | INFO |       └─ 3520 keypoints kept (59.08%) 
[10:04:37] INFO |       └─ 5420 keypoints kept (80.45%) 
10:04:37 | INFO |       └─ 5420 keypoints kept (80.45%) 
[10:04:37] INFO | [3/7] Description
10:04:37 | INFO | [3/7] Description
[10:04:37] INFO |   └─ Computing descriptors for Tile A...
10:04:37 | INFO |   └─ Computing descriptors for Tile A...
[10:04:37] INFO |       └─ batch 1/1...
10:04:37 | INFO |       └─ batch 1/1...
[10:04:38] INFO |   └─ Computing descriptors for Tile B...
10:04:38 | INFO |   └─ Computing descriptors for Tile B...
[10:04:38] INFO |       └─ batch 1/1...
10:04:38 | INFO |       └─ batch 1/1...
[10:04:39] INFO | [4/7] Matching
10:04:39 | INFO | [4/7] Matching
[10:04:39] INFO |   └─ Applying reciprocity test...
10:04:39 | INFO |   └─ Applying reciprocity test...
[10:04:39] INFO |   └─ Keeping 8.89% reciprocal matches
10:04:39 | INFO |   └─ Keeping 8.89% reciprocal matches
[10:04:39] INFO | [5/7] RANSAC filtering
10:04:39 | INFO | [5/7] RANSAC filtering
[10:04:39] INFO |   └─ WARNING Tile 1: only 2 inliers < 50, deleting...
10:04:39 | INFO |   └─ WARNING Tile 1: only 2 inliers < 50, deleting...
[10:04:39] INFO |   └─ No matches survived RANSAC filtering.
10:04:39 | INFO |   └─ No matches survived RANSAC filtering.
[10:04:39] INFO | [6/7] ICP refinement
10:04:39 | INFO | [6/7] ICP refinement
[10:04:39] INFO |   └─ No matches to refine with ICP.
10:04:39 | INFO |   └─ No matches to refine with ICP.
[10:04:39] INFO | [7/7] Building output
10:04:39 | INFO | [7/7] Building output
[10:04:39] INFO |   └─ No correspondences to save.
10:04:39 | INFO |   └─ No correspondences to save.
[10:04:40] INFO | Starting LiMatch pipeline...
10:04:40 | INFO | Starting LiMatch pipeline...
[10:04:40] INFO |   └─ Will save data at: /media/b085164/Elements/CALIB_26_02_25/georef_ALL_traj_outage_1/limatch_crossings1/merged_1000_VUX_PUCK/chunk_1107__chunk_3162/
10:04:40 | INFO |   └─ Will save data at: /media/b085164/Elements/CALIB_26_02_25/georef_ALL_traj_outage_1/limatch_crossings1/merged_1000_VUX_PUCK/chunk_1107__chunk_3162/
[10:04:40] INFO | Visualization set to False
10:04:40 | INFO | Visualization set to False
[10:04:40] INFO | [0/7] Model setup
10:04:40 | INFO | [0/7] Model setup
[10:04:40] INFO |   └─ Using CUDA for descriptor inference.
10:04:40 | INFO |   └─ Using CUDA for descriptor inference.
[10:04:40] INFO |   └─ Loading from: /home/b085164/PDM_Romain_Defferrard/ESO-PDM/Patcher/submodules/limatch/weights/model.pth
10:04:40 | INFO |   └─ Loading from: /home/b085164/PDM_Romain_Defferrard/ESO-PDM/Patcher/submodules/limatch/weights/model.pth
[10:04:40] INFO |   └─ Loaded nested checkpoint with key 'model'.
10:04:40 | INFO |   └─ Loaded nested checkpoint with key 'model'.
[10:04:40] INFO |   └─ Descriptor model successfully loaded and set to eval() mode.
10:04:40 | INFO |   └─ Descriptor model successfully loaded and set to eval() mode.
[10:04:40] INFO | [1/7] Preprocessing
10:04:40 | INFO | [1/7] Preprocessing
[10:04:40] INFO |   └─ Loading point clouds...
10:04:40 | INFO |   └─ Loading point clouds...
[10:04:40] INFO |   └─ Loaded laser vectors from LAS extra bytes: /media/b085164/Elements/CALIB_26_02_25/georef_ALL_traj_outage_1/scenario_combined/chunks_15m/merged_1000_VUX_PUCK/chunk_1107.las
10:04:40 | INFO |   └─ Loaded laser vectors from LAS extra bytes: /media/b085164/Elements/CALIB_26_02_25/georef_ALL_traj_outage_1/scenario_combined/chunks_15m/merged_1000_VUX_PUCK/chunk_1107.las
[10:04:41] INFO |   └─ Loaded laser vectors from LAS extra bytes: /media/b085164/Elements/CALIB_26_02_25/georef_ALL_traj_outage_1/scenario_combined/chunks_15m/merged_3000_VUX_PUCK/chunk_3162.las
10:04:41 | INFO |   └─ Loaded laser vectors from LAS extra bytes: /media/b085164/Elements/CALIB_26_02_25/georef_ALL_traj_outage_1/scenario_combined/chunks_15m/merged_3000_VUX_PUCK/chunk_3162.las
[10:04:41] INFO |   └─ Tiling with size 500x500...
10:04:41 | INFO |   └─ Tiling with size 500x500...
[10:04:42] INFO |   └─ Shifting point clouds toward origin...
10:04:42 | INFO |   └─ Shifting point clouds toward origin...
[10:04:42] INFO |       └─ [2544013.14 1157996.33     900.13] m...
10:04:42 | INFO |       └─ [2544013.14 1157996.33     900.13] m...
[10:04:42] INFO |       └─ (Coordinates shifted back at export)
10:04:42 | INFO |       └─ (Coordinates shifted back at export)
[10:04:42] INFO |   └─ Generated 1 valid tiles.
10:04:42 | INFO |   └─ Generated 1 valid tiles.
[10:04:42] INFO |   └─ Applying voxelization with size 0.025 m...
10:04:42 | INFO |   └─ Applying voxelization with size 0.025 m...
[10:04:42] INFO |       └─ voxelized from 1017254 to 543951 pts (53.47%)
10:04:42 | INFO |       └─ voxelized from 1017254 to 543951 pts (53.47%)
[10:04:43] INFO |       └─ voxelized from 1096364 to 612359 pts (55.85%)
10:04:43 | INFO |       └─ voxelized from 1096364 to 612359 pts (55.85%)
[10:04:43] INFO | [2/7] Keypoint detection
10:04:43 | INFO | [2/7] Keypoint detection
[10:04:45] INFO |   └─ Downsampling keypoints to max 10000 points...
10:04:45 | INFO |   └─ Downsampling keypoints to max 10000 points...
[10:04:45] INFO |   └─ Pre-downsample keypoints number: 7098
10:04:45 | INFO |   └─ Pre-downsample keypoints number: 7098
[10:04:45] INFO |   └─ Filtering keypoints to 10000 per tile...
10:04:45 | INFO |   └─ Filtering keypoints to 10000 per tile...
[10:04:45] INFO |   └─ Pre-downsample keypoints number: 8640
10:04:45 | INFO |   └─ Pre-downsample keypoints number: 8640
[10:04:45] INFO |   └─ Filtering keypoints to 10000 per tile...
10:04:45 | INFO |   └─ Filtering keypoints to 10000 per tile...
[10:04:45] INFO |   └─ Deleting kpts without candidate in radius 2*1.5m...
10:04:45 | INFO |   └─ Deleting kpts without candidate in radius 2*1.5m...
[10:04:45] INFO |       └─ 5305 keypoints kept (74.74%) 
10:04:45 | INFO |       └─ 5305 keypoints kept (74.74%) 
[10:04:45] INFO |       └─ 7356 keypoints kept (85.14%) 
10:04:45 | INFO |       └─ 7356 keypoints kept (85.14%) 
[10:04:45] INFO | [3/7] Description
10:04:45 | INFO | [3/7] Description
[10:04:45] INFO |   └─ Computing descriptors for Tile A...
10:04:45 | INFO |   └─ Computing descriptors for Tile A...
[10:04:45] INFO |       └─ batch 1/1...
10:04:45 | INFO |       └─ batch 1/1...
[10:04:46] INFO |   └─ Computing descriptors for Tile B...
10:04:46 | INFO |   └─ Computing descriptors for Tile B...
[10:04:46] INFO |       └─ batch 1/1...
10:04:46 | INFO |       └─ batch 1/1...
[10:04:47] INFO | [4/7] Matching
10:04:47 | INFO | [4/7] Matching
[10:04:48] INFO |   └─ Applying reciprocity test...
10:04:48 | INFO |   └─ Applying reciprocity test...
[10:04:48] INFO |   └─ Keeping 12.78% reciprocal matches
10:04:48 | INFO |   └─ Keeping 12.78% reciprocal matches
[10:04:48] INFO | [5/7] RANSAC filtering
10:04:48 | INFO | [5/7] RANSAC filtering
[10:04:48] INFO |   └─ Tile 1: keeping 41.89%
10:04:48 | INFO |   └─ Tile 1: keeping 41.89%
[10:04:48] INFO | [6/7] ICP refinement
10:04:48 | INFO | [6/7] ICP refinement
[10:04:48] INFO |   └─ ICP refining tile 1 with 284 correspondences...
10:04:48 | INFO |   └─ ICP refining tile 1 with 284 correspondences...
[10:04:52] INFO | [7/7] Building output
10:04:52 | INFO | [7/7] Building output
[10:04:52] INFO |   └─ Loading trajectory from SBET: /media/b085164/Elements/CALIB_26_02_25/ODyN_calib/base_v0/out/ODyN_GNSS_INS.out...
10:04:52 | INFO |   └─ Loading trajectory from SBET: /media/b085164/Elements/CALIB_26_02_25/ODyN_calib/base_v0/out/ODyN_GNSS_INS.out...
[10:04:52] INFO |       └─ Loaded 39900 trajectory points.
10:04:52 | INFO |       └─ Loaded 39900 trajectory points.
[10:04:52] INFO |       └─ Time span: 304790.004265 to 306784.9542645355 s.
10:04:52 | INFO |       └─ Time span: 304790.004265 to 306784.9542645355 s.
[10:04:52] INFO |   └─ Using input laser vectors for correspondences...
10:04:52 | INFO |   └─ Using input laser vectors for correspondences...
[10:04:52] INFO |   └─ Correcting laser vectors B with ICP results...
10:04:52 | INFO |   └─ Correcting laser vectors B with ICP results...
[10:04:52] INFO |   └─ Saving to /media/b085164/Elements/CALIB_26_02_25/georef_ALL_traj_outage_1/limatch_crossings1/merged_1000_VUX_PUCK/chunk_1107__chunk_3162/cor_outputs/
10:04:52 | INFO |   └─ Saving to /media/b085164/Elements/CALIB_26_02_25/georef_ALL_traj_outage_1/limatch_crossings1/merged_1000_VUX_PUCK/chunk_1107__chunk_3162/cor_outputs/
[10:04:53] INFO | [Pipeline summary]
10:04:53 | INFO | [Pipeline summary]
[10:04:53] INFO |       Model setup: 0.06s
10:04:53 | INFO |       Model setup: 0.06s
[10:04:53] INFO |     Preprocessing: 3.29s
10:04:53 | INFO |     Preprocessing: 3.29s
[10:04:53] INFO |         Detection: 1.51s
10:04:53 | INFO |         Detection: 1.51s
[10:04:53] INFO |       Description: 2.74s
10:04:53 | INFO |       Description: 2.74s
[10:04:53] INFO |          Matching: 0.23s
10:04:53 | INFO |          Matching: 0.23s
[10:04:53] INFO |            RANSAC: 0.00s
10:04:53 | INFO |            RANSAC: 0.00s
[10:04:53] INFO |               ICP: 4.10s
10:04:53 | INFO |               ICP: 4.10s
[10:04:53] INFO |             Total: 13.56s
10:04:53 | INFO |             Total: 13.56s
[10:04:53] INFO | [Metrics]
10:04:53 | INFO | [Metrics]
[10:04:53] INFO |          Points A: 541640
10:04:53 | INFO |          Points A: 541640
[10:04:53] INFO |          Points B: 610087
10:04:53 | INFO |          Points B: 610087
[10:04:53] INFO |        Tiles num.: 1
10:04:53 | INFO |        Tiles num.: 1
[10:04:53] INFO |       Keypoints A: 5305
10:04:53 | INFO |       Keypoints A: 5305
[10:04:53] INFO |       Keypoints B: 7356
10:04:53 | INFO |       Keypoints B: 7356
[10:04:53] INFO |       Raw matches: 678
10:04:53 | INFO |       Raw matches: 678
[10:04:53] INFO |    RANSAC matches: 284
10:04:53 | INFO |    RANSAC matches: 284
[10:04:53] INFO | Peak RAM: 1.91 GB
10:04:53 | INFO | Peak RAM: 1.91 GB
[10:04:53] INFO | LiMatch pipeline completed.
10:04:53 | INFO | LiMatch pipeline completed.
[10:04:53] INFO | Starting LiMatch pipeline...
10:04:53 | INFO | Starting LiMatch pipeline...
[10:04:53] INFO |   └─ Will save data at: /media/b085164/Elements/CALIB_26_02_25/georef_ALL_traj_outage_1/limatch_crossings1/merged_1000_VUX_PUCK/chunk_1108__chunk_3161/
10:04:53 | INFO |   └─ Will save data at: /media/b085164/Elements/CALIB_26_02_25/georef_ALL_traj_outage_1/limatch_crossings1/merged_1000_VUX_PUCK/chunk_1108__chunk_3161/
[10:04:53] INFO | Visualization set to False
10:04:53 | INFO | Visualization set to False
[10:04:53] INFO | [0/7] Model setup
10:04:53 | INFO | [0/7] Model setup
[10:04:53] INFO |   └─ Using CUDA for descriptor inference.
10:04:53 | INFO |   └─ Using CUDA for descriptor inference.
[10:04:53] INFO |   └─ Loading from: /home/b085164/PDM_Romain_Defferrard/ESO-PDM/Patcher/submodules/limatch/weights/model.pth
10:04:53 | INFO |   └─ Loading from: /home/b085164/PDM_Romain_Defferrard/ESO-PDM/Patcher/submodules/limatch/weights/model.pth
[10:04:53] INFO |   └─ Loaded nested checkpoint with key 'model'.
10:04:53 | INFO |   └─ Loaded nested checkpoint with key 'model'.
[10:04:53] INFO |   └─ Descriptor model successfully loaded and set to eval() mode.
10:04:53 | INFO |   └─ Descriptor model successfully loaded and set to eval() mode.
[10:04:53] INFO | [1/7] Preprocessing
10:04:53 | INFO | [1/7] Preprocessing
[10:04:53] INFO |   └─ Loading point clouds...
10:04:53 | INFO |   └─ Loading point clouds...
[10:04:54] INFO |   └─ Loaded laser vectors from LAS extra bytes: /media/b085164/Elements/CALIB_26_02_25/georef_ALL_traj_outage_1/scenario_combined/chunks_15m/merged_1000_VUX_PUCK/chunk_1108.las
10:04:54 | INFO |   └─ Loaded laser vectors from LAS extra bytes: /media/b085164/Elements/CALIB_26_02_25/georef_ALL_traj_outage_1/scenario_combined/chunks_15m/merged_1000_VUX_PUCK/chunk_1108.las
[10:04:55] INFO |   └─ Loaded laser vectors from LAS extra bytes: /media/b085164/Elements/CALIB_26_02_25/georef_ALL_traj_outage_1/scenario_combined/chunks_15m/merged_3000_VUX_PUCK/chunk_3161.las
10:04:55 | INFO |   └─ Loaded laser vectors from LAS extra bytes: /media/b085164/Elements/CALIB_26_02_25/georef_ALL_traj_outage_1/scenario_combined/chunks_15m/merged_3000_VUX_PUCK/chunk_3161.las
[10:04:55] INFO |   └─ Tiling with size 500x500...
10:04:55 | INFO |   └─ Tiling with size 500x500...
[10:04:55] INFO |   └─ Shifting point clouds toward origin...
10:04:55 | INFO |   └─ Shifting point clouds toward origin...
[10:04:55] INFO |       └─ [2544026.23 1158002.74     900.38] m...
10:04:55 | INFO |       └─ [2544026.23 1158002.74     900.38] m...
[10:04:55] INFO |       └─ (Coordinates shifted back at export)
10:04:55 | INFO |       └─ (Coordinates shifted back at export)
[10:04:56] INFO |   └─ Generated 1 valid tiles.
10:04:56 | INFO |   └─ Generated 1 valid tiles.
[10:04:56] INFO |   └─ Applying voxelization with size 0.025 m...
10:04:56 | INFO |   └─ Applying voxelization with size 0.025 m...
[10:04:56] INFO |       └─ voxelized from 1094269 to 621799 pts (56.82%)
10:04:56 | INFO |       └─ voxelized from 1094269 to 621799 pts (56.82%)
[10:04:57] INFO |       └─ voxelized from 1199490 to 708021 pts (59.03%)
10:04:57 | INFO |       └─ voxelized from 1199490 to 708021 pts (59.03%)
[10:04:57] INFO | [2/7] Keypoint detection
10:04:57 | INFO | [2/7] Keypoint detection
[10:04:59] INFO |   └─ Downsampling keypoints to max 10000 points...
10:04:59 | INFO |   └─ Downsampling keypoints to max 10000 points...
[10:04:59] INFO |   └─ Pre-downsample keypoints number: 9830
10:04:59 | INFO |   └─ Pre-downsample keypoints number: 9830
[10:04:59] INFO |   └─ Filtering keypoints to 10000 per tile...
10:04:59 | INFO |   └─ Filtering keypoints to 10000 per tile...
[10:04:59] INFO |   └─ Pre-downsample keypoints number: 11020
10:04:59 | INFO |   └─ Pre-downsample keypoints number: 11020
[10:04:59] INFO |   └─ Filtering keypoints to 10000 per tile...
10:04:59 | INFO |   └─ Filtering keypoints to 10000 per tile...
[10:04:59] INFO |   └─ Deleting kpts without candidate in radius 2*1.5m...
10:04:59 | INFO |   └─ Deleting kpts without candidate in radius 2*1.5m...
[10:04:59] INFO |       └─ 6655 keypoints kept (67.70%) 
10:04:59 | INFO |       └─ 6655 keypoints kept (67.70%) 
[10:04:59] INFO |       └─ 8654 keypoints kept (86.54%) 
10:04:59 | INFO |       └─ 8654 keypoints kept (86.54%) 
[10:04:59] INFO | [3/7] Description
10:04:59 | INFO | [3/7] Description
[10:04:59] INFO |   └─ Computing descriptors for Tile A...
10:04:59 | INFO |   └─ Computing descriptors for Tile A...
[10:04:59] INFO |       └─ batch 1/1...
10:04:59 | INFO |       └─ batch 1/1...
[10:05:00] INFO |   └─ Computing descriptors for Tile B...
10:05:00 | INFO |   └─ Computing descriptors for Tile B...
[10:05:00] INFO |       └─ batch 1/1...
10:05:00 | INFO |       └─ batch 1/1...
[10:05:02] INFO | [4/7] Matching
10:05:02 | INFO | [4/7] Matching
[10:05:02] INFO |   └─ Applying reciprocity test...
10:05:02 | INFO |   └─ Applying reciprocity test...
[10:05:02] INFO |   └─ Keeping 23.17% reciprocal matches
10:05:02 | INFO |   └─ Keeping 23.17% reciprocal matches
[10:05:02] INFO | [5/7] RANSAC filtering
10:05:02 | INFO | [5/7] RANSAC filtering
[10:05:02] INFO |   └─ Tile 1: keeping 51.75%
10:05:02 | INFO |   └─ Tile 1: keeping 51.75%
[10:05:02] INFO | [6/7] ICP refinement
10:05:02 | INFO | [6/7] ICP refinement
[10:05:02] INFO |   └─ ICP refining tile 1 with 798 correspondences...
10:05:02 | INFO |   └─ ICP refining tile 1 with 798 correspondences...
