08:29:17 | INFO | 
08:29:17 | INFO | ============================================================
08:29:17 | INFO |                  PIPELINE CONFIGURATION
08:29:17 | INFO | ============================================================
08:29:17 | INFO | Mode: patcher
08:29:17 | INFO | Scenario name: georef_ALL_traj_outage_1
08:29:17 | INFO | 
08:29:17 | INFO | Trajectory:
08:29:17 | INFO |    Path: /media/b085164/Elements/CALIB_26_02_25/ODyN_calib/Outage_1_305120_305700/traj_outage/outage_1.out
08:29:17 | INFO |    Type: SBET
08:29:17 | INFO | 
08:29:17 | INFO | Distance filtering:
08:29:17 | INFO |    enable: True
08:29:17 | INFO |    max_distance_m: 30
08:29:17 | INFO |    map_epsg: EPSG:2056
08:29:17 | INFO |    filter_trj: None
08:29:17 | INFO | 
08:29:17 | INFO | Scanners:
08:29:17 | INFO |    ha_cfg: navtools_PDM/PDM_configs/scanner_HA.yml  (scanner_name=HA)
08:29:17 | INFO |    lr_cfg: navtools_PDM/PDM_configs/scanner_LR.yml  (scanner_name=LR)
08:29:17 | INFO |    puck_cfg: navtools_PDM/PDM_configs/scanner_PUCK.yml  (scanner_name=PUCK)
08:29:17 | INFO | 
08:29:17 | INFO | Paths:
08:29:17 | INFO |    root_out_dir: /media/b085164/Elements/CALIB_26_02_25
08:29:17 | INFO |    patcher_cfg: Patcher/config/MLS_Epalinges_config.yml
08:29:17 | INFO |    limatch_cfg: Patcher/submodules/limatch/configs/MLS.yml
08:29:17 | INFO |    gps_input: /media/b085164/Elements/CALIB_26_02_25/ODyN_calib/base_v0/in/GPS.txt
08:29:17 | INFO | 
08:29:17 | INFO | Steps:
08:29:17 | INFO |    georef: False
08:29:17 | INFO |    merge: False
08:29:17 | INFO |    chunk: False
08:29:17 | INFO |    limatch: True
08:29:17 | INFO |    gps_outage_file: False
08:29:17 | INFO | 
08:29:17 | INFO | Merge:
08:29:17 | INFO |    out_prefix: merged_
08:29:17 | INFO |    out_suffix: _HA_LR
08:29:17 | INFO | 
08:29:17 | INFO | VUX+PUCK merge:
08:29:17 | INFO |    enabled: False
08:29:17 | INFO |    name: ALL
08:29:17 | INFO |    vux_group: HA_LR
08:29:17 | INFO |    puck_scanner: puck_cfg
08:29:17 | INFO |    output_dir: /media/b085164/Elements/CALIB_26_02_25/georef_ALL_traj_ODyN/merged
08:29:17 | INFO |    manifest_path: None
08:29:17 | INFO |    output_suffix: _VUX_PUCK
08:29:17 | INFO |    scanner_src_vux: 2
08:29:17 | INFO |    scanner_src_puck: 1
08:29:17 | INFO |    chunk_size: 10000000
08:29:17 | INFO | 
08:29:17 | INFO | Chunk:
08:29:17 | INFO |    source: generate
08:29:17 | INFO |    merged_input_root: /media/b085164/Elements/CALIB_26_02_25/georef_ALL_traj_ODyN/merged
08:29:17 | INFO |    reference_scanner: HA
08:29:17 | INFO |    output_root: None
08:29:17 | INFO |    length_m: 15.0
08:29:17 | INFO |    min_last_chunk_m: 10.0
08:29:17 | INFO |    min_points: 2000
08:29:17 | INFO |    epsg_out: EPSG:2056
08:29:17 | INFO |    delimiter: ,
08:29:17 | INFO |    skiprows: 0
08:29:17 | INFO |    cloud_fmt: las
08:29:17 | INFO |    time_field: gps_time
08:29:17 | INFO |    manifest_name: merged_manifest.csv
08:29:17 | INFO |    use_manifest: True
08:29:17 | INFO | 
08:29:17 | INFO | Chunk variant:
08:29:17 | INFO |    type: outage_window
08:29:17 | INFO |    outage_window.enabled: True
08:29:17 | INFO |    outage_window.output_root: /media/b085164/Elements/CALIB_26_02_25/georef_ALL_traj_ODyN/chunks_v2
08:29:17 | INFO |    outage_window.outages: [[305120.0, 580.0]]
08:29:17 | INFO |    outage_window.pre_s: 10.0
08:29:17 | INFO |    outage_window.post_s: 10.0
08:29:17 | INFO | 
08:29:17 | INFO | LiMatch:
08:29:17 | INFO |    run: True
08:29:17 | INFO |    output_root: /media/b085164/Elements/CALIB_26_02_25/georef_ALL_traj_outage_1/Patcher/limatch_25m
08:29:17 | INFO |    neighbor_k: 1
08:29:17 | INFO |    do_cross_scan: False
08:29:17 | INFO |    do_spatial_crossings: False
08:29:17 | INFO |    crossings_output_root: /media/b085164/Elements/CALIB_26_02_25/georef_ALL_traj_ODyN/limatch_crossings_10
08:29:17 | INFO |    crossing_min_separation: 50
08:29:17 | INFO |    crossing_overlap_margin_m: 3.0
08:29:17 | INFO | 
08:29:17 | INFO | Merge correspondences:
08:29:17 | INFO |    enabled: True
08:29:17 | INFO |    output_file: None
08:29:17 | INFO | 
08:29:17 | INFO | Patcher:
08:29:17 | INFO |    run: True
08:29:17 | INFO |    source: existing
08:29:17 | INFO |    output_root: /media/b085164/Elements/CALIB_26_02_25/georef_ALL_traj_outage_1/Patcher/cropped/pairs_2
08:29:17 | INFO |    gps_outage_file:
08:29:17 | INFO |       enabled: False
08:29:17 | INFO |       output_root: /media/b085164/Elements/CALIB_26_02_25/georef_VUX_traj_ODyN/Patcher_long_outage/GPS_outage
08:29:17 | INFO |       outages: [[305120.0, 580.0]]
08:29:17 | INFO | ============================================================
08:29:17 | INFO | 
08:29:17 | INFO | [pipeline] Generating temporary georef configs...
08:29:17 | INFO |    scanner=HA | source=navtools_PDM/PDM_configs/scanner_HA.yml | generated=/media/b085164/Elements/CALIB_26_02_25/georef_ALL_traj_outage_1/tmp/generated_configs/georef_HA.generated.yml
08:29:17 | INFO |    scanner=LR | source=navtools_PDM/PDM_configs/scanner_LR.yml | generated=/media/b085164/Elements/CALIB_26_02_25/georef_ALL_traj_outage_1/tmp/generated_configs/georef_LR.generated.yml
08:29:17 | INFO |    scanner=PUCK | source=navtools_PDM/PDM_configs/scanner_PUCK.yml | generated=/media/b085164/Elements/CALIB_26_02_25/georef_ALL_traj_outage_1/tmp/generated_configs/georef_PUCK.generated.yml
08:29:17 | INFO | [pipeline] Temporary config generation done.
08:29:21 | INFO | Loading faiss with AVX2 support.
08:29:21 | INFO | Successfully loaded faiss with AVX2 support.
[08:29:21] INFO | Starting LiMatch pipeline...
08:29:21 | INFO | Starting LiMatch pipeline...
[08:29:21] INFO |   └─ Will save data at: /media/b085164/Elements/CALIB_26_02_25/georef_ALL_traj_outage_1/Patcher/limatch_25m/Flights_3_4/
08:29:21 | INFO |   └─ Will save data at: /media/b085164/Elements/CALIB_26_02_25/georef_ALL_traj_outage_1/Patcher/limatch_25m/Flights_3_4/
[08:29:21] INFO | Visualization set to False
08:29:21 | INFO | Visualization set to False
[08:29:21] INFO | [0/7] Model setup
08:29:21 | INFO | [0/7] Model setup
[08:29:21] INFO |   └─ Using CUDA for descriptor inference.
08:29:21 | INFO |   └─ Using CUDA for descriptor inference.
[08:29:21] INFO |   └─ Loading from: /home/b085164/PDM_Romain_Defferrard/ESO-PDM/Patcher/submodules/limatch/weights/model.pth
08:29:21 | INFO |   └─ Loading from: /home/b085164/PDM_Romain_Defferrard/ESO-PDM/Patcher/submodules/limatch/weights/model.pth
[08:29:21] INFO |   └─ Loaded nested checkpoint with key 'model'.
08:29:21 | INFO |   └─ Loaded nested checkpoint with key 'model'.
[08:29:21] INFO |   └─ Descriptor model successfully loaded and set to eval() mode.
08:29:21 | INFO |   └─ Descriptor model successfully loaded and set to eval() mode.
[08:29:21] INFO | [1/7] Preprocessing
08:29:21 | INFO | [1/7] Preprocessing
[08:29:21] INFO |   └─ Loading point clouds...
08:29:21 | INFO |   └─ Loading point clouds...
[08:30:10] INFO |   └─ Loaded laser vectors from LAS extra bytes: /media/b085164/Elements/CALIB_26_02_25/georef_ALL_traj_outage_1/Patcher/cropped/pairs_2/Flights_3_4/Patch_from_scan_3_with_4.las
08:30:10 | INFO |   └─ Loaded laser vectors from LAS extra bytes: /media/b085164/Elements/CALIB_26_02_25/georef_ALL_traj_outage_1/Patcher/cropped/pairs_2/Flights_3_4/Patch_from_scan_3_with_4.las
[08:31:36] INFO |   └─ Loaded laser vectors from LAS extra bytes: /media/b085164/Elements/CALIB_26_02_25/georef_ALL_traj_outage_1/Patcher/cropped/pairs_2/Flights_3_4/Patch_from_scan_4_with_3.las
08:31:36 | INFO |   └─ Loaded laser vectors from LAS extra bytes: /media/b085164/Elements/CALIB_26_02_25/georef_ALL_traj_outage_1/Patcher/cropped/pairs_2/Flights_3_4/Patch_from_scan_4_with_3.las
[08:32:18] INFO |   └─ Tiling with size 25x25...
08:32:18 | INFO |   └─ Tiling with size 25x25...
[08:59:05] INFO |   └─ Shifting point clouds toward origin...
08:59:05 | INFO |   └─ Shifting point clouds toward origin...
[08:59:05] INFO |       └─ [2544429.56 1158161.84     900.43] m...
08:59:05 | INFO |       └─ [2544429.56 1158161.84     900.43] m...
[08:59:05] INFO |       └─ (Coordinates shifted back at export)
08:59:05 | INFO |       └─ (Coordinates shifted back at export)
[09:00:06] INFO |   └─ Generated 167 valid tiles.
09:00:06 | INFO |   └─ Generated 167 valid tiles.
[09:00:06] INFO |   └─ Applying voxelization with size 0.025 m...
09:00:06 | INFO |   └─ Applying voxelization with size 0.025 m...
[09:01:16] INFO |       └─ voxelized from 99678314 to 55017854 pts (55.20%)
09:01:16 | INFO |       └─ voxelized from 99678314 to 55017854 pts (55.20%)
[09:02:48] INFO |       └─ voxelized from 108488364 to 62283324 pts (57.41%)
09:02:48 | INFO |       └─ voxelized from 108488364 to 62283324 pts (57.41%)
[09:03:09] INFO | [2/7] Keypoint detection
09:03:09 | INFO | [2/7] Keypoint detection
[09:05:38] INFO |   └─ Downsampling keypoints to max 25000 points...
09:05:38 | INFO |   └─ Downsampling keypoints to max 25000 points...
[09:05:38] INFO |   └─ Pre-downsample keypoints number: 958558
09:05:38 | INFO |   └─ Pre-downsample keypoints number: 958558
[09:05:38] INFO |   └─ Filtering keypoints to 25000 per tile...
09:05:38 | INFO |   └─ Filtering keypoints to 25000 per tile...
[09:05:39] INFO |   └─ Pre-downsample keypoints number: 1123923
09:05:39 | INFO |   └─ Pre-downsample keypoints number: 1123923
[09:05:39] INFO |   └─ Filtering keypoints to 25000 per tile...
09:05:39 | INFO |   └─ Filtering keypoints to 25000 per tile...
[09:05:40] INFO |   └─ Deleting kpts without candidate in radius 2*1.5m...
09:05:40 | INFO |   └─ Deleting kpts without candidate in radius 2*1.5m...
[09:05:41] INFO |       └─ 866041 keypoints kept (91.96%) 
09:05:41 | INFO |       └─ 866041 keypoints kept (91.96%) 
[09:05:41] INFO |       └─ 999362 keypoints kept (93.01%) 
09:05:41 | INFO |       └─ 999362 keypoints kept (93.01%) 
[09:05:41] INFO | [3/7] Description
09:05:41 | INFO | [3/7] Description
[09:05:41] INFO |   └─ Computing descriptors for Tile A...
09:05:41 | INFO |   └─ Computing descriptors for Tile A...
[09:05:41] INFO |       └─ batch 1/18...
09:05:41 | INFO |       └─ batch 1/18...
[09:05:54] INFO |       └─ batch 2/18...
09:05:54 | INFO |       └─ batch 2/18...
[09:06:06] INFO |       └─ batch 3/18...
09:06:06 | INFO |       └─ batch 3/18...
[09:06:19] INFO |       └─ batch 4/18...
09:06:19 | INFO |       └─ batch 4/18...
[09:06:32] INFO |       └─ batch 5/18...
09:06:32 | INFO |       └─ batch 5/18...
[09:06:45] INFO |       └─ batch 6/18...
09:06:45 | INFO |       └─ batch 6/18...
[09:06:57] INFO |       └─ batch 7/18...
09:06:57 | INFO |       └─ batch 7/18...
[09:07:10] INFO |       └─ batch 8/18...
09:07:10 | INFO |       └─ batch 8/18...
[09:07:23] INFO |       └─ batch 9/18...
09:07:23 | INFO |       └─ batch 9/18...
[09:07:36] INFO |       └─ batch 10/18...
09:07:36 | INFO |       └─ batch 10/18...
[09:07:48] INFO |       └─ batch 11/18...
09:07:48 | INFO |       └─ batch 11/18...
[09:07:59] INFO |       └─ batch 12/18...
09:07:59 | INFO |       └─ batch 12/18...
[09:08:11] INFO |       └─ batch 13/18...
09:08:11 | INFO |       └─ batch 13/18...
[09:08:23] INFO |       └─ batch 14/18...
09:08:23 | INFO |       └─ batch 14/18...
[09:08:35] INFO |       └─ batch 15/18...
09:08:35 | INFO |       └─ batch 15/18...
[09:08:48] INFO |       └─ batch 16/18...
09:08:48 | INFO |       └─ batch 16/18...
[09:09:01] INFO |       └─ batch 17/18...
09:09:01 | INFO |       └─ batch 17/18...
[09:09:13] INFO |       └─ batch 18/18...
09:09:13 | INFO |       └─ batch 18/18...
[09:09:17] INFO |   └─ Computing descriptors for Tile B...
09:09:17 | INFO |   └─ Computing descriptors for Tile B...
[09:09:17] INFO |       └─ batch 1/20...
09:09:17 | INFO |       └─ batch 1/20...
[09:09:30] INFO |       └─ batch 2/20...
09:09:30 | INFO |       └─ batch 2/20...
[09:09:44] INFO |       └─ batch 3/20...
09:09:44 | INFO |       └─ batch 3/20...
[09:09:57] INFO |       └─ batch 4/20...
09:09:57 | INFO |       └─ batch 4/20...
[09:10:10] INFO |       └─ batch 5/20...
09:10:10 | INFO |       └─ batch 5/20...
[09:10:24] INFO |       └─ batch 6/20...
09:10:24 | INFO |       └─ batch 6/20...
[09:10:36] INFO |       └─ batch 7/20...
09:10:36 | INFO |       └─ batch 7/20...
[09:10:48] INFO |       └─ batch 8/20...
09:10:48 | INFO |       └─ batch 8/20...
[09:11:02] INFO |       └─ batch 9/20...
09:11:02 | INFO |       └─ batch 9/20...
[09:11:15] INFO |       └─ batch 10/20...
09:11:15 | INFO |       └─ batch 10/20...
[09:11:28] INFO |       └─ batch 11/20...
09:11:28 | INFO |       └─ batch 11/20...
[09:11:40] INFO |       └─ batch 12/20...
09:11:40 | INFO |       └─ batch 12/20...
[09:11:53] INFO |       └─ batch 13/20...
09:11:53 | INFO |       └─ batch 13/20...
[09:12:06] INFO |       └─ batch 14/20...
09:12:06 | INFO |       └─ batch 14/20...
[09:12:20] INFO |       └─ batch 15/20...
09:12:20 | INFO |       └─ batch 15/20...
[09:12:33] INFO |       └─ batch 16/20...
09:12:33 | INFO |       └─ batch 16/20...
[09:12:47] INFO |       └─ batch 17/20...
09:12:47 | INFO |       └─ batch 17/20...
[09:13:03] INFO |       └─ batch 18/20...
09:13:03 | INFO |       └─ batch 18/20...
[09:13:19] INFO |       └─ batch 19/20...
09:13:19 | INFO |       └─ batch 19/20...
[09:13:33] INFO |       └─ batch 20/20...
09:13:33 | INFO |       └─ batch 20/20...
[09:13:48] INFO | [4/7] Matching
09:13:48 | INFO | [4/7] Matching
[09:17:22] INFO |   └─ Applying reciprocity test...
09:17:22 | INFO |   └─ Applying reciprocity test...
[09:17:22] INFO |   └─ Keeping 36.51% reciprocal matches
09:17:22 | INFO |   └─ Keeping 36.51% reciprocal matches
[09:17:23] INFO | [5/7] RANSAC filtering
09:17:23 | INFO | [5/7] RANSAC filtering
[09:17:23] INFO |   └─ WARNING Tile 1: only 1 inliers < 50, deleting...
09:17:23 | INFO |   └─ WARNING Tile 1: only 1 inliers < 50, deleting...
[09:17:23] INFO |   └─ WARNING Tile 2: only 41 inliers < 50, deleting...
09:17:23 | INFO |   └─ WARNING Tile 2: only 41 inliers < 50, deleting...
[09:17:23] INFO |   └─ WARNING Tile 3: only 2 inliers < 50, deleting...
09:17:23 | INFO |   └─ WARNING Tile 3: only 2 inliers < 50, deleting...
[09:17:23] INFO |   └─ WARNING Tile 4: only 30 inliers < 50, deleting...
09:17:23 | INFO |   └─ WARNING Tile 4: only 30 inliers < 50, deleting...
[09:17:23] INFO |   └─ WARNING Tile 5: only 0 inliers < 50, deleting...
09:17:23 | INFO |   └─ WARNING Tile 5: only 0 inliers < 50, deleting...
[09:17:23] INFO |   └─ WARNING: This tile's RANSAC failed.
09:17:23 | INFO |   └─ WARNING: This tile's RANSAC failed.
[09:17:23] INFO |   └─ WARNING Tile 6: only 0 inliers < 50, deleting...
09:17:23 | INFO |   └─ WARNING Tile 6: only 0 inliers < 50, deleting...
[09:17:23] INFO |   └─ WARNING Tile 7: only 1 inliers < 50, deleting...
09:17:23 | INFO |   └─ WARNING Tile 7: only 1 inliers < 50, deleting...
[09:17:23] INFO |   └─ WARNING Tile 8: only 3 inliers < 50, deleting...
09:17:23 | INFO |   └─ WARNING Tile 8: only 3 inliers < 50, deleting...
[09:17:23] INFO |   └─ WARNING Tile 9: only 1 inliers < 50, deleting...
09:17:23 | INFO |   └─ WARNING Tile 9: only 1 inliers < 50, deleting...
[09:17:23] INFO |   └─ WARNING Tile 10: only 27 inliers < 50, deleting...
09:17:23 | INFO |   └─ WARNING Tile 10: only 27 inliers < 50, deleting...
[09:17:23] INFO |   └─ WARNING: This tile's RANSAC failed.
09:17:23 | INFO |   └─ WARNING: This tile's RANSAC failed.
[09:17:23] INFO |   └─ WARNING Tile 11: only 0 inliers < 50, deleting...
09:17:23 | INFO |   └─ WARNING Tile 11: only 0 inliers < 50, deleting...
[09:17:23] INFO |   └─ WARNING: This tile's RANSAC failed.
09:17:23 | INFO |   └─ WARNING: This tile's RANSAC failed.
[09:17:23] INFO |   └─ WARNING Tile 12: only 0 inliers < 50, deleting...
09:17:23 | INFO |   └─ WARNING Tile 12: only 0 inliers < 50, deleting...
[09:17:23] INFO |   └─ WARNING Tile 13: only 1 inliers < 50, deleting...
09:17:23 | INFO |   └─ WARNING Tile 13: only 1 inliers < 50, deleting...
[09:17:23] INFO |   └─ WARNING Tile 14: only 10 inliers < 50, deleting...
09:17:23 | INFO |   └─ WARNING Tile 14: only 10 inliers < 50, deleting...
[09:17:23] INFO |   └─ WARNING Tile 15: only 0 inliers < 50, deleting...
09:17:23 | INFO |   └─ WARNING Tile 15: only 0 inliers < 50, deleting...
[09:17:23] INFO |   └─ WARNING Tile 16: only 42 inliers < 50, deleting...
09:17:23 | INFO |   └─ WARNING Tile 16: only 42 inliers < 50, deleting...
[09:17:23] INFO |   └─ WARNING Tile 17: only 1 inliers < 50, deleting...
09:17:23 | INFO |   └─ WARNING Tile 17: only 1 inliers < 50, deleting...
[09:17:23] INFO |   └─ WARNING Tile 18: only 0 inliers < 50, deleting...
09:17:23 | INFO |   └─ WARNING Tile 18: only 0 inliers < 50, deleting...
[09:17:23] INFO |   └─ WARNING Tile 19: only 7 inliers < 50, deleting...
09:17:23 | INFO |   └─ WARNING Tile 19: only 7 inliers < 50, deleting...
[09:17:23] INFO |   └─ WARNING Tile 20: only 7 inliers < 50, deleting...
09:17:23 | INFO |   └─ WARNING Tile 20: only 7 inliers < 50, deleting...
[09:17:23] INFO |   └─ WARNING Tile 21: only 0 inliers < 50, deleting...
09:17:23 | INFO |   └─ WARNING Tile 21: only 0 inliers < 50, deleting...
[09:17:23] INFO |   └─ WARNING Tile 22: only 1 inliers < 50, deleting...
09:17:23 | INFO |   └─ WARNING Tile 22: only 1 inliers < 50, deleting...
[09:17:23] INFO |   └─ Tile 23: keeping 32.87%
09:17:23 | INFO |   └─ Tile 23: keeping 32.87%
[09:17:23] INFO |   └─ WARNING: This tile's RANSAC failed.
09:17:23 | INFO |   └─ WARNING: This tile's RANSAC failed.
[09:17:23] INFO |   └─ WARNING Tile 24: only 0 inliers < 50, deleting...
09:17:23 | INFO |   └─ WARNING Tile 24: only 0 inliers < 50, deleting...
[09:17:23] INFO |   └─ Tile 25: keeping 18.42%
09:17:23 | INFO |   └─ Tile 25: keeping 18.42%
[09:17:23] INFO |   └─ Tile 26: keeping 27.80%
09:17:23 | INFO |   └─ Tile 26: keeping 27.80%
[09:17:23] INFO |   └─ Tile 27: keeping 88.21%
09:17:23 | INFO |   └─ Tile 27: keeping 88.21%
[09:17:23] INFO |   └─ WARNING Tile 28: only 0 inliers < 50, deleting...
09:17:23 | INFO |   └─ WARNING Tile 28: only 0 inliers < 50, deleting...
[09:17:23] INFO |   └─ Tile 29: keeping 48.24%
09:17:23 | INFO |   └─ Tile 29: keeping 48.24%
[09:17:23] INFO |   └─ Tile 30: keeping 74.90%
09:17:23 | INFO |   └─ Tile 30: keeping 74.90%
[09:17:23] INFO |   └─ WARNING: This tile's RANSAC failed.
09:17:23 | INFO |   └─ WARNING: This tile's RANSAC failed.
[09:17:23] INFO |   └─ WARNING Tile 31: only 0 inliers < 50, deleting...
09:17:23 | INFO |   └─ WARNING Tile 31: only 0 inliers < 50, deleting...
[09:17:23] INFO |   └─ Tile 32: keeping 53.72%
09:17:23 | INFO |   └─ Tile 32: keeping 53.72%
[09:17:23] INFO |   └─ Tile 33: keeping 85.15%
09:17:23 | INFO |   └─ Tile 33: keeping 85.15%
[09:17:23] INFO |   └─ Tile 34: keeping 88.00%
09:17:23 | INFO |   └─ Tile 34: keeping 88.00%
[09:17:23] INFO |   └─ Tile 35: keeping 53.16%
09:17:23 | INFO |   └─ Tile 35: keeping 53.16%
[09:17:23] INFO |   └─ Tile 36: keeping 79.13%
09:17:23 | INFO |   └─ Tile 36: keeping 79.13%
[09:17:23] INFO |   └─ Tile 37: keeping 86.27%
09:17:23 | INFO |   └─ Tile 37: keeping 86.27%
[09:17:23] INFO |   └─ WARNING Tile 38: only 0 inliers < 50, deleting...
09:17:23 | INFO |   └─ WARNING Tile 38: only 0 inliers < 50, deleting...
[09:17:23] INFO |   └─ Tile 39: keeping 43.74%
09:17:23 | INFO |   └─ Tile 39: keeping 43.74%
[09:17:23] INFO |   └─ Tile 40: keeping 88.69%
09:17:23 | INFO |   └─ Tile 40: keeping 88.69%
[09:17:23] INFO |   └─ WARNING: This tile's RANSAC failed.
09:17:23 | INFO |   └─ WARNING: This tile's RANSAC failed.
[09:17:23] INFO |   └─ WARNING Tile 41: only 0 inliers < 50, deleting...
09:17:23 | INFO |   └─ WARNING Tile 41: only 0 inliers < 50, deleting...
[09:17:23] INFO |   └─ Tile 42: keeping 73.89%
09:17:23 | INFO |   └─ Tile 42: keeping 73.89%
[09:17:23] INFO |   └─ Tile 43: keeping 82.73%
09:17:23 | INFO |   └─ Tile 43: keeping 82.73%
[09:17:23] INFO |   └─ Tile 44: keeping 87.00%
09:17:23 | INFO |   └─ Tile 44: keeping 87.00%
[09:17:23] INFO |   └─ Tile 45: keeping 88.44%
09:17:23 | INFO |   └─ Tile 45: keeping 88.44%
[09:17:23] INFO |   └─ Tile 46: keeping 77.82%
09:17:23 | INFO |   └─ Tile 46: keeping 77.82%
[09:17:23] INFO |   └─ Tile 47: keeping 85.78%
09:17:23 | INFO |   └─ Tile 47: keeping 85.78%
[09:17:23] INFO |   └─ Tile 48: keeping 81.75%
09:17:23 | INFO |   └─ Tile 48: keeping 81.75%
[09:17:23] INFO |   └─ Tile 49: keeping 85.41%
09:17:23 | INFO |   └─ Tile 49: keeping 85.41%
[09:17:23] INFO |   └─ Tile 50: keeping 88.12%
09:17:23 | INFO |   └─ Tile 50: keeping 88.12%
[09:17:23] INFO |   └─ WARNING Tile 51: only 14 inliers < 50, deleting...
09:17:23 | INFO |   └─ WARNING Tile 51: only 14 inliers < 50, deleting...
[09:17:23] INFO |   └─ Tile 52: keeping 60.47%
09:17:23 | INFO |   └─ Tile 52: keeping 60.47%
[09:17:23] INFO |   └─ Tile 53: keeping 83.49%
09:17:23 | INFO |   └─ Tile 53: keeping 83.49%
[09:17:23] INFO |   └─ WARNING Tile 54: only 1 inliers < 50, deleting...
09:17:23 | INFO |   └─ WARNING Tile 54: only 1 inliers < 50, deleting...
[09:17:23] INFO |   └─ WARNING Tile 55: only 14 inliers < 50, deleting...
09:17:23 | INFO |   └─ WARNING Tile 55: only 14 inliers < 50, deleting...
[09:17:23] INFO |   └─ Tile 56: keeping 76.04%
09:17:23 | INFO |   └─ Tile 56: keeping 76.04%
[09:17:23] INFO |   └─ WARNING: This tile's RANSAC failed.
09:17:23 | INFO |   └─ WARNING: This tile's RANSAC failed.
[09:17:23] INFO |   └─ WARNING Tile 57: only 0 inliers < 50, deleting...
09:17:23 | INFO |   └─ WARNING Tile 57: only 0 inliers < 50, deleting...
[09:17:23] INFO |   └─ Tile 58: keeping 83.63%
09:17:23 | INFO |   └─ Tile 58: keeping 83.63%
[09:17:23] INFO |   └─ Tile 59: keeping 76.97%
09:17:23 | INFO |   └─ Tile 59: keeping 76.97%
[09:17:23] INFO |   └─ Tile 60: keeping 84.46%
09:17:23 | INFO |   └─ Tile 60: keeping 84.46%
[09:17:23] INFO |   └─ Tile 61: keeping 78.47%
09:17:23 | INFO |   └─ Tile 61: keeping 78.47%
[09:17:23] INFO |   └─ Tile 62: keeping 84.76%
09:17:23 | INFO |   └─ Tile 62: keeping 84.76%
[09:17:23] INFO |   └─ Tile 63: keeping 85.36%
09:17:23 | INFO |   └─ Tile 63: keeping 85.36%
[09:17:23] INFO |   └─ WARNING Tile 64: only 19 inliers < 50, deleting...
09:17:23 | INFO |   └─ WARNING Tile 64: only 19 inliers < 50, deleting...
[09:17:23] INFO |   └─ Tile 65: keeping 78.09%
09:17:23 | INFO |   └─ Tile 65: keeping 78.09%
[09:17:23] INFO |   └─ Tile 66: keeping 85.55%
09:17:23 | INFO |   └─ Tile 66: keeping 85.55%
[09:17:23] INFO |   └─ Tile 67: keeping 89.57%
09:17:23 | INFO |   └─ Tile 67: keeping 89.57%
[09:17:23] INFO |   └─ Tile 68: keeping 79.16%
09:17:23 | INFO |   └─ Tile 68: keeping 79.16%
[09:17:23] INFO |   └─ Tile 69: keeping 83.02%
09:17:23 | INFO |   └─ Tile 69: keeping 83.02%
[09:17:23] INFO |   └─ Tile 70: keeping 83.17%
09:17:23 | INFO |   └─ Tile 70: keeping 83.17%
[09:17:23] INFO |   └─ Tile 71: keeping 73.93%
09:17:23 | INFO |   └─ Tile 71: keeping 73.93%
[09:17:23] INFO |   └─ Tile 72: keeping 87.20%
09:17:23 | INFO |   └─ Tile 72: keeping 87.20%
[09:17:23] INFO |   └─ Tile 73: keeping 77.94%
09:17:23 | INFO |   └─ Tile 73: keeping 77.94%
[09:17:23] INFO |   └─ WARNING: This tile's RANSAC failed.
09:17:23 | INFO |   └─ WARNING: This tile's RANSAC failed.
[09:17:23] INFO |   └─ WARNING Tile 74: only 0 inliers < 50, deleting...
09:17:23 | INFO |   └─ WARNING Tile 74: only 0 inliers < 50, deleting...
[09:17:23] INFO |   └─ Tile 75: keeping 77.08%
09:17:23 | INFO |   └─ Tile 75: keeping 77.08%
[09:17:23] INFO |   └─ Tile 76: keeping 80.29%
09:17:23 | INFO |   └─ Tile 76: keeping 80.29%
[09:17:24] INFO |   └─ Tile 77: keeping 84.71%
09:17:24 | INFO |   └─ Tile 77: keeping 84.71%
[09:17:24] INFO |   └─ Tile 78: keeping 71.14%
09:17:24 | INFO |   └─ Tile 78: keeping 71.14%
[09:17:24] INFO |   └─ Tile 79: keeping 83.82%
09:17:24 | INFO |   └─ Tile 79: keeping 83.82%
[09:17:24] INFO |   └─ Tile 80: keeping 86.66%
09:17:24 | INFO |   └─ Tile 80: keeping 86.66%
[09:17:24] INFO |   └─ WARNING Tile 81: only 0 inliers < 50, deleting...
09:17:24 | INFO |   └─ WARNING Tile 81: only 0 inliers < 50, deleting...
[09:17:24] INFO |   └─ Tile 82: keeping 83.49%
09:17:24 | INFO |   └─ Tile 82: keeping 83.49%
[09:17:24] INFO |   └─ Tile 83: keeping 81.00%
09:17:24 | INFO |   └─ Tile 83: keeping 81.00%
[09:17:24] INFO |   └─ WARNING Tile 84: only 0 inliers < 50, deleting...
09:17:24 | INFO |   └─ WARNING Tile 84: only 0 inliers < 50, deleting...
[09:17:24] INFO |   └─ WARNING Tile 85: only 3 inliers < 50, deleting...
09:17:24 | INFO |   └─ WARNING Tile 85: only 3 inliers < 50, deleting...
[09:17:24] INFO |   └─ Tile 86: keeping 72.81%
09:17:24 | INFO |   └─ Tile 86: keeping 72.81%
[09:17:24] INFO |   └─ Tile 87: keeping 83.32%
09:17:24 | INFO |   └─ Tile 87: keeping 83.32%
[09:17:24] INFO |   └─ WARNING Tile 88: only 1 inliers < 50, deleting...
09:17:24 | INFO |   └─ WARNING Tile 88: only 1 inliers < 50, deleting...
[09:17:24] INFO |   └─ WARNING Tile 89: only 16 inliers < 50, deleting...
09:17:24 | INFO |   └─ WARNING Tile 89: only 16 inliers < 50, deleting...
[09:17:24] INFO |   └─ Tile 90: keeping 34.98%
09:17:24 | INFO |   └─ Tile 90: keeping 34.98%
[09:17:24] INFO |   └─ WARNING Tile 91: only 2 inliers < 50, deleting...
09:17:24 | INFO |   └─ WARNING Tile 91: only 2 inliers < 50, deleting...
[09:17:24] INFO |   └─ Tile 92: keeping 22.73%
09:17:24 | INFO |   └─ Tile 92: keeping 22.73%
[09:17:24] INFO |   └─ WARNING Tile 93: only 23 inliers < 50, deleting...
09:17:24 | INFO |   └─ WARNING Tile 93: only 23 inliers < 50, deleting...
[09:17:24] INFO |   └─ WARNING Tile 94: only 1 inliers < 50, deleting...
09:17:24 | INFO |   └─ WARNING Tile 94: only 1 inliers < 50, deleting...
[09:17:24] INFO |   └─ WARNING Tile 95: only 31 inliers < 50, deleting...
09:17:24 | INFO |   └─ WARNING Tile 95: only 31 inliers < 50, deleting...
[09:17:24] INFO |   └─ Tile 96: keeping 44.75%
09:17:24 | INFO |   └─ Tile 96: keeping 44.75%
[09:17:24] INFO |   └─ WARNING Tile 97: only 0 inliers < 50, deleting...
09:17:24 | INFO |   └─ WARNING Tile 97: only 0 inliers < 50, deleting...
[09:17:24] INFO |   └─ WARNING Tile 98: only 0 inliers < 50, deleting...
09:17:24 | INFO |   └─ WARNING Tile 98: only 0 inliers < 50, deleting...
[09:17:24] INFO |   └─ Tile 99: keeping 42.86%
09:17:24 | INFO |   └─ Tile 99: keeping 42.86%
[09:17:24] INFO |   └─ WARNING Tile 100: only 0 inliers < 50, deleting...
09:17:24 | INFO |   └─ WARNING Tile 100: only 0 inliers < 50, deleting...
[09:17:24] INFO |   └─ WARNING Tile 101: only 0 inliers < 50, deleting...
09:17:24 | INFO |   └─ WARNING Tile 101: only 0 inliers < 50, deleting...
[09:17:24] INFO |   └─ Tile 102: keeping 15.19%
09:17:24 | INFO |   └─ Tile 102: keeping 15.19%
[09:17:24] INFO |   └─ Tile 103: keeping 25.15%
09:17:24 | INFO |   └─ Tile 103: keeping 25.15%
[09:17:24] INFO |   └─ WARNING Tile 104: only 1 inliers < 50, deleting...
09:17:24 | INFO |   └─ WARNING Tile 104: only 1 inliers < 50, deleting...
[09:17:24] INFO |   └─ WARNING Tile 105: only 0 inliers < 50, deleting...
09:17:24 | INFO |   └─ WARNING Tile 105: only 0 inliers < 50, deleting...
[09:17:24] INFO |   └─ Tile 106: keeping 21.76%
09:17:24 | INFO |   └─ Tile 106: keeping 21.76%
[09:17:24] INFO |   └─ WARNING Tile 107: only 15 inliers < 50, deleting...
09:17:24 | INFO |   └─ WARNING Tile 107: only 15 inliers < 50, deleting...
[09:17:24] INFO |   └─ Tile 108: keeping 25.93%
09:17:24 | INFO |   └─ Tile 108: keeping 25.93%
[09:17:24] INFO |   └─ Tile 109: keeping 52.63%
09:17:24 | INFO |   └─ Tile 109: keeping 52.63%
[09:17:24] INFO |   └─ Tile 110: keeping 72.63%
09:17:24 | INFO |   └─ Tile 110: keeping 72.63%
[09:17:24] INFO |   └─ WARNING Tile 111: only 21 inliers < 50, deleting...
09:17:24 | INFO |   └─ WARNING Tile 111: only 21 inliers < 50, deleting...
[09:17:24] INFO |   └─ Tile 112: keeping 25.69%
09:17:24 | INFO |   └─ Tile 112: keeping 25.69%
[09:17:24] INFO |   └─ Tile 113: keeping 85.43%
09:17:24 | INFO |   └─ Tile 113: keeping 85.43%
[09:17:24] INFO |   └─ WARNING: This tile's RANSAC failed.
09:17:24 | INFO |   └─ WARNING: This tile's RANSAC failed.
[09:17:24] INFO |   └─ WARNING Tile 114: only 0 inliers < 50, deleting...
09:17:24 | INFO |   └─ WARNING Tile 114: only 0 inliers < 50, deleting...
[09:17:24] INFO |   └─ Tile 115: keeping 26.04%
09:17:24 | INFO |   └─ Tile 115: keeping 26.04%
[09:17:24] INFO |   └─ Tile 116: keeping 84.26%
09:17:24 | INFO |   └─ Tile 116: keeping 84.26%
[09:17:24] INFO |   └─ Tile 117: keeping 77.27%
09:17:24 | INFO |   └─ Tile 117: keeping 77.27%
[09:17:24] INFO |   └─ WARNING Tile 118: only 35 inliers < 50, deleting...
09:17:24 | INFO |   └─ WARNING Tile 118: only 35 inliers < 50, deleting...
[09:17:24] INFO |   └─ Tile 119: keeping 85.33%
09:17:24 | INFO |   └─ Tile 119: keeping 85.33%
[09:17:24] INFO |   └─ Tile 120: keeping 88.97%
09:17:24 | INFO |   └─ Tile 120: keeping 88.97%
[09:17:24] INFO |   └─ WARNING Tile 121: only 1 inliers < 50, deleting...
09:17:24 | INFO |   └─ WARNING Tile 121: only 1 inliers < 50, deleting...
[09:17:24] INFO |   └─ WARNING Tile 122: only 25 inliers < 50, deleting...
09:17:24 | INFO |   └─ WARNING Tile 122: only 25 inliers < 50, deleting...
[09:17:24] INFO |   └─ Tile 123: keeping 84.19%
09:17:24 | INFO |   └─ Tile 123: keeping 84.19%
[09:17:24] INFO |   └─ WARNING: This tile's RANSAC failed.
09:17:24 | INFO |   └─ WARNING: This tile's RANSAC failed.
[09:17:24] INFO |   └─ WARNING Tile 124: only 0 inliers < 50, deleting...
09:17:24 | INFO |   └─ WARNING Tile 124: only 0 inliers < 50, deleting...
[09:17:24] INFO |   └─ Tile 125: keeping 23.71%
09:17:24 | INFO |   └─ Tile 125: keeping 23.71%
[09:17:24] INFO |   └─ Tile 126: keeping 87.75%
09:17:24 | INFO |   └─ Tile 126: keeping 87.75%
[09:17:24] INFO |   └─ Tile 127: keeping 83.64%
09:17:24 | INFO |   └─ Tile 127: keeping 83.64%
[09:17:24] INFO |   └─ Tile 128: keeping 37.68%
09:17:24 | INFO |   └─ Tile 128: keeping 37.68%
[09:17:24] INFO |   └─ Tile 129: keeping 81.69%
09:17:24 | INFO |   └─ Tile 129: keeping 81.69%
[09:17:24] INFO |   └─ Tile 130: keeping 88.80%
09:17:24 | INFO |   └─ Tile 130: keeping 88.80%
[09:17:24] INFO |   └─ WARNING Tile 131: only 0 inliers < 50, deleting...
09:17:24 | INFO |   └─ WARNING Tile 131: only 0 inliers < 50, deleting...
[09:17:24] INFO |   └─ Tile 132: keeping 32.72%
09:17:24 | INFO |   └─ Tile 132: keeping 32.72%
[09:17:24] INFO |   └─ Tile 133: keeping 78.07%
09:17:24 | INFO |   └─ Tile 133: keeping 78.07%
[09:17:24] INFO |   └─ Tile 134: keeping 82.95%
09:17:24 | INFO |   └─ Tile 134: keeping 82.95%
[09:17:24] INFO |   └─ Tile 135: keeping 23.75%
09:17:24 | INFO |   └─ Tile 135: keeping 23.75%
[09:17:24] INFO |   └─ Tile 136: keeping 86.95%
09:17:24 | INFO |   └─ Tile 136: keeping 86.95%
[09:17:24] INFO |   └─ Tile 137: keeping 86.93%
09:17:24 | INFO |   └─ Tile 137: keeping 86.93%
[09:17:24] INFO |   └─ WARNING Tile 138: only 1 inliers < 50, deleting...
09:17:24 | INFO |   └─ WARNING Tile 138: only 1 inliers < 50, deleting...
[09:17:24] INFO |   └─ Tile 139: keeping 38.58%
09:17:24 | INFO |   └─ Tile 139: keeping 38.58%
[09:17:24] INFO |   └─ Tile 140: keeping 84.45%
09:17:24 | INFO |   └─ Tile 140: keeping 84.45%
[09:17:24] INFO |   └─ WARNING: This tile's RANSAC failed.
09:17:24 | INFO |   └─ WARNING: This tile's RANSAC failed.
[09:17:24] INFO |   └─ WARNING Tile 141: only 0 inliers < 50, deleting...
09:17:24 | INFO |   └─ WARNING Tile 141: only 0 inliers < 50, deleting...
[09:17:24] INFO |   └─ Tile 142: keeping 44.64%
09:17:24 | INFO |   └─ Tile 142: keeping 44.64%
[09:17:24] INFO |   └─ Tile 143: keeping 82.23%
09:17:24 | INFO |   └─ Tile 143: keeping 82.23%
[09:17:24] INFO |   └─ Tile 144: keeping 74.75%
09:17:24 | INFO |   └─ Tile 144: keeping 74.75%
[09:17:24] INFO |   └─ WARNING Tile 145: only 2 inliers < 50, deleting...
09:17:24 | INFO |   └─ WARNING Tile 145: only 2 inliers < 50, deleting...
[09:17:24] INFO |   └─ Tile 146: keeping 77.87%
09:17:24 | INFO |   └─ Tile 146: keeping 77.87%
[09:17:24] INFO |   └─ Tile 147: keeping 85.74%
09:17:24 | INFO |   └─ Tile 147: keeping 85.74%
[09:17:24] INFO |   └─ WARNING: This tile's RANSAC failed.
09:17:24 | INFO |   └─ WARNING: This tile's RANSAC failed.
[09:17:24] INFO |   └─ WARNING Tile 148: only 0 inliers < 50, deleting...
09:17:24 | INFO |   └─ WARNING Tile 148: only 0 inliers < 50, deleting...
[09:17:24] INFO |   └─ WARNING Tile 149: only 27 inliers < 50, deleting...
09:17:24 | INFO |   └─ WARNING Tile 149: only 27 inliers < 50, deleting...
[09:17:24] INFO |   └─ Tile 150: keeping 83.39%
09:17:24 | INFO |   └─ Tile 150: keeping 83.39%
[09:17:24] INFO |   └─ WARNING Tile 151: only 9 inliers < 50, deleting...
09:17:24 | INFO |   └─ WARNING Tile 151: only 9 inliers < 50, deleting...
[09:17:24] INFO |   └─ WARNING Tile 152: only 22 inliers < 50, deleting...
09:17:24 | INFO |   └─ WARNING Tile 152: only 22 inliers < 50, deleting...
[09:17:24] INFO |   └─ Tile 153: keeping 88.42%
09:17:24 | INFO |   └─ Tile 153: keeping 88.42%
[09:17:24] INFO |   └─ Tile 154: keeping 85.84%
09:17:24 | INFO |   └─ Tile 154: keeping 85.84%
[09:17:24] INFO |   └─ WARNING Tile 155: only 0 inliers < 50, deleting...
09:17:24 | INFO |   └─ WARNING Tile 155: only 0 inliers < 50, deleting...
[09:17:24] INFO |   └─ WARNING Tile 156: only 1 inliers < 50, deleting...
09:17:24 | INFO |   └─ WARNING Tile 156: only 1 inliers < 50, deleting...
[09:17:24] INFO |   └─ Tile 157: keeping 84.18%
09:17:24 | INFO |   └─ Tile 157: keeping 84.18%
[09:17:24] INFO |   └─ WARNING: This tile's RANSAC failed.
09:17:24 | INFO |   └─ WARNING: This tile's RANSAC failed.
[09:17:24] INFO |   └─ WARNING Tile 158: only 0 inliers < 50, deleting...
09:17:24 | INFO |   └─ WARNING Tile 158: only 0 inliers < 50, deleting...
[09:17:24] INFO |   └─ WARNING Tile 159: only 2 inliers < 50, deleting...
09:17:24 | INFO |   └─ WARNING Tile 159: only 2 inliers < 50, deleting...
[09:17:24] INFO |   └─ Tile 160: keeping 77.49%
09:17:24 | INFO |   └─ Tile 160: keeping 77.49%
[09:17:24] INFO |   └─ Tile 161: keeping 82.45%
09:17:24 | INFO |   └─ Tile 161: keeping 82.45%
[09:17:24] INFO |   └─ WARNING Tile 162: only 2 inliers < 50, deleting...
09:17:24 | INFO |   └─ WARNING Tile 162: only 2 inliers < 50, deleting...
[09:17:24] INFO |   └─ Tile 163: keeping 35.74%
09:17:24 | INFO |   └─ Tile 163: keeping 35.74%
[09:17:24] INFO |   └─ Tile 164: keeping 78.09%
09:17:24 | INFO |   └─ Tile 164: keeping 78.09%
[09:17:24] INFO |   └─ WARNING: This tile's RANSAC failed.
09:17:24 | INFO |   └─ WARNING: This tile's RANSAC failed.
[09:17:24] INFO |   └─ WARNING Tile 165: only 0 inliers < 50, deleting...
09:17:24 | INFO |   └─ WARNING Tile 165: only 0 inliers < 50, deleting...
[09:17:24] INFO |   └─ WARNING Tile 166: only 3 inliers < 50, deleting...
09:17:24 | INFO |   └─ WARNING Tile 166: only 3 inliers < 50, deleting...
[09:17:24] INFO |   └─ Tile 167: keeping 74.36%
09:17:24 | INFO |   └─ Tile 167: keeping 74.36%
[09:17:24] INFO | [6/7] ICP refinement
09:17:24 | INFO | [6/7] ICP refinement
[09:17:25] INFO |   └─ ICP refining tile 1 with 0 correspondences...
09:17:25 | INFO |   └─ ICP refining tile 1 with 0 correspondences...
[09:17:25] INFO |   └─ ICP refining tile 2 with 0 correspondences...
09:17:25 | INFO |   └─ ICP refining tile 2 with 0 correspondences...
[09:17:25] INFO |   └─ ICP refining tile 3 with 0 correspondences...
09:17:25 | INFO |   └─ ICP refining tile 3 with 0 correspondences...
[09:17:25] INFO |   └─ ICP refining tile 4 with 0 correspondences...
09:17:25 | INFO |   └─ ICP refining tile 4 with 0 correspondences...
[09:17:25] INFO |   └─ ICP refining tile 5 with 0 correspondences...
09:17:25 | INFO |   └─ ICP refining tile 5 with 0 correspondences...
[09:17:25] INFO |   └─ ICP refining tile 6 with 0 correspondences...
09:17:25 | INFO |   └─ ICP refining tile 6 with 0 correspondences...
[09:17:25] INFO |   └─ ICP refining tile 7 with 0 correspondences...
09:17:25 | INFO |   └─ ICP refining tile 7 with 0 correspondences...
[09:17:25] INFO |   └─ ICP refining tile 8 with 0 correspondences...
09:17:25 | INFO |   └─ ICP refining tile 8 with 0 correspondences...
[09:17:25] INFO |   └─ ICP refining tile 9 with 0 correspondences...
09:17:25 | INFO |   └─ ICP refining tile 9 with 0 correspondences...
[09:17:25] INFO |   └─ ICP refining tile 10 with 0 correspondences...
09:17:25 | INFO |   └─ ICP refining tile 10 with 0 correspondences...
[09:17:25] INFO |   └─ ICP refining tile 11 with 0 correspondences...
09:17:25 | INFO |   └─ ICP refining tile 11 with 0 correspondences...
[09:17:25] INFO |   └─ ICP refining tile 12 with 0 correspondences...
09:17:25 | INFO |   └─ ICP refining tile 12 with 0 correspondences...
[09:17:25] INFO |   └─ ICP refining tile 13 with 0 correspondences...
09:17:25 | INFO |   └─ ICP refining tile 13 with 0 correspondences...
[09:17:25] INFO |   └─ ICP refining tile 14 with 0 correspondences...
09:17:25 | INFO |   └─ ICP refining tile 14 with 0 correspondences...
[09:17:25] INFO |   └─ ICP refining tile 15 with 0 correspondences...
09:17:25 | INFO |   └─ ICP refining tile 15 with 0 correspondences...
[09:17:25] INFO |   └─ ICP refining tile 16 with 0 correspondences...
09:17:25 | INFO |   └─ ICP refining tile 16 with 0 correspondences...
[09:17:25] INFO |   └─ ICP refining tile 17 with 0 correspondences...
09:17:25 | INFO |   └─ ICP refining tile 17 with 0 correspondences...
[09:17:25] INFO |   └─ ICP refining tile 18 with 0 correspondences...
09:17:25 | INFO |   └─ ICP refining tile 18 with 0 correspondences...
[09:17:25] INFO |   └─ ICP refining tile 19 with 0 correspondences...
09:17:25 | INFO |   └─ ICP refining tile 19 with 0 correspondences...
[09:17:25] INFO |   └─ ICP refining tile 20 with 0 correspondences...
09:17:25 | INFO |   └─ ICP refining tile 20 with 0 correspondences...
[09:17:25] INFO |   └─ ICP refining tile 21 with 0 correspondences...
09:17:25 | INFO |   └─ ICP refining tile 21 with 0 correspondences...
[09:17:25] INFO |   └─ ICP refining tile 22 with 0 correspondences...
09:17:25 | INFO |   └─ ICP refining tile 22 with 0 correspondences...
[09:17:25] INFO |   └─ ICP refining tile 23 with 236 correspondences...
09:17:25 | INFO |   └─ ICP refining tile 23 with 236 correspondences...
[09:17:30] INFO |   └─ ICP refining tile 24 with 0 correspondences...
09:17:30 | INFO |   └─ ICP refining tile 24 with 0 correspondences...
[09:17:30] INFO |   └─ ICP refining tile 25 with 70 correspondences...
09:17:30 | INFO |   └─ ICP refining tile 25 with 70 correspondences...
[09:17:32] INFO |   └─ ICP refining tile 26 with 119 correspondences...
09:17:32 | INFO |   └─ ICP refining tile 26 with 119 correspondences...
[09:17:35] INFO |   └─ ICP refining tile 27 with 2155 correspondences...
09:17:35 | INFO |   └─ ICP refining tile 27 with 2155 correspondences...
[09:18:52] INFO |   └─ ICP refining tile 28 with 0 correspondences...
09:18:52 | INFO |   └─ ICP refining tile 28 with 0 correspondences...
[09:18:52] INFO |   └─ ICP refining tile 29 with 192 correspondences...
09:18:52 | INFO |   └─ ICP refining tile 29 with 192 correspondences...
[09:19:01] INFO |   └─ ICP refining tile 30 with 3029 correspondences...
09:19:01 | INFO |   └─ ICP refining tile 30 with 3029 correspondences...
[09:22:18] INFO |   └─ ICP refining tile 31 with 0 correspondences...
09:22:18 | INFO |   └─ ICP refining tile 31 with 0 correspondences...
[09:22:18] INFO |   └─ ICP refining tile 32 with 253 correspondences...
09:22:18 | INFO |   └─ ICP refining tile 32 with 253 correspondences...
[09:22:31] INFO |   └─ ICP refining tile 33 with 5160 correspondences...
09:22:31 | INFO |   └─ ICP refining tile 33 with 5160 correspondences...
[09:26:59] INFO |   └─ ICP refining tile 34 with 88 correspondences...
09:26:59 | INFO |   └─ ICP refining tile 34 with 88 correspondences...
[09:27:00] INFO |   └─ ICP refining tile 35 with 126 correspondences...
09:27:00 | INFO |   └─ ICP refining tile 35 with 126 correspondences...
[09:27:06] INFO |   └─ ICP refining tile 36 with 1168 correspondences...
09:27:06 | INFO |   └─ ICP refining tile 36 with 1168 correspondences...
[09:28:10] INFO |   └─ ICP refining tile 37 with 5114 correspondences...
09:28:10 | INFO |   └─ ICP refining tile 37 with 5114 correspondences...
[09:32:46] INFO |   └─ ICP refining tile 38 with 0 correspondences...
09:32:46 | INFO |   └─ ICP refining tile 38 with 0 correspondences...
[09:32:46] INFO |   └─ ICP refining tile 39 with 241 correspondences...
09:32:46 | INFO |   └─ ICP refining tile 39 with 241 correspondences...
[09:33:00] INFO |   └─ ICP refining tile 40 with 6196 correspondences...
09:33:00 | INFO |   └─ ICP refining tile 40 with 6196 correspondences...
[09:36:06] INFO |   └─ ICP refining tile 41 with 0 correspondences...
09:36:06 | INFO |   └─ ICP refining tile 41 with 0 correspondences...
[09:36:06] INFO |   └─ ICP refining tile 42 with 900 correspondences...
09:36:06 | INFO |   └─ ICP refining tile 42 with 900 correspondences...
[09:36:46] INFO |   └─ ICP refining tile 43 with 3435 correspondences...
09:36:46 | INFO |   └─ ICP refining tile 43 with 3435 correspondences...
[09:39:24] INFO |   └─ ICP refining tile 44 with 2196 correspondences...
09:39:24 | INFO |   └─ ICP refining tile 44 with 2196 correspondences...
[09:40:41] INFO |   └─ ICP refining tile 45 with 1477 correspondences...
09:40:41 | INFO |   └─ ICP refining tile 45 with 1477 correspondences...
[09:41:42] INFO |   └─ ICP refining tile 46 with 1109 correspondences...
09:41:42 | INFO |   └─ ICP refining tile 46 with 1109 correspondences...
[09:42:37] INFO |   └─ ICP refining tile 47 with 7280 correspondences...
09:42:37 | INFO |   └─ ICP refining tile 47 with 7280 correspondences...
[09:48:39] INFO |   └─ ICP refining tile 48 with 1263 correspondences...
09:48:39 | INFO |   └─ ICP refining tile 48 with 1263 correspondences...
[09:49:52] INFO |   └─ ICP refining tile 49 with 5076 correspondences...
09:49:52 | INFO |   └─ ICP refining tile 49 with 5076 correspondences...
[09:53:38] INFO |   └─ ICP refining tile 50 with 356 correspondences...
09:53:38 | INFO |   └─ ICP refining tile 50 with 356 correspondences...
[09:53:44] INFO |   └─ ICP refining tile 51 with 0 correspondences...
09:53:44 | INFO |   └─ ICP refining tile 51 with 0 correspondences...
[09:53:44] INFO |   └─ ICP refining tile 52 with 459 correspondences...
09:53:44 | INFO |   └─ ICP refining tile 52 with 459 correspondences...
[09:54:04] INFO |   └─ ICP refining tile 53 with 3257 correspondences...
09:54:04 | INFO |   └─ ICP refining tile 53 with 3257 correspondences...
[09:55:53] INFO |   └─ ICP refining tile 54 with 0 correspondences...
09:55:53 | INFO |   └─ ICP refining tile 54 with 0 correspondences...
[09:55:53] INFO |   └─ ICP refining tile 55 with 0 correspondences...
09:55:53 | INFO |   └─ ICP refining tile 55 with 0 correspondences...
[09:55:53] INFO |   └─ ICP refining tile 56 with 1774 correspondences...
09:55:53 | INFO |   └─ ICP refining tile 56 with 1774 correspondences...
[09:57:16] INFO |   └─ ICP refining tile 57 with 0 correspondences...
09:57:16 | INFO |   └─ ICP refining tile 57 with 0 correspondences...
[09:57:16] INFO |   └─ ICP refining tile 58 with 2687 correspondences...
09:57:16 | INFO |   └─ ICP refining tile 58 with 2687 correspondences...
[10:00:17] INFO |   └─ ICP refining tile 59 with 2704 correspondences...
10:00:17 | INFO |   └─ ICP refining tile 59 with 2704 correspondences...
[10:03:41] INFO |   └─ ICP refining tile 60 with 1598 correspondences...
10:03:41 | INFO |   └─ ICP refining tile 60 with 1598 correspondences...
[10:05:18] INFO |   └─ ICP refining tile 61 with 2734 correspondences...
10:05:18 | INFO |   └─ ICP refining tile 61 with 2734 correspondences...
[10:07:12] INFO |   └─ ICP refining tile 62 with 6230 correspondences...
10:07:12 | INFO |   └─ ICP refining tile 62 with 6230 correspondences...
[10:15:09] INFO |   └─ ICP refining tile 63 with 3585 correspondences...
10:15:09 | INFO |   └─ ICP refining tile 63 with 3585 correspondences...
[10:16:43] INFO |   └─ ICP refining tile 64 with 0 correspondences...
10:16:43 | INFO |   └─ ICP refining tile 64 with 0 correspondences...
[10:16:43] INFO |   └─ ICP refining tile 65 with 2880 correspondences...
10:16:43 | INFO |   └─ ICP refining tile 65 with 2880 correspondences...
[10:18:57] INFO |   └─ ICP refining tile 66 with 2848 correspondences...
10:18:57 | INFO |   └─ ICP refining tile 66 with 2848 correspondences...
[10:20:42] INFO |   └─ ICP refining tile 67 with 146 correspondences...
10:20:42 | INFO |   └─ ICP refining tile 67 with 146 correspondences...
[10:20:44] INFO |   └─ ICP refining tile 68 with 3327 correspondences...
10:20:44 | INFO |   └─ ICP refining tile 68 with 3327 correspondences...
[10:23:19] INFO |   └─ ICP refining tile 69 with 1638 correspondences...
10:23:19 | INFO |   └─ ICP refining tile 69 with 1638 correspondences...
[10:25:12] INFO |   └─ ICP refining tile 70 with 2175 correspondences...
10:25:12 | INFO |   └─ ICP refining tile 70 with 2175 correspondences...
[10:26:52] INFO |   └─ ICP refining tile 71 with 468 correspondences...
10:26:52 | INFO |   └─ ICP refining tile 71 with 468 correspondences...
[10:27:04] INFO |   └─ ICP refining tile 72 with 4777 correspondences...
10:27:04 | INFO |   └─ ICP refining tile 72 with 4777 correspondences...
[10:30:54] INFO |   └─ ICP refining tile 73 with 2742 correspondences...
10:30:54 | INFO |   └─ ICP refining tile 73 with 2742 correspondences...
[10:33:22] INFO |   └─ ICP refining tile 74 with 0 correspondences...
10:33:22 | INFO |   └─ ICP refining tile 74 with 0 correspondences...
[10:33:22] INFO |   └─ ICP refining tile 75 with 6165 correspondences...
10:33:22 | INFO |   └─ ICP refining tile 75 with 6165 correspondences...
[10:40:16] INFO |   └─ ICP refining tile 76 with 3763 correspondences...
10:40:16 | INFO |   └─ ICP refining tile 76 with 3763 correspondences...
[10:44:17] INFO |   └─ ICP refining tile 77 with 1823 correspondences...
10:44:17 | INFO |   └─ ICP refining tile 77 with 1823 correspondences...
[10:46:00] INFO |   └─ ICP refining tile 78 with 1489 correspondences...
10:46:00 | INFO |   └─ ICP refining tile 78 with 1489 correspondences...
[10:46:58] INFO |   └─ ICP refining tile 79 with 7875 correspondences...
10:46:58 | INFO |   └─ ICP refining tile 79 with 7875 correspondences...
[10:58:52] INFO |   └─ ICP refining tile 80 with 5514 correspondences...
10:58:52 | INFO |   └─ ICP refining tile 80 with 5514 correspondences...
[11:03:21] INFO |   └─ ICP refining tile 81 with 0 correspondences...
11:03:21 | INFO |   └─ ICP refining tile 81 with 0 correspondences...
[11:03:21] INFO |   └─ ICP refining tile 82 with 3191 correspondences...
11:03:21 | INFO |   └─ ICP refining tile 82 with 3191 correspondences...
[11:05:35] INFO |   └─ ICP refining tile 83 with 2762 correspondences...
11:05:35 | INFO |   └─ ICP refining tile 83 with 2762 correspondences...
[11:07:34] INFO |   └─ ICP refining tile 84 with 0 correspondences...
11:07:34 | INFO |   └─ ICP refining tile 84 with 0 correspondences...
[11:07:34] INFO |   └─ ICP refining tile 85 with 0 correspondences...
11:07:34 | INFO |   └─ ICP refining tile 85 with 0 correspondences...
[11:07:34] INFO |   └─ ICP refining tile 86 with 822 correspondences...
11:07:34 | INFO |   └─ ICP refining tile 86 with 822 correspondences...
[11:08:16] INFO |   └─ ICP refining tile 87 with 2068 correspondences...
11:08:16 | INFO |   └─ ICP refining tile 87 with 2068 correspondences...
[11:09:22] INFO |   └─ ICP refining tile 88 with 0 correspondences...
11:09:22 | INFO |   └─ ICP refining tile 88 with 0 correspondences...
[11:09:22] INFO |   └─ ICP refining tile 89 with 0 correspondences...
11:09:22 | INFO |   └─ ICP refining tile 89 with 0 correspondences...
[11:09:22] INFO |   └─ ICP refining tile 90 with 99 correspondences...
11:09:22 | INFO |   └─ ICP refining tile 90 with 99 correspondences...
[11:09:24] INFO |   └─ ICP refining tile 91 with 0 correspondences...
11:09:24 | INFO |   └─ ICP refining tile 91 with 0 correspondences...
[11:09:24] INFO |   └─ ICP refining tile 92 with 170 correspondences...
11:09:24 | INFO |   └─ ICP refining tile 92 with 170 correspondences...
[11:09:29] INFO |   └─ ICP refining tile 93 with 0 correspondences...
11:09:29 | INFO |   └─ ICP refining tile 93 with 0 correspondences...
[11:09:29] INFO |   └─ ICP refining tile 94 with 0 correspondences...
11:09:29 | INFO |   └─ ICP refining tile 94 with 0 correspondences...
[11:09:29] INFO |   └─ ICP refining tile 95 with 0 correspondences...
11:09:29 | INFO |   └─ ICP refining tile 95 with 0 correspondences...
[11:09:29] INFO |   └─ ICP refining tile 96 with 443 correspondences...
11:09:29 | INFO |   └─ ICP refining tile 96 with 443 correspondences...
[11:09:41] INFO |   └─ ICP refining tile 97 with 0 correspondences...
11:09:41 | INFO |   └─ ICP refining tile 97 with 0 correspondences...
[11:09:41] INFO |   └─ ICP refining tile 98 with 0 correspondences...
11:09:41 | INFO |   └─ ICP refining tile 98 with 0 correspondences...
[11:09:41] INFO |   └─ ICP refining tile 99 with 423 correspondences...
11:09:41 | INFO |   └─ ICP refining tile 99 with 423 correspondences...
[11:09:53] INFO |   └─ ICP refining tile 100 with 0 correspondences...
11:09:53 | INFO |   └─ ICP refining tile 100 with 0 correspondences...
[11:09:53] INFO |   └─ ICP refining tile 101 with 0 correspondences...
11:09:53 | INFO |   └─ ICP refining tile 101 with 0 correspondences...
[11:09:53] INFO |   └─ ICP refining tile 102 with 55 correspondences...
11:09:53 | INFO |   └─ ICP refining tile 102 with 55 correspondences...
[11:09:55] INFO |   └─ ICP refining tile 103 with 172 correspondences...
11:09:55 | INFO |   └─ ICP refining tile 103 with 172 correspondences...
[11:10:00] INFO |   └─ ICP refining tile 104 with 0 correspondences...
11:10:00 | INFO |   └─ ICP refining tile 104 with 0 correspondences...
[11:10:00] INFO |   └─ ICP refining tile 105 with 0 correspondences...
11:10:00 | INFO |   └─ ICP refining tile 105 with 0 correspondences...
[11:10:00] INFO |   └─ ICP refining tile 106 with 233 correspondences...
11:10:00 | INFO |   └─ ICP refining tile 106 with 233 correspondences...
[11:10:07] INFO |   └─ ICP refining tile 107 with 0 correspondences...
11:10:07 | INFO |   └─ ICP refining tile 107 with 0 correspondences...
[11:10:07] INFO |   └─ ICP refining tile 108 with 84 correspondences...
11:10:07 | INFO |   └─ ICP refining tile 108 with 84 correspondences...
[11:10:11] INFO |   └─ ICP refining tile 109 with 380 correspondences...
11:10:11 | INFO |   └─ ICP refining tile 109 with 380 correspondences...
[11:10:23] INFO |   └─ ICP refining tile 110 with 1335 correspondences...
11:10:23 | INFO |   └─ ICP refining tile 110 with 1335 correspondences...
[11:10:56] INFO |   └─ ICP refining tile 111 with 0 correspondences...
11:10:56 | INFO |   └─ ICP refining tile 111 with 0 correspondences...
[11:10:56] INFO |   └─ ICP refining tile 112 with 56 correspondences...
11:10:56 | INFO |   └─ ICP refining tile 112 with 56 correspondences...
[11:10:58] INFO |   └─ ICP refining tile 113 with 3757 correspondences...
11:10:58 | INFO |   └─ ICP refining tile 113 with 3757 correspondences...
[11:13:50] INFO |   └─ ICP refining tile 114 with 0 correspondences...
11:13:50 | INFO |   └─ ICP refining tile 114 with 0 correspondences...
[11:13:50] INFO |   └─ ICP refining tile 115 with 69 correspondences...
11:13:50 | INFO |   └─ ICP refining tile 115 with 69 correspondences...
[11:13:53] INFO |   └─ ICP refining tile 116 with 5203 correspondences...
11:13:53 | INFO |   └─ ICP refining tile 116 with 5203 correspondences...
[11:17:56] INFO |   └─ ICP refining tile 117 with 51 correspondences...
11:17:56 | INFO |   └─ ICP refining tile 117 with 51 correspondences...
[11:17:57] INFO |   └─ ICP refining tile 118 with 0 correspondences...
11:17:57 | INFO |   └─ ICP refining tile 118 with 0 correspondences...
[11:17:57] INFO |   └─ ICP refining tile 119 with 3031 correspondences...
11:17:57 | INFO |   └─ ICP refining tile 119 with 3031 correspondences...
[11:20:19] INFO |   └─ ICP refining tile 120 with 6339 correspondences...
11:20:19 | INFO |   └─ ICP refining tile 120 with 6339 correspondences...
[11:24:28] INFO |   └─ ICP refining tile 121 with 0 correspondences...
11:24:28 | INFO |   └─ ICP refining tile 121 with 0 correspondences...
[11:24:28] INFO |   └─ ICP refining tile 122 with 0 correspondences...
11:24:28 | INFO |   └─ ICP refining tile 122 with 0 correspondences...
[11:24:28] INFO |   └─ ICP refining tile 123 with 5736 correspondences...
11:24:28 | INFO |   └─ ICP refining tile 123 with 5736 correspondences...
[11:28:49] INFO |   └─ ICP refining tile 124 with 0 correspondences...
11:28:49 | INFO |   └─ ICP refining tile 124 with 0 correspondences...
[11:28:49] INFO |   └─ ICP refining tile 125 with 92 correspondences...
11:28:49 | INFO |   └─ ICP refining tile 125 with 92 correspondences...
[11:28:52] INFO |   └─ ICP refining tile 126 with 7664 correspondences...
11:28:52 | INFO |   └─ ICP refining tile 126 with 7664 correspondences...
[11:36:01] INFO |   └─ ICP refining tile 127 with 813 correspondences...
11:36:01 | INFO |   └─ ICP refining tile 127 with 813 correspondences...
[11:36:19] INFO |   └─ ICP refining tile 128 with 78 correspondences...
11:36:19 | INFO |   └─ ICP refining tile 128 with 78 correspondences...
[11:36:21] INFO |   └─ ICP refining tile 129 with 2025 correspondences...
11:36:21 | INFO |   └─ ICP refining tile 129 with 2025 correspondences...
[11:38:34] INFO |   └─ ICP refining tile 130 with 5785 correspondences...
11:38:34 | INFO |   └─ ICP refining tile 130 with 5785 correspondences...
[11:41:41] INFO |   └─ ICP refining tile 131 with 0 correspondences...
11:41:41 | INFO |   └─ ICP refining tile 131 with 0 correspondences...
[11:41:41] INFO |   └─ ICP refining tile 132 with 159 correspondences...
11:41:41 | INFO |   └─ ICP refining tile 132 with 159 correspondences...
[11:41:47] INFO |   └─ ICP refining tile 133 with 1687 correspondences...
11:41:47 | INFO |   └─ ICP refining tile 133 with 1687 correspondences...
[11:43:04] INFO |   └─ ICP refining tile 134 with 73 correspondences...
11:43:04 | INFO |   └─ ICP refining tile 134 with 73 correspondences...
[11:43:06] INFO |   └─ ICP refining tile 135 with 90 correspondences...
11:43:06 | INFO |   └─ ICP refining tile 135 with 90 correspondences...
[11:43:08] INFO |   └─ ICP refining tile 136 with 4036 correspondences...
11:43:08 | INFO |   └─ ICP refining tile 136 with 4036 correspondences...
[11:47:08] INFO |   └─ ICP refining tile 137 with 4888 correspondences...
11:47:08 | INFO |   └─ ICP refining tile 137 with 4888 correspondences...
[11:51:12] INFO |   └─ ICP refining tile 138 with 0 correspondences...
11:51:12 | INFO |   └─ ICP refining tile 138 with 0 correspondences...
[11:51:12] INFO |   └─ ICP refining tile 139 with 233 correspondences...
11:51:12 | INFO |   └─ ICP refining tile 139 with 233 correspondences...
[11:51:22] INFO |   └─ ICP refining tile 140 with 8325 correspondences...
11:51:22 | INFO |   └─ ICP refining tile 140 with 8325 correspondences...
[12:00:34] INFO |   └─ ICP refining tile 141 with 0 correspondences...
12:00:34 | INFO |   └─ ICP refining tile 141 with 0 correspondences...
[12:00:34] INFO |   └─ ICP refining tile 142 with 308 correspondences...
12:00:34 | INFO |   └─ ICP refining tile 142 with 308 correspondences...
[12:00:43] INFO |   └─ ICP refining tile 143 with 8684 correspondences...
12:00:43 | INFO |   └─ ICP refining tile 143 with 8684 correspondences...
[12:10:06] INFO |   └─ ICP refining tile 144 with 370 correspondences...
12:10:06 | INFO |   └─ ICP refining tile 144 with 370 correspondences...
[12:10:14] INFO |   └─ ICP refining tile 145 with 0 correspondences...
12:10:14 | INFO |   └─ ICP refining tile 145 with 0 correspondences...
[12:10:14] INFO |   └─ ICP refining tile 146 with 1949 correspondences...
12:10:14 | INFO |   └─ ICP refining tile 146 with 1949 correspondences...
[12:12:43] INFO |   └─ ICP refining tile 147 with 9452 correspondences...
12:12:43 | INFO |   └─ ICP refining tile 147 with 9452 correspondences...
[12:23:53] INFO |   └─ ICP refining tile 148 with 0 correspondences...
12:23:53 | INFO |   └─ ICP refining tile 148 with 0 correspondences...
[12:23:53] INFO |   └─ ICP refining tile 149 with 0 correspondences...
12:23:53 | INFO |   └─ ICP refining tile 149 with 0 correspondences...
[12:23:53] INFO |   └─ ICP refining tile 150 with 9442 correspondences...
12:23:53 | INFO |   └─ ICP refining tile 150 with 9442 correspondences...
[12:34:41] INFO |   └─ ICP refining tile 151 with 0 correspondences...
12:34:41 | INFO |   └─ ICP refining tile 151 with 0 correspondences...
[12:34:41] INFO |   └─ ICP refining tile 152 with 0 correspondences...
12:34:41 | INFO |   └─ ICP refining tile 152 with 0 correspondences...
[12:34:41] INFO |   └─ ICP refining tile 153 with 7942 correspondences...
12:34:41 | INFO |   └─ ICP refining tile 153 with 7942 correspondences...
[12:44:23] INFO |   └─ ICP refining tile 154 with 5491 correspondences...
12:44:23 | INFO |   └─ ICP refining tile 154 with 5491 correspondences...
[12:49:07] INFO |   └─ ICP refining tile 155 with 0 correspondences...
12:49:07 | INFO |   └─ ICP refining tile 155 with 0 correspondences...
[12:49:07] INFO |   └─ ICP refining tile 156 with 0 correspondences...
12:49:07 | INFO |   └─ ICP refining tile 156 with 0 correspondences...
[12:49:07] INFO |   └─ ICP refining tile 157 with 8075 correspondences...
12:49:07 | INFO |   └─ ICP refining tile 157 with 8075 correspondences...
[12:56:49] INFO |   └─ ICP refining tile 158 with 0 correspondences...
12:56:49 | INFO |   └─ ICP refining tile 158 with 0 correspondences...
[12:56:49] INFO |   └─ ICP refining tile 159 with 0 correspondences...
12:56:49 | INFO |   └─ ICP refining tile 159 with 0 correspondences...
[12:56:49] INFO |   └─ ICP refining tile 160 with 3670 correspondences...
12:56:49 | INFO |   └─ ICP refining tile 160 with 3670 correspondences...
[13:01:34] INFO |   └─ ICP refining tile 161 with 498 correspondences...
13:01:34 | INFO |   └─ ICP refining tile 161 with 498 correspondences...
[13:02:07] INFO |   └─ ICP refining tile 162 with 0 correspondences...
13:02:07 | INFO |   └─ ICP refining tile 162 with 0 correspondences...
[13:02:07] INFO |   └─ ICP refining tile 163 with 203 correspondences...
13:02:07 | INFO |   └─ ICP refining tile 163 with 203 correspondences...
[13:02:22] INFO |   └─ ICP refining tile 164 with 3977 correspondences...
13:02:22 | INFO |   └─ ICP refining tile 164 with 3977 correspondences...
[13:07:54] INFO |   └─ ICP refining tile 165 with 0 correspondences...
13:07:54 | INFO |   └─ ICP refining tile 165 with 0 correspondences...
[13:07:54] INFO |   └─ ICP refining tile 166 with 0 correspondences...
13:07:54 | INFO |   └─ ICP refining tile 166 with 0 correspondences...
[13:07:54] INFO |   └─ ICP refining tile 167 with 1305 correspondences...
13:07:54 | INFO |   └─ ICP refining tile 167 with 1305 correspondences...
[13:09:46] INFO | [7/7] Building output
13:09:46 | INFO | [7/7] Building output
[13:09:46] INFO |   └─ Loading trajectory from SBET: /media/b085164/Elements/CALIB_26_02_25/ODyN_calib/base_v0/out/ODyN_GNSS_INS.out...
13:09:46 | INFO |   └─ Loading trajectory from SBET: /media/b085164/Elements/CALIB_26_02_25/ODyN_calib/base_v0/out/ODyN_GNSS_INS.out...
[13:09:46] INFO |       └─ Loaded 39900 trajectory points.
13:09:46 | INFO |       └─ Loaded 39900 trajectory points.
[13:09:46] INFO |       └─ Time span: 304790.004265 to 306784.9542645355 s.
13:09:46 | INFO |       └─ Time span: 304790.004265 to 306784.9542645355 s.
[13:09:47] INFO |   └─ Using input laser vectors for correspondences...
13:09:47 | INFO |   └─ Using input laser vectors for correspondences...
[13:09:47] INFO |   └─ Correcting laser vectors B with ICP results...
13:09:47 | INFO |   └─ Correcting laser vectors B with ICP results...
[13:09:49] INFO |   └─ Saving to /media/b085164/Elements/CALIB_26_02_25/georef_ALL_traj_outage_1/Patcher/limatch_25m/Flights_3_4/cor_outputs/
13:09:49 | INFO |   └─ Saving to /media/b085164/Elements/CALIB_26_02_25/georef_ALL_traj_outage_1/Patcher/limatch_25m/Flights_3_4/cor_outputs/
[13:10:14] INFO | [Pipeline summary]
13:10:14 | INFO | [Pipeline summary]
[13:10:14] INFO |       Model setup: 0.37s
13:10:14 | INFO |       Model setup: 0.37s
[13:10:14] INFO |     Preprocessing: 2028.09s
13:10:14 | INFO |     Preprocessing: 2028.09s
[13:10:14] INFO |         Detection: 151.51s
13:10:14 | INFO |         Detection: 151.51s
[13:10:14] INFO |       Description: 487.57s
13:10:14 | INFO |       Description: 487.57s
[13:10:14] INFO |          Matching: 214.01s
13:10:14 | INFO |          Matching: 214.01s
[13:10:14] INFO |            RANSAC: 1.83s
13:10:14 | INFO |            RANSAC: 1.83s
[13:10:14] INFO |               ICP: 13941.43s
13:10:14 | INFO |               ICP: 13941.43s
[13:10:14] INFO |             Total: 16853.09s
13:10:14 | INFO |             Total: 16853.09s
[13:10:14] INFO | [Metrics]
13:10:14 | INFO | [Metrics]
[13:10:14] INFO |          Points A: 54790682
13:10:14 | INFO |          Points A: 54790682
[13:10:14] INFO |          Points B: 62033375
13:10:14 | INFO |          Points B: 62033375
[13:10:14] INFO |        Tiles num.: 167
13:10:14 | INFO |        Tiles num.: 167
[13:10:14] INFO |       Keypoints A: 866041
13:10:14 | INFO |       Keypoints A: 866041
[13:10:14] INFO |       Keypoints B: 999362
13:10:14 | INFO |       Keypoints B: 999362
[13:10:14] INFO |       Raw matches: 316219
13:10:14 | INFO |       Raw matches: 316219
[13:10:14] INFO |    RANSAC matches: 253690
13:10:14 | INFO |    RANSAC matches: 253690
[13:10:14] INFO | Peak RAM: 22.55 GB
13:10:14 | INFO | Peak RAM: 22.55 GB
[13:10:14] INFO | LiMatch pipeline completed.
13:10:14 | INFO | LiMatch pipeline completed.

======================================
[pipeline] Starting pipeline
[pipeline] mode:            patcher
[pipeline] scenario:        georef_ALL_traj_outage_1
[pipeline] root_out_dir:    /media/b085164/Elements/CALIB_26_02_25
[pipeline] limatch_cfg:     /home/b085164/PDM_Romain_Defferrard/ESO-PDM/Patcher/submodules/limatch/configs/MLS.yml
[pipeline] patcher_cfg:     Patcher/config/MLS_Epalinges_config.yml
======================================


======================================
[pipeline] Resolved inputs
[pipeline] merged_out:      /media/b085164/Elements/CALIB_26_02_25/georef_ALL_traj_ODyN/merged
[pipeline] georef ref cfg:  /media/b085164/Elements/CALIB_26_02_25/georef_ALL_traj_outage_1/tmp/generated_configs/georef_HA.generated.yml
======================================


======================================
[limatch] Running LiMatch on Patcher outputs
[limatch] patcher_out_root: /media/b085164/Elements/CALIB_26_02_25/georef_ALL_traj_outage_1/Patcher/cropped/pairs_2
[limatch] out_root:         /media/b085164/Elements/CALIB_26_02_25/georef_ALL_traj_outage_1/Patcher/limatch_25m
[limatch] total pairs:      1
======================================

[limatch] pair=Flights_3_4 | cloud1=Patch_from_scan_3_with_4.las | cloud2=Patch_from_scan_4_with_3.las
[limatch-api] prj_folder=/media/b085164/Elements/CALIB_26_02_25/georef_ALL_traj_outage_1/Patcher/limatch_25m/Flights_3_4/

======================================
[merge_correspondences] Merging LiMatch correspondences
[merge_correspondences] workflow_type: patcher
[merge_correspondences] limatch_root:  /media/b085164/Elements/CALIB_26_02_25/georef_ALL_traj_outage_1/Patcher/limatch_25m
[merge_correspondences] pattern:      LiDAR_p2p_Patch*
[merge_correspondences] n files:      2
[merge_correspondences] output_file:  /media/b085164/Elements/CALIB_26_02_25/georef_ALL_traj_outage_1/Patcher/limatch_25m/LiDAR_p2p.txt
======================================

[merge_correspondences] Done: /media/b085164/Elements/CALIB_26_02_25/georef_ALL_traj_outage_1/Patcher/limatch_25m/LiDAR_p2p.txt
