17:36:58 | INFO | 
17:36:58 | INFO | ============================================================
17:36:58 | INFO |                  PIPELINE CONFIGURATION
17:36:58 | INFO | ============================================================
17:36:58 | INFO | Mode: chunk
17:36:58 | INFO | Scenario name: georef_ALL_traj_outage_1
17:36:58 | INFO | 
17:36:58 | INFO | Trajectory:
17:36:58 | INFO |    Path: /media/b085164/Elements/CALIB_26_02_25/ODyN_calib/Outage_1_305120_305700/traj_outage/outage_1.out
17:36:58 | INFO |    Type: SBET
17:36:58 | INFO | 
17:36:58 | INFO | Distance filtering:
17:36:58 | INFO |    enable: True
17:36:58 | INFO |    max_distance_m: 30
17:36:58 | INFO |    map_epsg: EPSG:2056
17:36:58 | INFO |    filter_trj: None
17:36:58 | INFO | 
17:36:58 | INFO | Scanners:
17:36:58 | INFO |    ha_cfg: navtools_PDM/PDM_configs/scanner_HA.yml  (scanner_name=HA)
17:36:58 | INFO |    lr_cfg: navtools_PDM/PDM_configs/scanner_LR.yml  (scanner_name=LR)
17:36:58 | INFO |    puck_cfg: navtools_PDM/PDM_configs/scanner_PUCK.yml  (scanner_name=PUCK)
17:36:58 | INFO | 
17:36:58 | INFO | Paths:
17:36:58 | INFO |    root_out_dir: /media/b085164/Elements/CALIB_26_02_25
17:36:58 | INFO |    patcher_cfg: Patcher/config/MLS_Epalinges_config.yml
17:36:58 | INFO |    limatch_cfg: Patcher/submodules/limatch/configs/MLS_F2B_1.yml
17:36:58 | INFO |    gps_input: /media/b085164/Elements/CALIB_26_02_25/ODyN_calib/base_v0/in/GPS.txt
17:36:58 | INFO | 
17:36:58 | INFO | Steps:
17:36:58 | INFO |    georef: False
17:36:58 | INFO |    merge: False
17:36:58 | INFO |    vux_puck_merge: False
17:36:58 | INFO |    chunk: True
17:36:58 | INFO |    limatch: True
17:36:58 | INFO |    gps_outage_file: False
17:36:58 | INFO | 
17:36:58 | INFO | Merge:
17:36:58 | INFO |    out_prefix: merged_
17:36:58 | INFO |    out_suffix: _HA_LR
17:36:58 | INFO | 
17:36:58 | INFO | VUX+PUCK merge:
17:36:58 | INFO |    enabled: True
17:36:58 | INFO |    name: ALL
17:36:58 | INFO |    vux_group: HA_LR
17:36:58 | INFO |    puck_scanner: puck_cfg
17:36:58 | INFO |    vux_input_dir: None
17:36:58 | INFO |    output_dir: None
17:36:58 | INFO |    manifest_path: None
17:36:58 | INFO |    output_suffix: _VUX_PUCK
17:36:58 | INFO |    scanner_src_vux: 2
17:36:58 | INFO |    scanner_src_puck: 1
17:36:58 | INFO |    chunk_size: 10000000
17:36:58 | INFO | 
17:36:58 | INFO | Chunk:
17:36:58 | INFO |    source: existing
17:36:58 | INFO |    existing_root: /media/b085164/Elements/CALIB_26_02_25/georef_ALL_traj_outage_1/scenario_combined/chunks_15m
17:36:58 | INFO |    merged_input_root: None
17:36:58 | INFO |    merged_group: None
17:36:58 | INFO |    reference_scanner: HA
17:36:58 | INFO |    output_root: None
17:36:58 | INFO |    length_m: 15.0
17:36:58 | INFO |    min_last_chunk_m: 10.0
17:36:58 | INFO |    min_points: 2000
17:36:58 | INFO |    epsg_out: EPSG:2056
17:36:58 | INFO |    delimiter: ,
17:36:58 | INFO |    skiprows: 0
17:36:58 | INFO |    cloud_fmt: las
17:36:58 | INFO |    time_field: gps_time
17:36:58 | INFO |    manifest_name: merged_manifest.csv
17:36:58 | INFO |    use_manifest: True
17:36:58 | INFO | 
17:36:58 | INFO | Chunk variant:
17:36:58 | INFO |    type: outage_window
17:36:58 | INFO |    outage_window.enabled: True
17:36:58 | INFO |    outage_window.output_root: None
17:36:58 | INFO |    outage_window.outages: [[305120.0, 580.0]]
17:36:58 | INFO |    outage_window.pre_s: 10.0
17:36:58 | INFO |    outage_window.post_s: 10.0
17:36:58 | INFO | 
17:36:58 | INFO | LiMatch:
17:36:58 | INFO |    run: True
17:36:58 | INFO |    output_root: /media/b085164/Elements/CALIB_26_02_25/georef_ALL_traj_outage_1/limatch_F2B_v2
17:36:58 | INFO |    neighbor_k: 1
17:36:58 | INFO |    do_cross_scan: True
17:36:58 | INFO |    do_spatial_crossings: True
17:36:58 | INFO |    crossings_output_root: None
17:36:58 | INFO |    crossing_min_separation: 30
17:36:58 | INFO |    crossing_overlap_margin_m: 1.2
17:36:58 | INFO | 
17:36:58 | INFO | Merge correspondences:
17:36:58 | INFO |    enabled: True
17:36:58 | INFO |    output_file: None
17:36:58 | INFO | 
17:36:58 | INFO | Patcher:
17:36:58 | INFO |    run: False
17:36:58 | INFO |    source: existing
17:36:58 | INFO |    output_root: None
17:36:58 | INFO |    gps_outage_file:
17:36:58 | INFO |       enabled: False
17:36:58 | INFO |       output_root: None
17:36:58 | INFO |       outages: []
17:36:58 | INFO | ============================================================
17:36:58 | INFO | 
17:36:58 | INFO | [pipeline] Generating temporary georef configs...
17:36:58 | INFO |    scanner=HA | source=navtools_PDM/PDM_configs/scanner_HA.yml | generated=/media/b085164/Elements/CALIB_26_02_25/georef_ALL_traj_outage_1/tmp/generated_configs/georef_HA.generated.yml
17:36:58 | INFO |    scanner=LR | source=navtools_PDM/PDM_configs/scanner_LR.yml | generated=/media/b085164/Elements/CALIB_26_02_25/georef_ALL_traj_outage_1/tmp/generated_configs/georef_LR.generated.yml
17:36:58 | INFO |    scanner=PUCK | source=navtools_PDM/PDM_configs/scanner_PUCK.yml | generated=/media/b085164/Elements/CALIB_26_02_25/georef_ALL_traj_outage_1/tmp/generated_configs/georef_PUCK.generated.yml
17:36:58 | INFO | [pipeline] Temporary config generation done.
17:37:00 | INFO | Loading faiss with AVX2 support.
17:37:00 | INFO | Successfully loaded faiss with AVX2 support.
[17:37:00] INFO | Starting LiMatch pipeline...
17:37:00 | INFO | Starting LiMatch pipeline...
[17:37:00] INFO |   └─ Will save data at: /media/b085164/Elements/CALIB_26_02_25/georef_ALL_traj_outage_1/limatch_F2B_v2/merged_3000_VUX_PUCK/chunk_3000__chunk_3001/
17:37:00 | INFO |   └─ Will save data at: /media/b085164/Elements/CALIB_26_02_25/georef_ALL_traj_outage_1/limatch_F2B_v2/merged_3000_VUX_PUCK/chunk_3000__chunk_3001/
[17:37:00] INFO | Visualization set to False
17:37:00 | INFO | Visualization set to False
[17:37:00] INFO | [0/7] Model setup
17:37:00 | INFO | [0/7] Model setup
[17:37:00] INFO |   └─ Using CUDA for descriptor inference.
17:37:00 | INFO |   └─ Using CUDA for descriptor inference.
[17:37:00] INFO |   └─ Loading from: /home/b085164/PDM_Romain_Defferrard/ESO-PDM/Patcher/submodules/limatch/weights/model.pth
17:37:00 | INFO |   └─ Loading from: /home/b085164/PDM_Romain_Defferrard/ESO-PDM/Patcher/submodules/limatch/weights/model.pth
[17:37:00] INFO |   └─ Loaded nested checkpoint with key 'model'.
17:37:00 | INFO |   └─ Loaded nested checkpoint with key 'model'.
[17:37:00] INFO |   └─ Descriptor model successfully loaded and set to eval() mode.
17:37:00 | INFO |   └─ Descriptor model successfully loaded and set to eval() mode.
[17:37:00] INFO | [1/7] Preprocessing
17:37:00 | INFO | [1/7] Preprocessing
[17:37:00] INFO |   └─ Loading point clouds...
17:37:00 | INFO |   └─ Loading point clouds...
[17:37:02] INFO |   └─ Loaded laser vectors from LAS extra bytes: /media/b085164/Elements/CALIB_26_02_25/georef_ALL_traj_outage_1/scenario_combined/chunks_15m/merged_3000_VUX_PUCK/chunk_3000.las
17:37:02 | INFO |   └─ Loaded laser vectors from LAS extra bytes: /media/b085164/Elements/CALIB_26_02_25/georef_ALL_traj_outage_1/scenario_combined/chunks_15m/merged_3000_VUX_PUCK/chunk_3000.las
[17:37:04] INFO |   └─ Loaded laser vectors from LAS extra bytes: /media/b085164/Elements/CALIB_26_02_25/georef_ALL_traj_outage_1/scenario_combined/chunks_15m/merged_3000_VUX_PUCK/chunk_3001.las
17:37:04 | INFO |   └─ Loaded laser vectors from LAS extra bytes: /media/b085164/Elements/CALIB_26_02_25/georef_ALL_traj_outage_1/scenario_combined/chunks_15m/merged_3000_VUX_PUCK/chunk_3001.las
[17:37:04] INFO |   └─ Tiling with size 500x500...
17:37:04 | INFO |   └─ Tiling with size 500x500...
[17:37:05] INFO |   └─ Shifting point clouds toward origin...
17:37:05 | INFO |   └─ Shifting point clouds toward origin...
[17:37:05] INFO |       └─ [2546294.   1158629.54     874.28] m...
17:37:05 | INFO |       └─ [2546294.   1158629.54     874.28] m...
[17:37:05] INFO |       └─ (Coordinates shifted back at export)
17:37:05 | INFO |       └─ (Coordinates shifted back at export)
[17:37:05] INFO |   └─ Generated 1 valid tiles.
17:37:05 | INFO |   └─ Generated 1 valid tiles.
[17:37:05] INFO |   └─ Applying voxelization with size 0.025 m...
17:37:05 | INFO |   └─ Applying voxelization with size 0.025 m...
[17:37:06] INFO |       └─ voxelized from 2062998 to 913510 pts (44.28%)
17:37:06 | INFO |       └─ voxelized from 2062998 to 913510 pts (44.28%)
[17:37:07] INFO |       └─ voxelized from 1649912 to 767023 pts (46.49%)
17:37:07 | INFO |       └─ voxelized from 1649912 to 767023 pts (46.49%)
[17:37:07] INFO | [2/7] Keypoint detection
17:37:07 | INFO | [2/7] Keypoint detection
[17:37:09] INFO |   └─ Downsampling keypoints to max 20000 points...
17:37:09 | INFO |   └─ Downsampling keypoints to max 20000 points...
[17:37:09] INFO |   └─ Pre-downsample keypoints number: 13822
17:37:09 | INFO |   └─ Pre-downsample keypoints number: 13822
[17:37:09] INFO |   └─ Filtering keypoints to 20000 per tile...
17:37:09 | INFO |   └─ Filtering keypoints to 20000 per tile...
[17:37:09] INFO |   └─ Pre-downsample keypoints number: 11863
17:37:09 | INFO |   └─ Pre-downsample keypoints number: 11863
[17:37:09] INFO |   └─ Filtering keypoints to 20000 per tile...
17:37:09 | INFO |   └─ Filtering keypoints to 20000 per tile...
[17:37:09] INFO |   └─ Deleting kpts without candidate in radius 2*1.5m...
17:37:09 | INFO |   └─ Deleting kpts without candidate in radius 2*1.5m...
[17:37:09] INFO |       └─ 9898 keypoints kept (71.61%) 
17:37:09 | INFO |       └─ 9898 keypoints kept (71.61%) 
[17:37:09] INFO |       └─ 8618 keypoints kept (72.65%) 
17:37:09 | INFO |       └─ 8618 keypoints kept (72.65%) 
[17:37:09] INFO | [3/7] Description
17:37:09 | INFO | [3/7] Description
[17:37:09] INFO |   └─ Computing descriptors for Tile A...
17:37:09 | INFO |   └─ Computing descriptors for Tile A...
[17:37:09] INFO |       └─ batch 1/1...
17:37:09 | INFO |       └─ batch 1/1...
[17:37:12] INFO |   └─ Computing descriptors for Tile B...
17:37:12 | INFO |   └─ Computing descriptors for Tile B...
[17:37:12] INFO |       └─ batch 1/1...
17:37:12 | INFO |       └─ batch 1/1...
[17:37:14] INFO | [4/7] Matching
17:37:14 | INFO | [4/7] Matching
[17:37:15] INFO |   └─ Applying reciprocity test...
17:37:15 | INFO |   └─ Applying reciprocity test...
[17:37:15] INFO |   └─ Keeping 25.64% reciprocal matches
17:37:15 | INFO |   └─ Keeping 25.64% reciprocal matches
[17:37:15] INFO | [5/7] RANSAC filtering
17:37:15 | INFO | [5/7] RANSAC filtering
[17:37:15] INFO |   └─ Tile 1: keeping 61.58%
17:37:15 | INFO |   └─ Tile 1: keeping 61.58%
[17:37:15] INFO | [6/7] ICP refinement
17:37:15 | INFO | [6/7] ICP refinement
[17:37:15] INFO |   └─ ICP refining tile 1 with 1563 correspondences...
17:37:15 | INFO |   └─ ICP refining tile 1 with 1563 correspondences...
[17:38:39] INFO | [7/7] Building output
17:38:39 | INFO | [7/7] Building output
[17:38:39] INFO |   └─ Loading trajectory from SBET: /media/b085164/Elements/CALIB_26_02_25/ODyN_calib/Outage_1_305120_305700/traj_outage/outage_1.out...
17:38:39 | INFO |   └─ Loading trajectory from SBET: /media/b085164/Elements/CALIB_26_02_25/ODyN_calib/Outage_1_305120_305700/traj_outage/outage_1.out...
[17:38:39] INFO |       └─ Loaded 39900 trajectory points.
17:38:39 | INFO |       └─ Loaded 39900 trajectory points.
[17:38:39] INFO |       └─ Time span: 304790.004265 to 306784.9542645355 s.
17:38:39 | INFO |       └─ Time span: 304790.004265 to 306784.9542645355 s.
[17:38:40] INFO |   └─ Using input laser vectors for correspondences...
17:38:40 | INFO |   └─ Using input laser vectors for correspondences...
[17:38:40] INFO |   └─ Correcting laser vectors B with ICP results...
17:38:40 | INFO |   └─ Correcting laser vectors B with ICP results...
[17:38:40] INFO |   └─ Saving to /media/b085164/Elements/CALIB_26_02_25/georef_ALL_traj_outage_1/limatch_F2B_v2/merged_3000_VUX_PUCK/chunk_3000__chunk_3001/cor_outputs/
17:38:40 | INFO |   └─ Saving to /media/b085164/Elements/CALIB_26_02_25/georef_ALL_traj_outage_1/limatch_F2B_v2/merged_3000_VUX_PUCK/chunk_3000__chunk_3001/cor_outputs/
[17:38:41] INFO | [Pipeline summary]
17:38:41 | INFO | [Pipeline summary]
[17:38:41] INFO |       Model setup: 0.16s
17:38:41 | INFO |       Model setup: 0.16s
[17:38:41] INFO |     Preprocessing: 7.33s
17:38:41 | INFO |     Preprocessing: 7.33s
[17:38:41] INFO |         Detection: 1.63s
17:38:41 | INFO |         Detection: 1.63s
[17:38:41] INFO |       Description: 5.09s
17:38:41 | INFO |       Description: 5.09s
[17:38:41] INFO |          Matching: 0.81s
17:38:41 | INFO |          Matching: 0.81s
[17:38:41] INFO |            RANSAC: 0.04s
17:38:41 | INFO |            RANSAC: 0.04s
[17:38:41] INFO |               ICP: 84.28s
17:38:41 | INFO |               ICP: 84.28s
[17:38:41] INFO |             Total: 101.29s
17:38:41 | INFO |             Total: 101.29s
[17:38:41] INFO | [Metrics]
17:38:41 | INFO | [Metrics]
[17:38:41] INFO |          Points A: 908250
17:38:41 | INFO |          Points A: 908250
[17:38:41] INFO |          Points B: 762175
17:38:41 | INFO |          Points B: 762175
[17:38:41] INFO |        Tiles num.: 1
17:38:41 | INFO |        Tiles num.: 1
[17:38:41] INFO |       Keypoints A: 9898
17:38:41 | INFO |       Keypoints A: 9898
[17:38:41] INFO |       Keypoints B: 8618
17:38:41 | INFO |       Keypoints B: 8618
[17:38:41] INFO |       Raw matches: 2538
17:38:41 | INFO |       Raw matches: 2538
[17:38:41] INFO |    RANSAC matches: 1563
17:38:41 | INFO |    RANSAC matches: 1563
[17:38:41] INFO | Peak RAM: 1.78 GB
17:38:41 | INFO | Peak RAM: 1.78 GB
[17:38:41] INFO | LiMatch pipeline completed.
17:38:41 | INFO | LiMatch pipeline completed.
[17:38:41] INFO | Starting LiMatch pipeline...
17:38:41 | INFO | Starting LiMatch pipeline...
[17:38:41] INFO |   └─ Will save data at: /media/b085164/Elements/CALIB_26_02_25/georef_ALL_traj_outage_1/limatch_F2B_v2/merged_3000_VUX_PUCK/chunk_3001__chunk_3002/
17:38:41 | INFO |   └─ Will save data at: /media/b085164/Elements/CALIB_26_02_25/georef_ALL_traj_outage_1/limatch_F2B_v2/merged_3000_VUX_PUCK/chunk_3001__chunk_3002/
[17:38:41] INFO | Visualization set to False
17:38:41 | INFO | Visualization set to False
[17:38:41] INFO | [0/7] Model setup
17:38:41 | INFO | [0/7] Model setup
[17:38:41] INFO |   └─ Using CUDA for descriptor inference.
17:38:41 | INFO |   └─ Using CUDA for descriptor inference.
[17:38:41] INFO |   └─ Loading from: /home/b085164/PDM_Romain_Defferrard/ESO-PDM/Patcher/submodules/limatch/weights/model.pth
17:38:41 | INFO |   └─ Loading from: /home/b085164/PDM_Romain_Defferrard/ESO-PDM/Patcher/submodules/limatch/weights/model.pth
[17:38:41] INFO |   └─ Loaded nested checkpoint with key 'model'.
17:38:41 | INFO |   └─ Loaded nested checkpoint with key 'model'.
[17:38:41] INFO |   └─ Descriptor model successfully loaded and set to eval() mode.
17:38:41 | INFO |   └─ Descriptor model successfully loaded and set to eval() mode.
[17:38:41] INFO | [1/7] Preprocessing
17:38:41 | INFO | [1/7] Preprocessing
[17:38:41] INFO |   └─ Loading point clouds...
17:38:41 | INFO |   └─ Loading point clouds...
[17:38:41] INFO |   └─ Loaded laser vectors from LAS extra bytes: /media/b085164/Elements/CALIB_26_02_25/georef_ALL_traj_outage_1/scenario_combined/chunks_15m/merged_3000_VUX_PUCK/chunk_3001.las
17:38:41 | INFO |   └─ Loaded laser vectors from LAS extra bytes: /media/b085164/Elements/CALIB_26_02_25/georef_ALL_traj_outage_1/scenario_combined/chunks_15m/merged_3000_VUX_PUCK/chunk_3001.las
[17:38:43] INFO |   └─ Loaded laser vectors from LAS extra bytes: /media/b085164/Elements/CALIB_26_02_25/georef_ALL_traj_outage_1/scenario_combined/chunks_15m/merged_3000_VUX_PUCK/chunk_3002.las
17:38:43 | INFO |   └─ Loaded laser vectors from LAS extra bytes: /media/b085164/Elements/CALIB_26_02_25/georef_ALL_traj_outage_1/scenario_combined/chunks_15m/merged_3000_VUX_PUCK/chunk_3002.las
[17:38:43] INFO |   └─ Tiling with size 500x500...
17:38:43 | INFO |   └─ Tiling with size 500x500...
[17:38:44] INFO |   └─ Shifting point clouds toward origin...
17:38:44 | INFO |   └─ Shifting point clouds toward origin...
[17:38:44] INFO |       └─ [2546283.94 1158618.61     875.09] m...
17:38:44 | INFO |       └─ [2546283.94 1158618.61     875.09] m...
[17:38:44] INFO |       └─ (Coordinates shifted back at export)
17:38:44 | INFO |       └─ (Coordinates shifted back at export)
[17:38:44] INFO |   └─ Generated 1 valid tiles.
17:38:44 | INFO |   └─ Generated 1 valid tiles.
[17:38:44] INFO |   └─ Applying voxelization with size 0.025 m...
17:38:44 | INFO |   └─ Applying voxelization with size 0.025 m...
[17:38:45] INFO |       └─ voxelized from 1659969 to 777135 pts (46.82%)
17:38:45 | INFO |       └─ voxelized from 1659969 to 777135 pts (46.82%)
[17:38:46] INFO |       └─ voxelized from 1399429 to 676591 pts (48.35%)
17:38:46 | INFO |       └─ voxelized from 1399429 to 676591 pts (48.35%)
[17:38:46] INFO | [2/7] Keypoint detection
17:38:46 | INFO | [2/7] Keypoint detection
[17:38:48] INFO |   └─ Downsampling keypoints to max 20000 points...
17:38:48 | INFO |   └─ Downsampling keypoints to max 20000 points...
[17:38:48] INFO |   └─ Pre-downsample keypoints number: 11939
17:38:48 | INFO |   └─ Pre-downsample keypoints number: 11939
[17:38:48] INFO |   └─ Filtering keypoints to 20000 per tile...
17:38:48 | INFO |   └─ Filtering keypoints to 20000 per tile...
[17:38:48] INFO |   └─ Pre-downsample keypoints number: 11014
17:38:48 | INFO |   └─ Pre-downsample keypoints number: 11014
[17:38:48] INFO |   └─ Filtering keypoints to 20000 per tile...
17:38:48 | INFO |   └─ Filtering keypoints to 20000 per tile...
[17:38:48] INFO |   └─ Deleting kpts without candidate in radius 2*1.5m...
17:38:48 | INFO |   └─ Deleting kpts without candidate in radius 2*1.5m...
[17:38:48] INFO |       └─ 8511 keypoints kept (71.29%) 
17:38:48 | INFO |       └─ 8511 keypoints kept (71.29%) 
[17:38:48] INFO |       └─ 7517 keypoints kept (68.25%) 
17:38:48 | INFO |       └─ 7517 keypoints kept (68.25%) 
[17:38:48] INFO | [3/7] Description
17:38:48 | INFO | [3/7] Description
[17:38:48] INFO |   └─ Computing descriptors for Tile A...
17:38:48 | INFO |   └─ Computing descriptors for Tile A...
[17:38:48] INFO |       └─ batch 1/1...
17:38:48 | INFO |       └─ batch 1/1...
[17:38:50] INFO |   └─ Computing descriptors for Tile B...
17:38:50 | INFO |   └─ Computing descriptors for Tile B...
[17:38:50] INFO |       └─ batch 1/1...
17:38:50 | INFO |       └─ batch 1/1...
[17:38:52] INFO | [4/7] Matching
17:38:52 | INFO | [4/7] Matching
[17:38:53] INFO |   └─ Applying reciprocity test...
17:38:53 | INFO |   └─ Applying reciprocity test...
[17:38:53] INFO |   └─ Keeping 26.78% reciprocal matches
17:38:53 | INFO |   └─ Keeping 26.78% reciprocal matches
[17:38:53] INFO | [5/7] RANSAC filtering
17:38:53 | INFO | [5/7] RANSAC filtering
[17:38:53] INFO |   └─ Tile 1: keeping 62.44%
17:38:53 | INFO |   └─ Tile 1: keeping 62.44%
[17:38:53] INFO | [6/7] ICP refinement
17:38:53 | INFO | [6/7] ICP refinement
[17:38:53] INFO |   └─ ICP refining tile 1 with 1423 correspondences...
17:38:53 | INFO |   └─ ICP refining tile 1 with 1423 correspondences...
